#
# There is insufficient memory for the Java Runtime Environment to continue.
# Native memory allocation (malloc) failed to allocate 65552 bytes for Chunk::new
# Possible reasons:
#   The system is out of physical RAM or swap space
#   The process is running with CompressedOops enabled, and the Java Heap may be blocking the growth of the native heap
# Possible solutions:
#   Reduce memory load on the system
#   Increase physical memory or swap space
#   Check if swap backing store is full
#   Decrease Java heap size (-Xmx/-Xms)
#   Decrease number of Java threads
#   Decrease Java thread stack sizes (-Xss)
#   Set larger code cache with -XX:ReservedCodeCacheSize=
#   JVM is running with Unscaled Compressed Oops mode in which the Java heap is
#     placed in the first 4GB address space. The Java Heap base address is the
#     maximum limit for the native heap growth. Please use -XX:HeapBaseMinAddress
#     to set the Java Heap base and to place the Java Heap above 4GB virtual address.
# This output file may be truncated or incomplete.
#
#  Out of Memory Error (./src/hotspot/share/memory/arena.cpp:197), pid=6948, tid=9424
#
# JRE version: OpenJDK Runtime Environment Zulu11.50+19-CA (11.0.12+7) (build 11.0.12+7-LTS)
# Java VM: OpenJDK 64-Bit Server VM Zulu11.50+19-CA (11.0.12+7-LTS, mixed mode, tiered, compressed oops, g1 gc, windows-amd64)
# No core dump will be written. Minidumps are not enabled by default on client versions of Windows
#

---------------  S U M M A R Y ------------

Command Line: --add-opens=java.base/java.util=ALL-UNNAMED --add-opens=java.base/java.lang=ALL-UNNAMED --add-opens=java.base/java.lang.invoke=ALL-UNNAMED --add-opens=java.prefs/java.util.prefs=ALL-UNNAMED -Xmx2048m -Dfile.encoding=UTF-8 -Duser.country=ID -Duser.language=en -Duser.variant org.gradle.launcher.daemon.bootstrap.GradleDaemon 6.7.1

Host: Intel(R) Core(TM) i7-8565U CPU @ 1.80GHz, 8 cores, 7G,  Windows 10 , 64 bit Build 22000 (10.0.22000.434)
Time: Fri Apr 15 01:22:47 2022 Malay Peninsula Standard Time elapsed time: 27.294503 seconds (0d 0h 0m 27s)

---------------  T H R E A D  ---------------

Current thread (0x0000018f7f955000):  JavaThread "C2 CompilerThread0" daemon [_thread_in_native, id=9424, stack(0x0000007ef0900000,0x0000007ef0a00000)]


Current CompileTask:
C2:  27294 6006       4       jdk.internal.loader.URLClassPath$JarLoader$2::getCodeSigners (8 bytes)

Stack: [0x0000007ef0900000,0x0000007ef0a00000]
Native frames: (J=compiled Java code, j=interpreted, Vv=VM code, C=native code)
V  [jvm.dll+0x6083fa]
V  [jvm.dll+0x79200e]
V  [jvm.dll+0x7936df]
V  [jvm.dll+0x793da3]
V  [jvm.dll+0x24f6a8]
V  [jvm.dll+0xc219c]
V  [jvm.dll+0xc275c]
V  [jvm.dll+0xc22ab]
V  [jvm.dll+0x5e62af]
V  [jvm.dll+0x5089ee]
V  [jvm.dll+0x507e83]
V  [jvm.dll+0x507e33]
V  [jvm.dll+0x50aa60]
V  [jvm.dll+0x50a2e5]
V  [jvm.dll+0x509acf]
V  [jvm.dll+0x509ae3]
V  [jvm.dll+0x509ae3]
V  [jvm.dll+0x509a96]
V  [jvm.dll+0x519870]
V  [jvm.dll+0x206c37]
V  [jvm.dll+0x20417a]
V  [jvm.dll+0x18991c]
V  [jvm.dll+0x213907]
V  [jvm.dll+0x211acb]
V  [jvm.dll+0x755ee9]
V  [jvm.dll+0x74ef44]
V  [jvm.dll+0x607296]
C  [ucrtbase.dll+0x26c0c]
C  [KERNEL32.DLL+0x154e0]
C  [ntdll.dll+0x485b]


---------------  P R O C E S S  ---------------

Threads class SMR info:
_java_thread_list=0x0000018f1a589870, length=158, elements={
0x0000018f77edc800, 0x0000018f7f935800, 0x0000018f7f93e800, 0x0000018f7fae2800,
0x0000018f7f94f000, 0x0000018f7f950000, 0x0000018f7f955000, 0x0000018f7f961800,
0x0000018f7f96d800, 0x0000018f7fc5c000, 0x0000018f1935f800, 0x0000018f18f1e800,
0x0000018f18283000, 0x0000018f188ab800, 0x0000018f188ad000, 0x0000018f18c22800,
0x0000018f18c27000, 0x0000018f188df000, 0x0000018f188e0000, 0x0000018f18a20800,
0x0000018f18a1d000, 0x0000018f18a1e800, 0x0000018f18a1c800, 0x0000018f18a1f800,
0x0000018f18a1e000, 0x0000018f18a21000, 0x0000018f18a22000, 0x0000018f18a23000,
0x0000018f1ac40000, 0x0000018f1ac41000, 0x0000018f1ac43000, 0x0000018f1ac3d800,
0x0000018f1ac42800, 0x0000018f1ac44000, 0x0000018f1ac3e800, 0x0000018f1ac45800,
0x0000018f1ac48000, 0x0000018f1ac4a800, 0x0000018f1ac46800, 0x0000018f1ac45000,
0x0000018f1ac47800, 0x0000018f1ac49000, 0x0000018f1ac49800, 0x0000018f1ac4c000,
0x0000018f1ac4b800, 0x0000018f1e48d000, 0x0000018f1e48b800, 0x0000018f1e48c800,
0x0000018f1e487800, 0x0000018f1e48e000, 0x0000018f1e488800, 0x0000018f1e48f000,
0x0000018f1e489000, 0x0000018f1e48f800, 0x0000018f1e48a000, 0x0000018f1e490800,
0x0000018f1e48a800, 0x0000018f1e491800, 0x0000018f1e493800, 0x0000018f1e492000,
0x0000018f1e494800, 0x0000018f1e493000, 0x0000018f1e495800, 0x0000018f1e496000,
0x0000018f1e040000, 0x0000018f1e041000, 0x0000018f1e03f000, 0x0000018f1e047800,
0x0000018f1e045000, 0x0000018f1e041800, 0x0000018f1e046800, 0x0000018f1e044000,
0x0000018f1e048000, 0x0000018f1e043000, 0x0000018f1e042800, 0x0000018f1e049000,
0x0000018f1e04a000, 0x0000018f1e04a800, 0x0000018f1e04b800, 0x0000018f1e045800,
0x0000018f1e04c000, 0x0000018f1e04e000, 0x0000018f1e04d000, 0x0000018f19e8a000,
0x0000018f19e87800, 0x0000018f19e8b000, 0x0000018f19e8c000, 0x0000018f19e86000,
0x0000018f19e88800, 0x0000018f19e89800, 0x0000018f19e8c800, 0x0000018f19e87000,
0x0000018f19e8e000, 0x0000018f19e92800, 0x0000018f19e90800, 0x0000018f19e8f000,
0x0000018f19e91800, 0x0000018f19e90000, 0x0000018f19e93000, 0x0000018f19e8d800,
0x0000018f19e94000, 0x0000018f19e94800, 0x0000018f1ac74000, 0x0000018f1ac70000,
0x0000018f1ac75800, 0x0000018f1ac72800, 0x0000018f1ac73000, 0x0000018f1ac75000,
0x0000018f1ac71000, 0x0000018f1ac77800, 0x0000018f1ac71800, 0x0000018f1ac79000,
0x0000018f1ac7a000, 0x0000018f1ac7a800, 0x0000018f1ac7b800, 0x0000018f1ac76800,
0x0000018f1ac7d000, 0x0000018f1ac78000, 0x0000018f1ac7e000, 0x0000018f1ac7e800,
0x0000018f1ac7c000, 0x0000018f1a490800, 0x0000018f1a48f000, 0x0000018f1a490000,
0x0000018f1a48b000, 0x0000018f1a491800, 0x0000018f1a48c800, 0x0000018f1a48c000,
0x0000018f1a48d800, 0x0000018f1a492800, 0x0000018f1a493000, 0x0000018f1a494000,
0x0000018f1a48e000, 0x0000018f1a495800, 0x0000018f1a495000, 0x0000018f1a496800,
0x0000018f1a497000, 0x0000018f1a498000, 0x0000018f1a499800, 0x0000018f1a499000,
0x0000018f1ec20000, 0x0000018f1ec21000, 0x0000018f1ec22000, 0x0000018f1ec22800,
0x0000018f1ec1e800, 0x0000018f1ec23800, 0x0000018f1ec1e000, 0x0000018f1ec25000,
0x0000018f1ec24800, 0x0000018f1ec1f800, 0x0000018f1ec27800, 0x0000018f1ec2b800,
0x0000018f1ec26000, 0x0000018f1ec28800, 0x0000018f1ec2c800, 0x0000018f1ec27000,
0x0000018f1ec2a000, 0x0000018f1ec29000
}

Java Threads: ( => current thread )
  0x0000018f77edc800 JavaThread "main" [_thread_blocked, id=1152, stack(0x0000007eefd00000,0x0000007eefe00000)]
  0x0000018f7f935800 JavaThread "Reference Handler" daemon [_thread_blocked, id=17520, stack(0x0000007ef0400000,0x0000007ef0500000)]
  0x0000018f7f93e800 JavaThread "Finalizer" daemon [_thread_blocked, id=19304, stack(0x0000007ef0500000,0x0000007ef0600000)]
  0x0000018f7fae2800 JavaThread "Signal Dispatcher" daemon [_thread_blocked, id=14920, stack(0x0000007ef0600000,0x0000007ef0700000)]
  0x0000018f7f94f000 JavaThread "Attach Listener" daemon [_thread_blocked, id=460, stack(0x0000007ef0700000,0x0000007ef0800000)]
  0x0000018f7f950000 JavaThread "Service Thread" daemon [_thread_blocked, id=9116, stack(0x0000007ef0800000,0x0000007ef0900000)]
=>0x0000018f7f955000 JavaThread "C2 CompilerThread0" daemon [_thread_in_native, id=9424, stack(0x0000007ef0900000,0x0000007ef0a00000)]
  0x0000018f7f961800 JavaThread "C1 CompilerThread0" daemon [_thread_blocked, id=6460, stack(0x0000007ef0a00000,0x0000007ef0b00000)]
  0x0000018f7f96d800 JavaThread "Sweeper thread" daemon [_thread_blocked, id=16084, stack(0x0000007ef0b00000,0x0000007ef0c00000)]
  0x0000018f7fc5c000 JavaThread "Common-Cleaner" daemon [_thread_blocked, id=4132, stack(0x0000007ef0c00000,0x0000007ef0d00000)]
  0x0000018f1935f800 JavaThread "Daemon health stats" [_thread_blocked, id=10044, stack(0x0000007ef1000000,0x0000007ef1100000)]
  0x0000018f18f1e800 JavaThread "Incoming local TCP Connector on port 5487" [_thread_in_native, id=5204, stack(0x0000007ef1400000,0x0000007ef1500000)]
  0x0000018f18283000 JavaThread "Daemon periodic checks" [_thread_blocked, id=18516, stack(0x0000007ef1500000,0x0000007ef1600000)]
  0x0000018f188ab800 JavaThread "Daemon" [_thread_blocked, id=12628, stack(0x0000007ef1600000,0x0000007ef1700000)]
  0x0000018f188ad000 JavaThread "Handler for socket connection from /127.0.0.1:5487 to /127.0.0.1:5489" [_thread_in_native, id=6160, stack(0x0000007ef1700000,0x0000007ef1800000)]
  0x0000018f18c22800 JavaThread "Cancel handler" [_thread_blocked, id=7780, stack(0x0000007ef1800000,0x0000007ef1900000)]
  0x0000018f18c27000 JavaThread "Daemon worker" [_thread_in_Java, id=17292, stack(0x0000007ef1900000,0x0000007ef1a00000)]
  0x0000018f188df000 JavaThread "Asynchronous log dispatcher for DefaultDaemonConnection: socket connection from /127.0.0.1:5487 to /127.0.0.1:5489" [_thread_blocked, id=11272, stack(0x0000007ef1a00000,0x0000007ef1b00000)]
  0x0000018f188e0000 JavaThread "Stdin handler" [_thread_blocked, id=2308, stack(0x0000007ef1b00000,0x0000007ef1c00000)]
  0x0000018f18a20800 JavaThread "Thread-8" [_thread_blocked, id=9368, stack(0x0000007ef1c00000,0x0000007ef1d00000)]
  0x0000018f18a1d000 JavaThread "Cache worker for file hash cache (C:\Users\Monica S\.gradle\caches\6.7.1\fileHashes)" [_thread_blocked, id=9504, stack(0x0000007ef2200000,0x0000007ef2300000)]
  0x0000018f18a1e800 JavaThread "File lock request listener" [_thread_in_native, id=7924, stack(0x0000007ef2300000,0x0000007ef2400000)]
  0x0000018f18a1c800 JavaThread "Cache worker for journal cache (C:\Users\Monica S\.gradle\caches\journal-1)" [_thread_blocked, id=1344, stack(0x0000007ef2500000,0x0000007ef2600000)]
  0x0000018f18a1f800 JavaThread "Cache worker for file hash cache (D:\BANGKIT\StoryApp\.gradle\6.7.1\fileHashes)" [_thread_blocked, id=18172, stack(0x0000007ef2600000,0x0000007ef2700000)]
  0x0000018f18a1e000 JavaThread "Cache worker for checksums cache (D:\BANGKIT\StoryApp\.gradle\checksums)" [_thread_blocked, id=5936, stack(0x0000007ef2700000,0x0000007ef2800000)]
  0x0000018f18a21000 JavaThread "Cache worker for cache directory md-supplier (C:\Users\Monica S\.gradle\caches\6.7.1\md-supplier)" [_thread_blocked, id=13620, stack(0x0000007ef2800000,0x0000007ef2900000)]
  0x0000018f18a22000 JavaThread "Cache worker for cache directory md-rule (C:\Users\Monica S\.gradle\caches\6.7.1\md-rule)" [_thread_blocked, id=13516, stack(0x0000007ef2900000,0x0000007ef2a00000)]
  0x0000018f18a23000 JavaThread "Cache worker for execution history cache (C:\Users\Monica S\.gradle\caches\6.7.1\executionHistory)" [_thread_blocked, id=2740, stack(0x0000007ef2a00000,0x0000007ef2b00000)]
  0x0000018f1ac40000 JavaThread "jar transforms" [_thread_blocked, id=16352, stack(0x0000007ef2c00000,0x0000007ef2d00000)]
  0x0000018f1ac41000 JavaThread "Cache worker for file content cache (C:\Users\Monica S\.gradle\caches\6.7.1\fileContent)" [_thread_blocked, id=10312, stack(0x0000007ef2d00000,0x0000007ef2e00000)]
  0x0000018f1ac43000 JavaThread "Cache worker for Build Output Cleanup Cache (D:\BANGKIT\StoryApp\.gradle\buildOutputCleanup)" [_thread_blocked, id=3240, stack(0x0000007ef2e00000,0x0000007ef2f00000)]
  0x0000018f1ac3d800 JavaThread "Build operations" [_thread_blocked, id=6248, stack(0x0000007ef2f00000,0x0000007ef3000000)]
  0x0000018f1ac42800 JavaThread "Build operations Thread 2" [_thread_blocked, id=14860, stack(0x0000007ef3000000,0x0000007ef3100000)]
  0x0000018f1ac44000 JavaThread "Build operations Thread 3" [_thread_blocked, id=7632, stack(0x0000007ef3100000,0x0000007ef3200000)]
  0x0000018f1ac3e800 JavaThread "Build operations Thread 4" [_thread_blocked, id=7388, stack(0x0000007ef3200000,0x0000007ef3300000)]
  0x0000018f1ac45800 JavaThread "Build operations Thread 5" [_thread_blocked, id=4088, stack(0x0000007ef3300000,0x0000007ef3400000)]
  0x0000018f1ac48000 JavaThread "Build operations Thread 6" [_thread_blocked, id=19612, stack(0x0000007ef3400000,0x0000007ef3500000)]
  0x0000018f1ac4a800 JavaThread "Build operations Thread 7" [_thread_blocked, id=11444, stack(0x0000007ef3500000,0x0000007ef3600000)]
  0x0000018f1ac46800 JavaThread "Build operations Thread 8" [_thread_blocked, id=16224, stack(0x0000007ef3600000,0x0000007ef3700000)]
  0x0000018f1ac45000 JavaThread "jar transforms Thread 2" [_thread_blocked, id=3792, stack(0x0000007ef3700000,0x0000007ef3800000)]
  0x0000018f1ac47800 JavaThread "jar transforms Thread 3" [_thread_blocked, id=13144, stack(0x0000007ef3800000,0x0000007ef3900000)]
  0x0000018f1ac49000 JavaThread "jar transforms Thread 4" [_thread_blocked, id=3520, stack(0x0000007ef3900000,0x0000007ef3a00000)]
  0x0000018f1ac49800 JavaThread "jar transforms Thread 5" [_thread_blocked, id=8408, stack(0x0000007ef3a00000,0x0000007ef3b00000)]
  0x0000018f1ac4c000 JavaThread "jar transforms Thread 6" [_thread_blocked, id=5388, stack(0x0000007ef3b00000,0x0000007ef3c00000)]
  0x0000018f1ac4b800 JavaThread "jar transforms Thread 7" [_thread_blocked, id=12728, stack(0x0000007ef3c00000,0x0000007ef3d00000)]
  0x0000018f1e48d000 JavaThread "jar transforms Thread 8" [_thread_blocked, id=13112, stack(0x0000007ef3d00000,0x0000007ef3e00000)]
  0x0000018f1e48b800 JavaThread "jar transforms Thread 9" [_thread_blocked, id=8296, stack(0x0000007ef3e00000,0x0000007ef3f00000)]
  0x0000018f1e48c800 JavaThread "jar transforms Thread 10" [_thread_blocked, id=1676, stack(0x0000007ef3f00000,0x0000007ef4000000)]
  0x0000018f1e487800 JavaThread "jar transforms Thread 11" [_thread_blocked, id=1688, stack(0x0000007ef4000000,0x0000007ef4100000)]
  0x0000018f1e48e000 JavaThread "jar transforms Thread 12" [_thread_blocked, id=11292, stack(0x0000007ef4100000,0x0000007ef4200000)]
  0x0000018f1e488800 JavaThread "jar transforms Thread 13" [_thread_blocked, id=14016, stack(0x0000007ef4200000,0x0000007ef4300000)]
  0x0000018f1e48f000 JavaThread "jar transforms Thread 14" [_thread_blocked, id=7476, stack(0x0000007ef4300000,0x0000007ef4400000)]
  0x0000018f1e489000 JavaThread "jar transforms Thread 15" [_thread_blocked, id=11884, stack(0x0000007ef4400000,0x0000007ef4500000)]
  0x0000018f1e48f800 JavaThread "jar transforms Thread 16" [_thread_blocked, id=19284, stack(0x0000007ef4500000,0x0000007ef4600000)]
  0x0000018f1e48a000 JavaThread "jar transforms Thread 17" [_thread_blocked, id=20088, stack(0x0000007ef4600000,0x0000007ef4700000)]
  0x0000018f1e490800 JavaThread "jar transforms Thread 18" [_thread_blocked, id=17172, stack(0x0000007ef4700000,0x0000007ef4800000)]
  0x0000018f1e48a800 JavaThread "jar transforms Thread 19" [_thread_blocked, id=12808, stack(0x0000007ef4800000,0x0000007ef4900000)]
  0x0000018f1e491800 JavaThread "jar transforms Thread 20" [_thread_blocked, id=19800, stack(0x0000007ef4900000,0x0000007ef4a00000)]
  0x0000018f1e493800 JavaThread "jar transforms Thread 21" [_thread_blocked, id=13916, stack(0x0000007ef4a00000,0x0000007ef4b00000)]
  0x0000018f1e492000 JavaThread "jar transforms Thread 22" [_thread_blocked, id=14748, stack(0x0000007ef4b00000,0x0000007ef4c00000)]
  0x0000018f1e494800 JavaThread "jar transforms Thread 23" [_thread_blocked, id=3024, stack(0x0000007ef4c00000,0x0000007ef4d00000)]
  0x0000018f1e493000 JavaThread "jar transforms Thread 24" [_thread_blocked, id=8188, stack(0x0000007ef4d00000,0x0000007ef4e00000)]
  0x0000018f1e495800 JavaThread "jar transforms Thread 25" [_thread_blocked, id=12176, stack(0x0000007ef4e00000,0x0000007ef4f00000)]
  0x0000018f1e496000 JavaThread "jar transforms Thread 26" [_thread_blocked, id=8324, stack(0x0000007ef4f00000,0x0000007ef5000000)]
  0x0000018f1e040000 JavaThread "jar transforms Thread 27" [_thread_blocked, id=7036, stack(0x0000007ef5000000,0x0000007ef5100000)]
  0x0000018f1e041000 JavaThread "jar transforms Thread 28" [_thread_blocked, id=9988, stack(0x0000007ef5100000,0x0000007ef5200000)]
  0x0000018f1e03f000 JavaThread "jar transforms Thread 29" [_thread_blocked, id=14964, stack(0x0000007ef5200000,0x0000007ef5300000)]
  0x0000018f1e047800 JavaThread "jar transforms Thread 30" [_thread_blocked, id=13512, stack(0x0000007ef5300000,0x0000007ef5400000)]
  0x0000018f1e045000 JavaThread "jar transforms Thread 31" [_thread_blocked, id=16160, stack(0x0000007ef5400000,0x0000007ef5500000)]
  0x0000018f1e041800 JavaThread "jar transforms Thread 32" [_thread_blocked, id=5884, stack(0x0000007ef5500000,0x0000007ef5600000)]
  0x0000018f1e046800 JavaThread "jar transforms Thread 33" [_thread_blocked, id=8520, stack(0x0000007ef5600000,0x0000007ef5700000)]
  0x0000018f1e044000 JavaThread "jar transforms Thread 34" [_thread_blocked, id=12860, stack(0x0000007ef5700000,0x0000007ef5800000)]
  0x0000018f1e048000 JavaThread "jar transforms Thread 35" [_thread_blocked, id=5260, stack(0x0000007ef5800000,0x0000007ef5900000)]
  0x0000018f1e043000 JavaThread "jar transforms Thread 36" [_thread_blocked, id=20060, stack(0x0000007ef5900000,0x0000007ef5a00000)]
  0x0000018f1e042800 JavaThread "jar transforms Thread 37" [_thread_blocked, id=10404, stack(0x0000007ef5a00000,0x0000007ef5b00000)]
  0x0000018f1e049000 JavaThread "jar transforms Thread 38" [_thread_blocked, id=6612, stack(0x0000007ef5b00000,0x0000007ef5c00000)]
  0x0000018f1e04a000 JavaThread "jar transforms Thread 39" [_thread_blocked, id=19532, stack(0x0000007ef5c00000,0x0000007ef5d00000)]
  0x0000018f1e04a800 JavaThread "jar transforms Thread 40" [_thread_blocked, id=20124, stack(0x0000007ef5d00000,0x0000007ef5e00000)]
  0x0000018f1e04b800 JavaThread "jar transforms Thread 41" [_thread_blocked, id=6636, stack(0x0000007ef5e00000,0x0000007ef5f00000)]
  0x0000018f1e045800 JavaThread "jar transforms Thread 42" [_thread_blocked, id=2948, stack(0x0000007ef5f00000,0x0000007ef6000000)]
  0x0000018f1e04c000 JavaThread "jar transforms Thread 43" [_thread_blocked, id=19568, stack(0x0000007ef6000000,0x0000007ef6100000)]
  0x0000018f1e04e000 JavaThread "jar transforms Thread 44" [_thread_blocked, id=20108, stack(0x0000007ef6100000,0x0000007ef6200000)]
  0x0000018f1e04d000 JavaThread "jar transforms Thread 45" [_thread_blocked, id=17124, stack(0x0000007ef6200000,0x0000007ef6300000)]
  0x0000018f19e8a000 JavaThread "jar transforms Thread 46" [_thread_blocked, id=3908, stack(0x0000007ef6300000,0x0000007ef6400000)]
  0x0000018f19e87800 JavaThread "jar transforms Thread 47" [_thread_blocked, id=16372, stack(0x0000007ef6400000,0x0000007ef6500000)]
  0x0000018f19e8b000 JavaThread "jar transforms Thread 48" [_thread_blocked, id=8940, stack(0x0000007ef6500000,0x0000007ef6600000)]
  0x0000018f19e8c000 JavaThread "jar transforms Thread 49" [_thread_blocked, id=11704, stack(0x0000007ef6600000,0x0000007ef6700000)]
  0x0000018f19e86000 JavaThread "jar transforms Thread 50" [_thread_blocked, id=16364, stack(0x0000007ef6700000,0x0000007ef6800000)]
  0x0000018f19e88800 JavaThread "jar transforms Thread 51" [_thread_blocked, id=464, stack(0x0000007ef6800000,0x0000007ef6900000)]
  0x0000018f19e89800 JavaThread "jar transforms Thread 52" [_thread_blocked, id=4760, stack(0x0000007ef6900000,0x0000007ef6a00000)]
  0x0000018f19e8c800 JavaThread "jar transforms Thread 53" [_thread_blocked, id=11148, stack(0x0000007ef6a00000,0x0000007ef6b00000)]
  0x0000018f19e87000 JavaThread "jar transforms Thread 54" [_thread_blocked, id=12636, stack(0x0000007ef6b00000,0x0000007ef6c00000)]
  0x0000018f19e8e000 JavaThread "jar transforms Thread 55" [_thread_blocked, id=17900, stack(0x0000007ef6c00000,0x0000007ef6d00000)]
  0x0000018f19e92800 JavaThread "jar transforms Thread 56" [_thread_blocked, id=18452, stack(0x0000007ef6d00000,0x0000007ef6e00000)]
  0x0000018f19e90800 JavaThread "jar transforms Thread 57" [_thread_blocked, id=8872, stack(0x0000007ef6e00000,0x0000007ef6f00000)]
  0x0000018f19e8f000 JavaThread "jar transforms Thread 58" [_thread_blocked, id=15764, stack(0x0000007ef6f00000,0x0000007ef7000000)]
  0x0000018f19e91800 JavaThread "jar transforms Thread 59" [_thread_blocked, id=15996, stack(0x0000007ef7000000,0x0000007ef7100000)]
  0x0000018f19e90000 JavaThread "jar transforms Thread 60" [_thread_blocked, id=10284, stack(0x0000007ef7100000,0x0000007ef7200000)]
  0x0000018f19e93000 JavaThread "jar transforms Thread 61" [_thread_blocked, id=4420, stack(0x0000007ef7200000,0x0000007ef7300000)]
  0x0000018f19e8d800 JavaThread "jar transforms Thread 62" [_thread_blocked, id=4952, stack(0x0000007ef7300000,0x0000007ef7400000)]
  0x0000018f19e94000 JavaThread "jar transforms Thread 63" [_thread_blocked, id=7628, stack(0x0000007ef7400000,0x0000007ef7500000)]
  0x0000018f19e94800 JavaThread "jar transforms Thread 64" [_thread_blocked, id=19356, stack(0x0000007ef7500000,0x0000007ef7600000)]
  0x0000018f1ac74000 JavaThread "jar transforms Thread 65" [_thread_blocked, id=17860, stack(0x0000007ef7600000,0x0000007ef7700000)]
  0x0000018f1ac70000 JavaThread "jar transforms Thread 66" [_thread_blocked, id=13440, stack(0x0000007ef7700000,0x0000007ef7800000)]
  0x0000018f1ac75800 JavaThread "jar transforms Thread 67" [_thread_blocked, id=9380, stack(0x0000007ef7800000,0x0000007ef7900000)]
  0x0000018f1ac72800 JavaThread "jar transforms Thread 68" [_thread_blocked, id=17440, stack(0x0000007ef7900000,0x0000007ef7a00000)]
  0x0000018f1ac73000 JavaThread "jar transforms Thread 69" [_thread_blocked, id=14740, stack(0x0000007ef7a00000,0x0000007ef7b00000)]
  0x0000018f1ac75000 JavaThread "jar transforms Thread 70" [_thread_blocked, id=8488, stack(0x0000007ef7b00000,0x0000007ef7c00000)]
  0x0000018f1ac71000 JavaThread "jar transforms Thread 71" [_thread_blocked, id=18964, stack(0x0000007ef7c00000,0x0000007ef7d00000)]
  0x0000018f1ac77800 JavaThread "jar transforms Thread 72" [_thread_blocked, id=15064, stack(0x0000007ef7d00000,0x0000007ef7e00000)]
  0x0000018f1ac71800 JavaThread "jar transforms Thread 73" [_thread_blocked, id=19556, stack(0x0000007ef7e00000,0x0000007ef7f00000)]
  0x0000018f1ac79000 JavaThread "jar transforms Thread 74" [_thread_blocked, id=15560, stack(0x0000007ef7f00000,0x0000007ef8000000)]
  0x0000018f1ac7a000 JavaThread "jar transforms Thread 75" [_thread_blocked, id=11380, stack(0x0000007ef8000000,0x0000007ef8100000)]
  0x0000018f1ac7a800 JavaThread "jar transforms Thread 76" [_thread_blocked, id=10640, stack(0x0000007ef8100000,0x0000007ef8200000)]
  0x0000018f1ac7b800 JavaThread "jar transforms Thread 77" [_thread_blocked, id=9984, stack(0x0000007ef8200000,0x0000007ef8300000)]
  0x0000018f1ac76800 JavaThread "jar transforms Thread 78" [_thread_blocked, id=680, stack(0x0000007ef8300000,0x0000007ef8400000)]
  0x0000018f1ac7d000 JavaThread "jar transforms Thread 79" [_thread_blocked, id=5432, stack(0x0000007ef8400000,0x0000007ef8500000)]
  0x0000018f1ac78000 JavaThread "jar transforms Thread 80" [_thread_blocked, id=15048, stack(0x0000007ef8500000,0x0000007ef8600000)]
  0x0000018f1ac7e000 JavaThread "jar transforms Thread 81" [_thread_blocked, id=12664, stack(0x0000007ef8600000,0x0000007ef8700000)]
  0x0000018f1ac7e800 JavaThread "jar transforms Thread 82" [_thread_blocked, id=13528, stack(0x0000007ef8700000,0x0000007ef8800000)]
  0x0000018f1ac7c000 JavaThread "jar transforms Thread 83" [_thread_blocked, id=10476, stack(0x0000007ef8800000,0x0000007ef8900000)]
  0x0000018f1a490800 JavaThread "jar transforms Thread 84" [_thread_blocked, id=20448, stack(0x0000007ef8900000,0x0000007ef8a00000)]
  0x0000018f1a48f000 JavaThread "jar transforms Thread 85" [_thread_blocked, id=8328, stack(0x0000007ef8a00000,0x0000007ef8b00000)]
  0x0000018f1a490000 JavaThread "jar transforms Thread 86" [_thread_blocked, id=18560, stack(0x0000007ef8b00000,0x0000007ef8c00000)]
  0x0000018f1a48b000 JavaThread "jar transforms Thread 87" [_thread_blocked, id=20256, stack(0x0000007ef8c00000,0x0000007ef8d00000)]
  0x0000018f1a491800 JavaThread "jar transforms Thread 88" [_thread_blocked, id=12572, stack(0x0000007ef8d00000,0x0000007ef8e00000)]
  0x0000018f1a48c800 JavaThread "jar transforms Thread 89" [_thread_blocked, id=18088, stack(0x0000007ef8e00000,0x0000007ef8f00000)]
  0x0000018f1a48c000 JavaThread "jar transforms Thread 90" [_thread_blocked, id=5708, stack(0x0000007ef8f00000,0x0000007ef9000000)]
  0x0000018f1a48d800 JavaThread "jar transforms Thread 91" [_thread_blocked, id=9936, stack(0x0000007ef9000000,0x0000007ef9100000)]
  0x0000018f1a492800 JavaThread "jar transforms Thread 92" [_thread_blocked, id=19944, stack(0x0000007ef9100000,0x0000007ef9200000)]
  0x0000018f1a493000 JavaThread "jar transforms Thread 93" [_thread_blocked, id=13688, stack(0x0000007ef9200000,0x0000007ef9300000)]
  0x0000018f1a494000 JavaThread "jar transforms Thread 94" [_thread_blocked, id=16456, stack(0x0000007ef9300000,0x0000007ef9400000)]
  0x0000018f1a48e000 JavaThread "jar transforms Thread 95" [_thread_blocked, id=17552, stack(0x0000007ef9400000,0x0000007ef9500000)]
  0x0000018f1a495800 JavaThread "jar transforms Thread 96" [_thread_blocked, id=15612, stack(0x0000007ef9500000,0x0000007ef9600000)]
  0x0000018f1a495000 JavaThread "jar transforms Thread 97" [_thread_blocked, id=17320, stack(0x0000007ef9600000,0x0000007ef9700000)]
  0x0000018f1a496800 JavaThread "jar transforms Thread 98" [_thread_blocked, id=18492, stack(0x0000007ef9700000,0x0000007ef9800000)]
  0x0000018f1a497000 JavaThread "jar transforms Thread 99" [_thread_blocked, id=11124, stack(0x0000007ef9800000,0x0000007ef9900000)]
  0x0000018f1a498000 JavaThread "jar transforms Thread 100" [_thread_blocked, id=5320, stack(0x0000007ef9900000,0x0000007ef9a00000)]
  0x0000018f1a499800 JavaThread "jar transforms Thread 101" [_thread_blocked, id=5868, stack(0x0000007ef9a00000,0x0000007ef9b00000)]
  0x0000018f1a499000 JavaThread "jar transforms Thread 102" [_thread_blocked, id=14068, stack(0x0000007ef9b00000,0x0000007ef9c00000)]
  0x0000018f1ec20000 JavaThread "jar transforms Thread 103" [_thread_blocked, id=16608, stack(0x0000007ef9c00000,0x0000007ef9d00000)]
  0x0000018f1ec21000 JavaThread "jar transforms Thread 104" [_thread_blocked, id=16524, stack(0x0000007ef9d00000,0x0000007ef9e00000)]
  0x0000018f1ec22000 JavaThread "jar transforms Thread 105" [_thread_blocked, id=18876, stack(0x0000007ef9e00000,0x0000007ef9f00000)]
  0x0000018f1ec22800 JavaThread "jar transforms Thread 106" [_thread_blocked, id=3020, stack(0x0000007ef9f00000,0x0000007efa000000)]
  0x0000018f1ec1e800 JavaThread "jar transforms Thread 107" [_thread_blocked, id=12700, stack(0x0000007efa000000,0x0000007efa100000)]
  0x0000018f1ec23800 JavaThread "jar transforms Thread 108" [_thread_blocked, id=1512, stack(0x0000007efa100000,0x0000007efa200000)]
  0x0000018f1ec1e000 JavaThread "jar transforms Thread 109" [_thread_blocked, id=5288, stack(0x0000007efa200000,0x0000007efa300000)]
  0x0000018f1ec25000 JavaThread "jar transforms Thread 110" [_thread_blocked, id=13856, stack(0x0000007efa300000,0x0000007efa400000)]
  0x0000018f1ec24800 JavaThread "jar transforms Thread 111" [_thread_blocked, id=3252, stack(0x0000007efa400000,0x0000007efa500000)]
  0x0000018f1ec1f800 JavaThread "jar transforms Thread 112" [_thread_blocked, id=10088, stack(0x0000007efa500000,0x0000007efa600000)]
  0x0000018f1ec27800 JavaThread "jar transforms Thread 113" [_thread_blocked, id=14548, stack(0x0000007efa600000,0x0000007efa700000)]
  0x0000018f1ec2b800 JavaThread "jar transforms Thread 114" [_thread_blocked, id=14004, stack(0x0000007efa700000,0x0000007efa800000)]
  0x0000018f1ec26000 JavaThread "jar transforms Thread 115" [_thread_blocked, id=18268, stack(0x0000007efa800000,0x0000007efa900000)]
  0x0000018f1ec28800 JavaThread "jar transforms Thread 116" [_thread_blocked, id=19120, stack(0x0000007efa900000,0x0000007efaa00000)]
  0x0000018f1ec2c800 JavaThread "jar transforms Thread 117" [_thread_blocked, id=16564, stack(0x0000007efaa00000,0x0000007efab00000)]
  0x0000018f1ec27000 JavaThread "jar transforms Thread 118" [_thread_blocked, id=16464, stack(0x0000007efab00000,0x0000007efac00000)]
  0x0000018f1ec2a000 JavaThread "jar transforms Thread 119" [_thread_blocked, id=17736, stack(0x0000007efac00000,0x0000007efad00000)]
  0x0000018f1ec29000 JavaThread "Memory manager" [_thread_blocked, id=15264, stack(0x0000007ef2b00000,0x0000007ef2c00000)]

Other Threads:
  0x0000018f7f932000 VMThread "VM Thread" [stack: 0x0000007ef0300000,0x0000007ef0400000] [id=10976]
  0x0000018f7fc79800 WatcherThread [stack: 0x0000007ef0d00000,0x0000007ef0e00000] [id=11848]
  0x0000018f77ef6000 GCTaskThread "GC Thread#0" [stack: 0x0000007eefe00000,0x0000007eeff00000] [id=9164]
  0x0000018f187ac000 GCTaskThread "GC Thread#1" [stack: 0x0000007ef0e00000,0x0000007ef0f00000] [id=3464]
  0x0000018f187ad000 GCTaskThread "GC Thread#2" [stack: 0x0000007ef0f00000,0x0000007ef1000000] [id=15676]
  0x0000018f18b2a800 GCTaskThread "GC Thread#3" [stack: 0x0000007ef1d00000,0x0000007ef1e00000] [id=7472]
  0x0000018f18b36800 GCTaskThread "GC Thread#4" [stack: 0x0000007ef1e00000,0x0000007ef1f00000] [id=7192]
  0x0000018f1989f800 GCTaskThread "GC Thread#5" [stack: 0x0000007ef1f00000,0x0000007ef2000000] [id=13736]
  0x0000018f19583000 GCTaskThread "GC Thread#6" [stack: 0x0000007ef2000000,0x0000007ef2100000] [id=10076]
  0x0000018f198c2800 GCTaskThread "GC Thread#7" [stack: 0x0000007ef2100000,0x0000007ef2200000] [id=2956]
  0x0000018f77f2a800 ConcurrentGCThread "G1 Main Marker" [stack: 0x0000007eeff00000,0x0000007ef0000000] [id=10196]
  0x0000018f77f2c800 ConcurrentGCThread "G1 Conc#0" [stack: 0x0000007ef0000000,0x0000007ef0100000] [id=16220]
  0x0000018f19571800 ConcurrentGCThread "G1 Conc#1" [stack: 0x0000007ef2400000,0x0000007ef2500000] [id=472]
  0x0000018f77fbe000 ConcurrentGCThread "G1 Refine#0" [stack: 0x0000007ef0100000,0x0000007ef0200000] [id=16276]
  0x0000018f7f780800 ConcurrentGCThread "G1 Young RemSet Sampling" [stack: 0x0000007ef0200000,0x0000007ef0300000] [id=11648]

Threads with active compile tasks:
C2 CompilerThread0  27372 6006       4       jdk.internal.loader.URLClassPath$JarLoader$2::getCodeSigners (8 bytes)

VM state:not at safepoint (normal execution)

VM Mutex/Monitor currently owned by a thread: None

Heap address: 0x0000000080000000, size: 2048 MB, Compressed Oops mode: 32-bit
Narrow klass base: 0x0000000000000000, Narrow klass shift: 3
Compressed class space size: 1073741824 Address: 0x0000000100000000

Heap:
 garbage-first heap   total 129024K, used 97302K [0x0000000080000000, 0x0000000100000000)
  region size 1024K, 50 young (51200K), 6 survivors (6144K)
 Metaspace       used 67298K, capacity 68793K, committed 68956K, reserved 1110016K
  class space    used 8645K, capacity 9182K, committed 9248K, reserved 1048576K
Heap Regions: E=young(eden), S=young(survivor), O=old, HS=humongous(starts), HC=humongous(continues), CS=collection set, F=free, A=archive, TAMS=top-at-mark-start (previous, next)
|   0|0x0000000080000000, 0x0000000080100000, 0x0000000080100000|100%| O|  |TAMS 0x0000000080100000, 0x0000000080000000| Untracked 
|   1|0x0000000080100000, 0x0000000080200000, 0x0000000080200000|100%| O|  |TAMS 0x0000000080200000, 0x0000000080100000| Untracked 
|   2|0x0000000080200000, 0x0000000080300000, 0x0000000080300000|100%| O|  |TAMS 0x0000000080300000, 0x0000000080200000| Untracked 
|   3|0x0000000080300000, 0x0000000080400000, 0x0000000080400000|100%|HS|  |TAMS 0x0000000080400000, 0x0000000080300000| Complete 
|   4|0x0000000080400000, 0x0000000080500000, 0x0000000080500000|100%|HC|  |TAMS 0x0000000080500000, 0x0000000080400000| Complete 
|   5|0x0000000080500000, 0x0000000080600000, 0x0000000080600000|100%|HC|  |TAMS 0x0000000080600000, 0x0000000080500000| Complete 
|   6|0x0000000080600000, 0x0000000080700000, 0x0000000080700000|100%| O|  |TAMS 0x0000000080700000, 0x0000000080600000| Untracked 
|   7|0x0000000080700000, 0x0000000080800000, 0x0000000080800000|100%| O|  |TAMS 0x0000000080800000, 0x0000000080700000| Untracked 
|   8|0x0000000080800000, 0x0000000080900000, 0x0000000080900000|100%| O|  |TAMS 0x0000000080900000, 0x0000000080800000| Untracked 
|   9|0x0000000080900000, 0x0000000080a00000, 0x0000000080a00000|100%| O|  |TAMS 0x0000000080a00000, 0x0000000080900000| Untracked 
|  10|0x0000000080a00000, 0x0000000080b00000, 0x0000000080b00000|100%| O|  |TAMS 0x0000000080b00000, 0x0000000080a00000| Untracked 
|  11|0x0000000080b00000, 0x0000000080c00000, 0x0000000080c00000|100%| O|  |TAMS 0x0000000080c00000, 0x0000000080b00000| Untracked 
|  12|0x0000000080c00000, 0x0000000080d00000, 0x0000000080d00000|100%| O|  |TAMS 0x0000000080d00000, 0x0000000080c00000| Untracked 
|  13|0x0000000080d00000, 0x0000000080e00000, 0x0000000080e00000|100%| O|  |TAMS 0x0000000080e00000, 0x0000000080d00000| Untracked 
|  14|0x0000000080e00000, 0x0000000080f00000, 0x0000000080f00000|100%| O|  |TAMS 0x0000000080f00000, 0x0000000080e00000| Untracked 
|  15|0x0000000080f00000, 0x0000000081000000, 0x0000000081000000|100%| O|  |TAMS 0x0000000081000000, 0x0000000080f00000| Untracked 
|  16|0x0000000081000000, 0x0000000081100000, 0x0000000081100000|100%| O|  |TAMS 0x0000000081100000, 0x0000000081000000| Untracked 
|  17|0x0000000081100000, 0x0000000081200000, 0x0000000081200000|100%| O|  |TAMS 0x0000000081200000, 0x0000000081100000| Untracked 
|  18|0x0000000081200000, 0x0000000081300000, 0x0000000081300000|100%| O|  |TAMS 0x0000000081300000, 0x0000000081200000| Untracked 
|  19|0x0000000081300000, 0x0000000081400000, 0x0000000081400000|100%|HS|  |TAMS 0x0000000081400000, 0x0000000081300000| Complete 
|  20|0x0000000081400000, 0x0000000081500000, 0x0000000081500000|100%| O|  |TAMS 0x0000000081500000, 0x0000000081400000| Untracked 
|  21|0x0000000081500000, 0x0000000081600000, 0x0000000081600000|100%| O|  |TAMS 0x0000000081600000, 0x0000000081500000| Untracked 
|  22|0x0000000081600000, 0x0000000081700000, 0x0000000081700000|100%|HS|  |TAMS 0x0000000081700000, 0x0000000081600000| Complete 
|  23|0x0000000081700000, 0x0000000081800000, 0x0000000081800000|100%|HS|  |TAMS 0x0000000081800000, 0x0000000081700000| Complete 
|  24|0x0000000081800000, 0x0000000081900000, 0x0000000081900000|100%|HC|  |TAMS 0x0000000081900000, 0x0000000081800000| Complete 
|  25|0x0000000081900000, 0x0000000081a00000, 0x0000000081a00000|100%|HC|  |TAMS 0x0000000081a00000, 0x0000000081900000| Complete 
|  26|0x0000000081a00000, 0x0000000081b00000, 0x0000000081b00000|100%|HS|  |TAMS 0x0000000081b00000, 0x0000000081a00000| Complete 
|  27|0x0000000081b00000, 0x0000000081c00000, 0x0000000081c00000|100%|HC|  |TAMS 0x0000000081c00000, 0x0000000081b00000| Complete 
|  28|0x0000000081c00000, 0x0000000081d00000, 0x0000000081d00000|100%| O|  |TAMS 0x0000000081d00000, 0x0000000081c00000| Untracked 
|  29|0x0000000081d00000, 0x0000000081e00000, 0x0000000081e00000|100%| O|  |TAMS 0x0000000081e00000, 0x0000000081d00000| Untracked 
|  30|0x0000000081e00000, 0x0000000081f00000, 0x0000000081f00000|100%| O|  |TAMS 0x0000000081f00000, 0x0000000081e00000| Untracked 
|  31|0x0000000081f00000, 0x0000000082000000, 0x0000000082000000|100%| O|  |TAMS 0x0000000082000000, 0x0000000081f00000| Untracked 
|  32|0x0000000082000000, 0x0000000082100000, 0x0000000082100000|100%| O|  |TAMS 0x0000000082100000, 0x0000000082000000| Untracked 
|  33|0x0000000082100000, 0x0000000082200000, 0x0000000082200000|100%| O|  |TAMS 0x0000000082200000, 0x0000000082100000| Untracked 
|  34|0x0000000082200000, 0x0000000082300000, 0x0000000082300000|100%| O|  |TAMS 0x0000000082300000, 0x0000000082200000| Untracked 
|  35|0x0000000082300000, 0x0000000082400000, 0x0000000082400000|100%| O|  |TAMS 0x0000000082400000, 0x0000000082300000| Untracked 
|  36|0x0000000082400000, 0x0000000082500000, 0x0000000082500000|100%| O|  |TAMS 0x0000000082500000, 0x0000000082400000| Untracked 
|  37|0x0000000082500000, 0x0000000082600000, 0x0000000082600000|100%| O|  |TAMS 0x0000000082600000, 0x0000000082500000| Untracked 
|  38|0x0000000082600000, 0x0000000082700000, 0x0000000082700000|100%| O|  |TAMS 0x0000000082700000, 0x0000000082600000| Untracked 
|  39|0x0000000082700000, 0x0000000082800000, 0x0000000082800000|100%| O|  |TAMS 0x0000000082800000, 0x0000000082700000| Untracked 
|  40|0x0000000082800000, 0x0000000082900000, 0x0000000082900000|100%| O|  |TAMS 0x0000000082900000, 0x0000000082800000| Untracked 
|  41|0x0000000082900000, 0x0000000082a00000, 0x0000000082a00000|100%| O|  |TAMS 0x0000000082a00000, 0x0000000082900000| Untracked 
|  42|0x0000000082a00000, 0x0000000082b00000, 0x0000000082b00000|100%| O|  |TAMS 0x0000000082b00000, 0x0000000082a00000| Untracked 
|  43|0x0000000082b00000, 0x0000000082c00000, 0x0000000082c00000|100%| O|  |TAMS 0x0000000082bd1a00, 0x0000000082b00000| Untracked 
|  44|0x0000000082c00000, 0x0000000082c00000, 0x0000000082d00000|  0%| F|  |TAMS 0x0000000082c00000, 0x0000000082c00000| Untracked 
|  45|0x0000000082d00000, 0x0000000082e00000, 0x0000000082e00000|100%| O|  |TAMS 0x0000000082d00000, 0x0000000082d00000| Untracked 
|  46|0x0000000082e00000, 0x0000000082f00000, 0x0000000082f00000|100%| O|  |TAMS 0x0000000082e00000, 0x0000000082e00000| Untracked 
|  47|0x0000000082f00000, 0x0000000082f22200, 0x0000000083000000| 13%| O|  |TAMS 0x0000000082f00000, 0x0000000082f00000| Untracked 
|  48|0x0000000083000000, 0x0000000083000000, 0x0000000083100000|  0%| F|  |TAMS 0x0000000083000000, 0x0000000083000000| Untracked 
|  49|0x0000000083100000, 0x0000000083100000, 0x0000000083200000|  0%| F|  |TAMS 0x0000000083100000, 0x0000000083100000| Untracked 
|  50|0x0000000083200000, 0x0000000083200000, 0x0000000083300000|  0%| F|  |TAMS 0x0000000083200000, 0x0000000083200000| Untracked 
|  51|0x0000000083300000, 0x0000000083300000, 0x0000000083400000|  0%| F|  |TAMS 0x0000000083300000, 0x0000000083300000| Untracked 
|  52|0x0000000083400000, 0x0000000083400000, 0x0000000083500000|  0%| F|  |TAMS 0x0000000083400000, 0x0000000083400000| Untracked 
|  53|0x0000000083500000, 0x0000000083500000, 0x0000000083600000|  0%| F|  |TAMS 0x0000000083500000, 0x0000000083500000| Untracked 
|  54|0x0000000083600000, 0x0000000083600000, 0x0000000083700000|  0%| F|  |TAMS 0x0000000083600000, 0x0000000083600000| Untracked 
|  55|0x0000000083700000, 0x0000000083700000, 0x0000000083800000|  0%| F|  |TAMS 0x0000000083700000, 0x0000000083700000| Untracked 
|  56|0x0000000083800000, 0x0000000083800000, 0x0000000083900000|  0%| F|  |TAMS 0x0000000083800000, 0x0000000083800000| Untracked 
|  57|0x0000000083900000, 0x0000000083900000, 0x0000000083a00000|  0%| F|  |TAMS 0x0000000083900000, 0x0000000083900000| Untracked 
|  58|0x0000000083a00000, 0x0000000083a00000, 0x0000000083b00000|  0%| F|  |TAMS 0x0000000083a00000, 0x0000000083a00000| Untracked 
|  59|0x0000000083b00000, 0x0000000083b00000, 0x0000000083c00000|  0%| F|  |TAMS 0x0000000083b00000, 0x0000000083b00000| Untracked 
|  60|0x0000000083c00000, 0x0000000083c00000, 0x0000000083d00000|  0%| F|  |TAMS 0x0000000083c00000, 0x0000000083c00000| Untracked 
|  61|0x0000000083d00000, 0x0000000083d00000, 0x0000000083e00000|  0%| F|  |TAMS 0x0000000083d00000, 0x0000000083d00000| Untracked 
|  62|0x0000000083e00000, 0x0000000083e00000, 0x0000000083f00000|  0%| F|  |TAMS 0x0000000083e00000, 0x0000000083e00000| Untracked 
|  63|0x0000000083f00000, 0x0000000083f00000, 0x0000000084000000|  0%| F|  |TAMS 0x0000000083f00000, 0x0000000083f00000| Untracked 
|  64|0x0000000084000000, 0x0000000084000000, 0x0000000084100000|  0%| F|  |TAMS 0x0000000084000000, 0x0000000084000000| Untracked 
|  65|0x0000000084100000, 0x0000000084100000, 0x0000000084200000|  0%| F|  |TAMS 0x0000000084100000, 0x0000000084100000| Untracked 
|  66|0x0000000084200000, 0x0000000084200000, 0x0000000084300000|  0%| F|  |TAMS 0x0000000084200000, 0x0000000084200000| Untracked 
|  67|0x0000000084300000, 0x0000000084300000, 0x0000000084400000|  0%| F|  |TAMS 0x0000000084300000, 0x0000000084300000| Untracked 
|  68|0x0000000084400000, 0x00000000844e38c8, 0x0000000084500000| 88%| S|CS|TAMS 0x0000000084400000, 0x0000000084400000| Complete 
|  69|0x0000000084500000, 0x0000000084600000, 0x0000000084600000|100%| S|CS|TAMS 0x0000000084500000, 0x0000000084500000| Complete 
|  70|0x0000000084600000, 0x0000000084700000, 0x0000000084700000|100%| S|CS|TAMS 0x0000000084600000, 0x0000000084600000| Complete 
|  71|0x0000000084700000, 0x0000000084800000, 0x0000000084800000|100%| S|CS|TAMS 0x0000000084700000, 0x0000000084700000| Complete 
|  72|0x0000000084800000, 0x0000000084900000, 0x0000000084900000|100%| S|CS|TAMS 0x0000000084800000, 0x0000000084800000| Complete 
|  73|0x0000000084900000, 0x0000000084a00000, 0x0000000084a00000|100%| S|CS|TAMS 0x0000000084900000, 0x0000000084900000| Complete 
|  74|0x0000000084a00000, 0x0000000084a00000, 0x0000000084b00000|  0%| F|  |TAMS 0x0000000084a00000, 0x0000000084a00000| Untracked 
|  75|0x0000000084b00000, 0x0000000084b00000, 0x0000000084c00000|  0%| F|  |TAMS 0x0000000084b00000, 0x0000000084b00000| Untracked 
|  76|0x0000000084c00000, 0x0000000084c00000, 0x0000000084d00000|  0%| F|  |TAMS 0x0000000084c00000, 0x0000000084c00000| Untracked 
|  77|0x0000000084d00000, 0x0000000084d00000, 0x0000000084e00000|  0%| F|  |TAMS 0x0000000084d00000, 0x0000000084d00000| Untracked 
|  78|0x0000000084e00000, 0x0000000084e00000, 0x0000000084f00000|  0%| F|  |TAMS 0x0000000084e00000, 0x0000000084e00000| Untracked 
|  79|0x0000000084f00000, 0x0000000084f00000, 0x0000000085000000|  0%| F|  |TAMS 0x0000000084f00000, 0x0000000084f00000| Untracked 
|  80|0x0000000085000000, 0x0000000085000000, 0x0000000085100000|  0%| F|  |TAMS 0x0000000085000000, 0x0000000085000000| Untracked 
|  81|0x0000000085100000, 0x0000000085100000, 0x0000000085200000|  0%| F|  |TAMS 0x0000000085100000, 0x0000000085100000| Untracked 
|  82|0x0000000085200000, 0x0000000085280800, 0x0000000085300000| 50%| E|  |TAMS 0x0000000085200000, 0x0000000085200000| Complete 
|  83|0x0000000085300000, 0x0000000085400000, 0x0000000085400000|100%| E|CS|TAMS 0x0000000085300000, 0x0000000085300000| Complete 
|  84|0x0000000085400000, 0x0000000085500000, 0x0000000085500000|100%| E|CS|TAMS 0x0000000085400000, 0x0000000085400000| Complete 
|  85|0x0000000085500000, 0x0000000085600000, 0x0000000085600000|100%| E|CS|TAMS 0x0000000085500000, 0x0000000085500000| Complete 
|  86|0x0000000085600000, 0x0000000085700000, 0x0000000085700000|100%| E|CS|TAMS 0x0000000085600000, 0x0000000085600000| Complete 
|  87|0x0000000085700000, 0x0000000085800000, 0x0000000085800000|100%| E|CS|TAMS 0x0000000085700000, 0x0000000085700000| Complete 
|  88|0x0000000085800000, 0x0000000085900000, 0x0000000085900000|100%| E|CS|TAMS 0x0000000085800000, 0x0000000085800000| Complete 
|  89|0x0000000085900000, 0x0000000085a00000, 0x0000000085a00000|100%| E|CS|TAMS 0x0000000085900000, 0x0000000085900000| Complete 
|  90|0x0000000085a00000, 0x0000000085b00000, 0x0000000085b00000|100%| E|CS|TAMS 0x0000000085a00000, 0x0000000085a00000| Complete 
|  91|0x0000000085b00000, 0x0000000085c00000, 0x0000000085c00000|100%| E|CS|TAMS 0x0000000085b00000, 0x0000000085b00000| Complete 
|  92|0x0000000085c00000, 0x0000000085d00000, 0x0000000085d00000|100%| E|CS|TAMS 0x0000000085c00000, 0x0000000085c00000| Complete 
|  93|0x0000000085d00000, 0x0000000085e00000, 0x0000000085e00000|100%| E|CS|TAMS 0x0000000085d00000, 0x0000000085d00000| Complete 
|  94|0x0000000085e00000, 0x0000000085f00000, 0x0000000085f00000|100%| E|CS|TAMS 0x0000000085e00000, 0x0000000085e00000| Complete 
|  95|0x0000000085f00000, 0x0000000086000000, 0x0000000086000000|100%| E|CS|TAMS 0x0000000085f00000, 0x0000000085f00000| Complete 
|  96|0x0000000086000000, 0x0000000086100000, 0x0000000086100000|100%| E|CS|TAMS 0x0000000086000000, 0x0000000086000000| Complete 
|  97|0x0000000086100000, 0x0000000086200000, 0x0000000086200000|100%| E|CS|TAMS 0x0000000086100000, 0x0000000086100000| Complete 
|  98|0x0000000086200000, 0x0000000086300000, 0x0000000086300000|100%| E|CS|TAMS 0x0000000086200000, 0x0000000086200000| Complete 
|  99|0x0000000086300000, 0x0000000086400000, 0x0000000086400000|100%| E|CS|TAMS 0x0000000086300000, 0x0000000086300000| Complete 
| 100|0x0000000086400000, 0x0000000086500000, 0x0000000086500000|100%| E|CS|TAMS 0x0000000086400000, 0x0000000086400000| Complete 
| 101|0x0000000086500000, 0x0000000086600000, 0x0000000086600000|100%| E|CS|TAMS 0x0000000086500000, 0x0000000086500000| Complete 
| 102|0x0000000086600000, 0x0000000086700000, 0x0000000086700000|100%| E|CS|TAMS 0x0000000086600000, 0x0000000086600000| Complete 
| 103|0x0000000086700000, 0x0000000086800000, 0x0000000086800000|100%| E|CS|TAMS 0x0000000086700000, 0x0000000086700000| Complete 
| 104|0x0000000086800000, 0x0000000086900000, 0x0000000086900000|100%| E|CS|TAMS 0x0000000086800000, 0x0000000086800000| Complete 
| 105|0x0000000086900000, 0x0000000086a00000, 0x0000000086a00000|100%| E|CS|TAMS 0x0000000086900000, 0x0000000086900000| Complete 
| 106|0x0000000086a00000, 0x0000000086b00000, 0x0000000086b00000|100%| E|CS|TAMS 0x0000000086a00000, 0x0000000086a00000| Complete 
| 107|0x0000000086b00000, 0x0000000086c00000, 0x0000000086c00000|100%| E|CS|TAMS 0x0000000086b00000, 0x0000000086b00000| Complete 
| 108|0x0000000086c00000, 0x0000000086d00000, 0x0000000086d00000|100%| E|CS|TAMS 0x0000000086c00000, 0x0000000086c00000| Complete 
| 109|0x0000000086d00000, 0x0000000086e00000, 0x0000000086e00000|100%| E|CS|TAMS 0x0000000086d00000, 0x0000000086d00000| Complete 
| 110|0x0000000086e00000, 0x0000000086f00000, 0x0000000086f00000|100%| E|CS|TAMS 0x0000000086e00000, 0x0000000086e00000| Complete 
| 111|0x0000000086f00000, 0x0000000087000000, 0x0000000087000000|100%| E|CS|TAMS 0x0000000086f00000, 0x0000000086f00000| Complete 
| 112|0x0000000087000000, 0x0000000087100000, 0x0000000087100000|100%| E|CS|TAMS 0x0000000087000000, 0x0000000087000000| Complete 
| 113|0x0000000087100000, 0x0000000087200000, 0x0000000087200000|100%| E|CS|TAMS 0x0000000087100000, 0x0000000087100000| Complete 
| 114|0x0000000087200000, 0x0000000087300000, 0x0000000087300000|100%| E|CS|TAMS 0x0000000087200000, 0x0000000087200000| Complete 
| 115|0x0000000087300000, 0x0000000087400000, 0x0000000087400000|100%| E|CS|TAMS 0x0000000087300000, 0x0000000087300000| Complete 
| 116|0x0000000087400000, 0x0000000087500000, 0x0000000087500000|100%| E|CS|TAMS 0x0000000087400000, 0x0000000087400000| Complete 
| 117|0x0000000087500000, 0x0000000087600000, 0x0000000087600000|100%| E|CS|TAMS 0x0000000087500000, 0x0000000087500000| Complete 
| 118|0x0000000087600000, 0x0000000087700000, 0x0000000087700000|100%| E|CS|TAMS 0x0000000087600000, 0x0000000087600000| Complete 
| 119|0x0000000087700000, 0x0000000087800000, 0x0000000087800000|100%| E|CS|TAMS 0x0000000087700000, 0x0000000087700000| Complete 
| 120|0x0000000087800000, 0x0000000087900000, 0x0000000087900000|100%| E|CS|TAMS 0x0000000087800000, 0x0000000087800000| Complete 
| 121|0x0000000087900000, 0x0000000087a00000, 0x0000000087a00000|100%| E|CS|TAMS 0x0000000087900000, 0x0000000087900000| Complete 
| 122|0x0000000087a00000, 0x0000000087b00000, 0x0000000087b00000|100%| E|CS|TAMS 0x0000000087a00000, 0x0000000087a00000| Complete 
| 123|0x0000000087b00000, 0x0000000087c00000, 0x0000000087c00000|100%| E|CS|TAMS 0x0000000087b00000, 0x0000000087b00000| Complete 
| 124|0x0000000087c00000, 0x0000000087d00000, 0x0000000087d00000|100%| E|CS|TAMS 0x0000000087c00000, 0x0000000087c00000| Complete 
| 125|0x0000000087d00000, 0x0000000087e00000, 0x0000000087e00000|100%| E|CS|TAMS 0x0000000087d00000, 0x0000000087d00000| Complete 

Card table byte_map: [0x0000018f786f0000,0x0000018f78af0000] _byte_map_base: 0x0000018f782f0000

Marking Bits (Prev, Next): (CMBitMap*) 0x0000018f77f218b0, (CMBitMap*) 0x0000018f77f21878
 Prev Bits: [0x0000018f7aef0000, 0x0000018f7cef0000)
 Next Bits: [0x0000018f78ef0000, 0x0000018f7aef0000)

Polling page: 0x0000018f776c0000

Metaspace:

Usage:
  Non-class:     58.21 MB capacity,    57.29 MB ( 98%) used,   792.41 KB (  1%) free+waste,   148.94 KB ( <1%) overhead. 
      Class:      8.97 MB capacity,     8.44 MB ( 94%) used,   465.84 KB (  5%) free+waste,    68.50 KB ( <1%) overhead. 
       Both:     67.18 MB capacity,    65.74 MB ( 98%) used,     1.23 MB (  2%) free+waste,   217.44 KB ( <1%) overhead. 

Virtual space:
  Non-class space:       60.00 MB reserved,      58.31 MB ( 97%) committed 
      Class space:        1.00 GB reserved,       9.03 MB ( <1%) committed 
             Both:        1.06 GB reserved,      67.34 MB (  6%) committed 

Chunk freelists:
   Non-Class:  33.00 KB
       Class:  2.00 KB
        Both:  35.00 KB

MaxMetaspaceSize: 17179869184.00 GB
CompressedClassSpaceSize: 1.00 GB
Initial GC threshold: 20.80 MB
Current GC threshold: 98.90 MB
CDS: off

CodeHeap 'non-profiled nmethods': size=120000Kb used=3154Kb max_used=3154Kb free=116846Kb
 bounds [0x0000018f103f0000, 0x0000018f10710000, 0x0000018f17920000]
CodeHeap 'profiled nmethods': size=120000Kb used=12986Kb max_used=12986Kb free=107013Kb
 bounds [0x0000018f08ec0000, 0x0000018f09b70000, 0x0000018f103f0000]
CodeHeap 'non-nmethods': size=5760Kb used=2318Kb max_used=2353Kb free=3441Kb
 bounds [0x0000018f08920000, 0x0000018f08b90000, 0x0000018f08ec0000]
 total_blobs=6814 nmethods=5998 adapters=728
 compilation: enabled
              stopped_count=0, restarted_count=0
 full_count=0

Compilation events (20 events):
Event: 27.255 Thread 0x0000018f7f961800 6018       1       org.gradle.api.internal.DefaultNamedDomainObjectCollection::getInstantiator (5 bytes)
Event: 27.255 Thread 0x0000018f7f961800 nmethod 6018 0x0000018f106fe190 code [0x0000018f106fe340, 0x0000018f106fe3f8]
Event: 27.257 Thread 0x0000018f7f961800 6019       1       com.android.build.api.artifact.impl.ArtifactContainer::getCurrent$gradle_core (5 bytes)
Event: 27.257 Thread 0x0000018f7f961800 nmethod 6019 0x0000018f106fe490 code [0x0000018f106fe640, 0x0000018f106fe6f8]
Event: 27.257 Thread 0x0000018f7f961800 6020       3       org.gradle.api.internal.DefaultNamedDomainObjectCollection$AbstractDomainObjectCreatingProvider::getName (5 bytes)
Event: 27.257 Thread 0x0000018f7f961800 nmethod 6020 0x0000018f09b5b910 code [0x0000018f09b5bac0, 0x0000018f09b5bbd8]
Event: 27.260 Thread 0x0000018f7f955000 nmethod 5997 0x0000018f106fe790 code [0x0000018f106fea20, 0x0000018f10700550]
Event: 27.261 Thread 0x0000018f7f955000 6009       4       java.util.concurrent.atomic.AtomicReferenceArray::get (12 bytes)
Event: 27.262 Thread 0x0000018f7f955000 nmethod 6009 0x0000018f10701790 code [0x0000018f10701920, 0x0000018f107019b8]
Event: 27.262 Thread 0x0000018f7f955000 6017       4       kotlin.jvm.internal.Intrinsics::checkExpressionValueIsNotNull (38 bytes)
Event: 27.262 Thread 0x0000018f7f955000 nmethod 6017 0x0000018f10701b10 code [0x0000018f10701ca0, 0x0000018f10701cf8]
Event: 27.262 Thread 0x0000018f7f955000 6021       4       java.util.concurrent.ConcurrentHashMap::remove (8 bytes)
Event: 27.263 Thread 0x0000018f7f955000 nmethod 6021 0x0000018f10701e10 code [0x0000018f10701fa0, 0x0000018f10702028]
Event: 27.263 Thread 0x0000018f7f955000 6005       4       jdk.internal.loader.URLClassPath$JarLoader$2::getContentLength (9 bytes)
Event: 27.264 Thread 0x0000018f7f955000 nmethod 6005 0x0000018f10702110 code [0x0000018f107022a0, 0x0000018f10702318]
Event: 27.264 Thread 0x0000018f7f955000 6006       4       jdk.internal.loader.URLClassPath$JarLoader$2::getCodeSigners (8 bytes)
Event: 27.278 Thread 0x0000018f7f961800 6022       3       org.gradle.api.internal.file.DefaultFilePropertyFactory$AbstractFileVar::<init> (7 bytes)
Event: 27.279 Thread 0x0000018f7f961800 nmethod 6022 0x0000018f09b5bc90 code [0x0000018f09b5bf00, 0x0000018f09b5cb28]
Event: 27.279 Thread 0x0000018f7f961800 6023       1       org.gradle.api.internal.provider.FlatMapProvider::getType (2 bytes)
Event: 27.279 Thread 0x0000018f7f961800 nmethod 6023 0x0000018f10702410 code [0x0000018f107025c0, 0x0000018f10702678]

GC Heap History (20 events):
Event: 13.875 GC heap before
{Heap before GC invocations=1 (full 0):
 garbage-first heap   total 129024K, used 81486K [0x0000000080000000, 0x0000000100000000)
  region size 1024K, 75 young (76800K), 3 survivors (3072K)
 Metaspace       used 19175K, capacity 19608K, committed 19712K, reserved 1067008K
  class space    used 2304K, capacity 2457K, committed 2560K, reserved 1048576K
}
Event: 13.886 GC heap after
{Heap after GC invocations=2 (full 0):
 garbage-first heap   total 129024K, used 15859K [0x0000000080000000, 0x0000000100000000)
  region size 1024K, 10 young (10240K), 10 survivors (10240K)
 Metaspace       used 19175K, capacity 19608K, committed 19712K, reserved 1067008K
  class space    used 2304K, capacity 2457K, committed 2560K, reserved 1048576K
}
Event: 14.198 GC heap before
{Heap before GC invocations=2 (full 0):
 garbage-first heap   total 129024K, used 27123K [0x0000000080000000, 0x0000000100000000)
  region size 1024K, 22 young (22528K), 10 survivors (10240K)
 Metaspace       used 20764K, capacity 21196K, committed 21296K, reserved 1069056K
  class space    used 2520K, capacity 2671K, committed 2688K, reserved 1048576K
}
Event: 14.208 GC heap after
{Heap after GC invocations=3 (full 0):
 garbage-first heap   total 129024K, used 16115K [0x0000000080000000, 0x0000000100000000)
  region size 1024K, 1 young (1024K), 1 survivors (1024K)
 Metaspace       used 20764K, capacity 21196K, committed 21296K, reserved 1069056K
  class space    used 2520K, capacity 2671K, committed 2688K, reserved 1048576K
}
Event: 15.434 GC heap before
{Heap before GC invocations=4 (full 0):
 garbage-first heap   total 129024K, used 63219K [0x0000000080000000, 0x0000000100000000)
  region size 1024K, 47 young (48128K), 1 survivors (1024K)
 Metaspace       used 26232K, capacity 26848K, committed 27132K, reserved 1073152K
  class space    used 3394K, capacity 3601K, committed 3660K, reserved 1048576K
}
Event: 15.438 GC heap after
{Heap after GC invocations=5 (full 0):
 garbage-first heap   total 129024K, used 17738K [0x0000000080000000, 0x0000000100000000)
  region size 1024K, 3 young (3072K), 3 survivors (3072K)
 Metaspace       used 26232K, capacity 26848K, committed 27132K, reserved 1073152K
  class space    used 3394K, capacity 3601K, committed 3660K, reserved 1048576K
}
Event: 17.326 GC heap before
{Heap before GC invocations=5 (full 0):
 garbage-first heap   total 129024K, used 68938K [0x0000000080000000, 0x0000000100000000)
  region size 1024K, 54 young (55296K), 3 survivors (3072K)
 Metaspace       used 35232K, capacity 35958K, committed 36048K, reserved 1081344K
  class space    used 4549K, capacity 4850K, committed 4896K, reserved 1048576K
}
Event: 17.338 GC heap after
{Heap after GC invocations=6 (full 0):
 garbage-first heap   total 129024K, used 21016K [0x0000000080000000, 0x0000000100000000)
  region size 1024K, 6 young (6144K), 6 survivors (6144K)
 Metaspace       used 35232K, capacity 35958K, committed 36048K, reserved 1081344K
  class space    used 4549K, capacity 4850K, committed 4896K, reserved 1048576K
}
Event: 18.841 GC heap before
{Heap before GC invocations=7 (full 0):
 garbage-first heap   total 129024K, used 80408K [0x0000000080000000, 0x0000000100000000)
  region size 1024K, 61 young (62464K), 6 survivors (6144K)
 Metaspace       used 41043K, capacity 41828K, committed 42064K, reserved 1085440K
  class space    used 5195K, capacity 5498K, committed 5536K, reserved 1048576K
}
Event: 18.849 GC heap after
{Heap after GC invocations=8 (full 0):
 garbage-first heap   total 129024K, used 24690K [0x0000000080000000, 0x0000000100000000)
  region size 1024K, 7 young (7168K), 7 survivors (7168K)
 Metaspace       used 41043K, capacity 41828K, committed 42064K, reserved 1085440K
  class space    used 5195K, capacity 5498K, committed 5536K, reserved 1048576K
}
Event: 20.664 GC heap before
{Heap before GC invocations=8 (full 0):
 garbage-first heap   total 129024K, used 81010K [0x0000000080000000, 0x0000000100000000)
  region size 1024K, 63 young (64512K), 7 survivors (7168K)
 Metaspace       used 45215K, capacity 46204K, committed 46288K, reserved 1089536K
  class space    used 5759K, capacity 6129K, committed 6176K, reserved 1048576K
}
Event: 20.673 GC heap after
{Heap after GC invocations=9 (full 0):
 garbage-first heap   total 129024K, used 28030K [0x0000000080000000, 0x0000000100000000)
  region size 1024K, 7 young (7168K), 7 survivors (7168K)
 Metaspace       used 45215K, capacity 46204K, committed 46288K, reserved 1089536K
  class space    used 5759K, capacity 6129K, committed 6176K, reserved 1048576K
}
Event: 22.367 GC heap before
{Heap before GC invocations=9 (full 0):
 garbage-first heap   total 129024K, used 92542K [0x0000000080000000, 0x0000000100000000)
  region size 1024K, 64 young (65536K), 7 survivors (7168K)
 Metaspace       used 49711K, capacity 50865K, committed 50896K, reserved 1093632K
  class space    used 6276K, capacity 6683K, committed 6688K, reserved 1048576K
}
Event: 22.381 GC heap after
{Heap after GC invocations=10 (full 0):
 garbage-first heap   total 129024K, used 43934K [0x0000000080000000, 0x0000000100000000)
  region size 1024K, 8 young (8192K), 8 survivors (8192K)
 Metaspace       used 49711K, capacity 50865K, committed 50896K, reserved 1093632K
  class space    used 6276K, capacity 6683K, committed 6688K, reserved 1048576K
}
Event: 23.815 GC heap before
{Heap before GC invocations=10 (full 0):
 garbage-first heap   total 129024K, used 93086K [0x0000000080000000, 0x0000000100000000)
  region size 1024K, 56 young (57344K), 8 survivors (8192K)
 Metaspace       used 57230K, capacity 58559K, committed 58832K, reserved 1099776K
  class space    used 7230K, capacity 7685K, committed 7712K, reserved 1048576K
}
Event: 23.821 GC heap after
{Heap after GC invocations=11 (full 0):
 garbage-first heap   total 129024K, used 48439K [0x0000000080000000, 0x0000000100000000)
  region size 1024K, 4 young (4096K), 4 survivors (4096K)
 Metaspace       used 57230K, capacity 58559K, committed 58832K, reserved 1099776K
  class space    used 7230K, capacity 7685K, committed 7712K, reserved 1048576K
}
Event: 24.247 GC heap before
{Heap before GC invocations=11 (full 0):
 garbage-first heap   total 129024K, used 70967K [0x0000000080000000, 0x0000000100000000)
  region size 1024K, 28 young (28672K), 4 survivors (4096K)
 Metaspace       used 59083K, capacity 60481K, committed 60508K, reserved 1101824K
  class space    used 7473K, capacity 7956K, committed 7968K, reserved 1048576K
}
Event: 24.257 GC heap after
{Heap after GC invocations=12 (full 0):
 garbage-first heap   total 129024K, used 49701K [0x0000000080000000, 0x0000000100000000)
  region size 1024K, 5 young (5120K), 5 survivors (5120K)
 Metaspace       used 59083K, capacity 60481K, committed 60508K, reserved 1101824K
  class space    used 7473K, capacity 7956K, committed 7968K, reserved 1048576K
}
Event: 26.080 GC heap before
{Heap before GC invocations=13 (full 0):
 garbage-first heap   total 129024K, used 98853K [0x0000000080000000, 0x0000000100000000)
  region size 1024K, 52 young (53248K), 5 survivors (5120K)
 Metaspace       used 63133K, capacity 64601K, committed 64860K, reserved 1105920K
  class space    used 7953K, capacity 8467K, committed 8480K, reserved 1048576K
}
Event: 26.090 GC heap after
{Heap after GC invocations=14 (full 0):
 garbage-first heap   total 129024K, used 53270K [0x0000000080000000, 0x0000000100000000)
  region size 1024K, 6 young (6144K), 6 survivors (6144K)
 Metaspace       used 63133K, capacity 64601K, committed 64860K, reserved 1105920K
  class space    used 7953K, capacity 8467K, committed 8480K, reserved 1048576K
}

Deoptimization events (20 events):
Event: 24.939 Thread 0x0000018f18c27000 Uncommon trap: trap_request=0xffffff4d fr.pc=0x0000018f10641bd8 relative=0x00000000000014f8
Event: 24.939 Thread 0x0000018f18c27000 Uncommon trap: reason=unstable_if action=reinterpret pc=0x0000018f10641bd8 method=org.codehaus.groovy.runtime.metaclass.MetaMethodIndex.isNonRealMethod(Lgroovy/lang/MetaMethod;)Z @ 4 c2
Event: 24.939 Thread 0x0000018f18c27000 DEOPT PACKING pc=0x0000018f10641bd8 sp=0x0000007ef19f7eb0
Event: 24.940 Thread 0x0000018f18c27000 DEOPT UNPACKING pc=0x0000018f0896a1af sp=0x0000007ef19f7e10 mode 2
Event: 24.941 Thread 0x0000018f18c27000 Uncommon trap: trap_request=0xffffff4d fr.pc=0x0000018f105b4fcc relative=0x000000000000596c
Event: 24.941 Thread 0x0000018f18c27000 Uncommon trap: reason=unstable_if action=reinterpret pc=0x0000018f105b4fcc method=groovy.lang.MetaClassImpl$1MOPIter.methodNameAction(Ljava/lang/Class;Lorg/codehaus/groovy/runtime/metaclass/MetaMethodIndex$Entry;)V @ 182 c2
Event: 24.941 Thread 0x0000018f18c27000 DEOPT PACKING pc=0x0000018f105b4fcc sp=0x0000007ef19f7e80
Event: 24.941 Thread 0x0000018f18c27000 DEOPT UNPACKING pc=0x0000018f0896a1af sp=0x0000007ef19f7e98 mode 2
Event: 25.129 Thread 0x0000018f18c27000 DEOPT PACKING pc=0x0000018f09427a96 sp=0x0000007ef19f6f80
Event: 25.129 Thread 0x0000018f18c27000 DEOPT UNPACKING pc=0x0000018f0896a95e sp=0x0000007ef19f6498 mode 0
Event: 25.183 Thread 0x0000018f18c27000 Uncommon trap: trap_request=0xffffff4d fr.pc=0x0000018f10545c18 relative=0x0000000000004bf8
Event: 25.183 Thread 0x0000018f18c27000 Uncommon trap: reason=unstable_if action=reinterpret pc=0x0000018f10545c18 method=sun.net.www.protocol.jar.Handler.parseURL(Ljava/net/URL;Ljava/lang/String;II)V @ 116 c2
Event: 25.183 Thread 0x0000018f18c27000 DEOPT PACKING pc=0x0000018f10545c18 sp=0x0000007ef19f8220
Event: 25.183 Thread 0x0000018f18c27000 DEOPT UNPACKING pc=0x0000018f0896a1af sp=0x0000007ef19f8118 mode 2
Event: 25.440 Thread 0x0000018f18c27000 Uncommon trap: trap_request=0xffffff4d fr.pc=0x0000018f1066dd80 relative=0x0000000000001860
Event: 25.440 Thread 0x0000018f18c27000 Uncommon trap: reason=unstable_if action=reinterpret pc=0x0000018f1066dd80 method=java.util.concurrent.ConcurrentHashMap.putVal(Ljava/lang/Object;Ljava/lang/Object;Z)Ljava/lang/Object; @ 245 c2
Event: 25.440 Thread 0x0000018f18c27000 DEOPT PACKING pc=0x0000018f1066dd80 sp=0x0000007ef19f7560
Event: 25.440 Thread 0x0000018f18c27000 DEOPT UNPACKING pc=0x0000018f0896a1af sp=0x0000007ef19f74e8 mode 2
Event: 26.884 Thread 0x0000018f18c27000 DEOPT PACKING pc=0x0000018f09a50cdd sp=0x0000007ef19f8ce0
Event: 26.884 Thread 0x0000018f18c27000 DEOPT UNPACKING pc=0x0000018f0896a95e sp=0x0000007ef19f8198 mode 0

Classes redefined (0 events):
No events

Internal exceptions (20 events):
Event: 26.172 Thread 0x0000018f18c27000 Exception <a 'java/lang/ClassNotFoundException'{0x00000000875aff70}: com/android/builder/core/AbstractBuildTypeBeanInfo> (0x00000000875aff70) thrown at [./src/hotspot/share/classfile/systemDictionary.cpp, line 237]
Event: 26.173 Thread 0x0000018f18c27000 Exception <a 'java/lang/ClassNotFoundException'{0x00000000875c7a80}: com/android/builder/core/AbstractBuildTypeCustomizer> (0x00000000875c7a80) thrown at [./src/hotspot/share/classfile/systemDictionary.cpp, line 237]
Event: 26.175 Thread 0x0000018f18c27000 Exception <a 'java/lang/ClassNotFoundException'{0x00000000875fbde0}: com/android/build/gradle/internal/dsl/BuildTypeCustomizer> (0x00000000875fbde0) thrown at [./src/hotspot/share/classfile/systemDictionary.cpp, line 237]
Event: 26.179 Thread 0x0000018f18c27000 Exception <a 'java/lang/ClassNotFoundException'{0x0000000087483928}: com/android/build/gradle/internal/dsl/BuildType_DecoratedCustomizer> (0x0000000087483928) thrown at [./src/hotspot/share/classfile/systemDictionary.cpp, line 237]
Event: 26.188 Thread 0x0000018f18c27000 Exception <a 'java/lang/ClassNotFoundException'{0x00000000873445a8}: build_1doy0xin1op3yo32edp3yv3dx$_run_closure1$_closure5BeanInfo> (0x00000000873445a8) thrown at [./src/hotspot/share/classfile/systemDictionary.cpp, line 237]
Event: 26.188 Thread 0x0000018f18c27000 Exception <a 'java/lang/ClassNotFoundException'{0x0000000087354b90}: build_1doy0xin1op3yo32edp3yv3dx$_run_closure1$_closure5Customizer> (0x0000000087354b90) thrown at [./src/hotspot/share/classfile/systemDictionary.cpp, line 237]
Event: 26.191 Thread 0x0000018f18c27000 Exception <a 'java/lang/ClassNotFoundException'{0x0000000087381fd0}: build_1doy0xin1op3yo32edp3yv3dx$_run_closure1BeanInfo> (0x0000000087381fd0) thrown at [./src/hotspot/share/classfile/systemDictionary.cpp, line 237]
Event: 26.192 Thread 0x0000018f18c27000 Exception <a 'java/lang/ClassNotFoundException'{0x0000000087391c50}: build_1doy0xin1op3yo32edp3yv3dx$_run_closure1Customizer> (0x0000000087391c50) thrown at [./src/hotspot/share/classfile/systemDictionary.cpp, line 237]
Event: 26.198 Thread 0x0000018f18c27000 Exception <a 'java/lang/ClassNotFoundException'{0x00000000873e8730}: org/gradle/api/JavaVersionBeanInfo> (0x00000000873e8730) thrown at [./src/hotspot/share/classfile/systemDictionary.cpp, line 237]
Event: 26.199 Thread 0x0000018f18c27000 Exception <a 'java/lang/ClassNotFoundException'{0x00000000873f39d0}: java/lang/EnumBeanInfo> (0x00000000873f39d0) thrown at [./src/hotspot/share/classfile/systemDictionary.cpp, line 237]
Event: 26.199 Thread 0x0000018f18c27000 Exception <a 'java/lang/ClassNotFoundException'{0x00000000873fece0}: java/lang/EnumCustomizer> (0x00000000873fece0) thrown at [./src/hotspot/share/classfile/systemDictionary.cpp, line 237]
Event: 26.201 Thread 0x0000018f18c27000 Exception <a 'java/lang/ClassNotFoundException'{0x0000000087229ae0}: org/gradle/api/JavaVersionCustomizer> (0x0000000087229ae0) thrown at [./src/hotspot/share/classfile/systemDictionary.cpp, line 237]
Event: 26.205 Thread 0x0000018f18c27000 Exception <a 'java/lang/ClassNotFoundException'{0x000000008727ccb0}: com/android/build/gradle/internal/CompileOptions_DecoratedBeanInfo> (0x000000008727ccb0) thrown at [./src/hotspot/share/classfile/systemDictionary.cpp, line 237]
Event: 26.206 Thread 0x0000018f18c27000 Exception <a 'java/lang/ClassNotFoundException'{0x0000000087293ae0}: com/android/build/gradle/internal/CompileOptionsBeanInfo> (0x0000000087293ae0) thrown at [./src/hotspot/share/classfile/systemDictionary.cpp, line 237]
Event: 26.206 Thread 0x0000018f18c27000 Exception <a 'java/lang/ClassNotFoundException'{0x00000000872aae18}: com/android/build/gradle/internal/CompileOptionsCustomizer> (0x00000000872aae18) thrown at [./src/hotspot/share/classfile/systemDictionary.cpp, line 237]
Event: 26.208 Thread 0x0000018f18c27000 Exception <a 'java/lang/ClassNotFoundException'{0x00000000872ceb68}: com/android/build/gradle/internal/CompileOptions_DecoratedCustomizer> (0x00000000872ceb68) thrown at [./src/hotspot/share/classfile/systemDictionary.cpp, line 237]
Event: 26.236 Thread 0x0000018f18c27000 Exception <a 'java/lang/ClassNotFoundException'{0x0000000087012e28}: org/jetbrains/kotlin/gradle/dsl/KotlinJvmOptionsImplBeanInfo> (0x0000000087012e28) thrown at [./src/hotspot/share/classfile/systemDictionary.cpp, line 237]
Event: 26.237 Thread 0x0000018f18c27000 Exception <a 'java/lang/ClassNotFoundException'{0x000000008702a918}: org/jetbrains/kotlin/gradle/dsl/KotlinJvmOptionsBaseBeanInfo> (0x000000008702a918) thrown at [./src/hotspot/share/classfile/systemDictionary.cpp, line 237]
Event: 26.239 Thread 0x0000018f18c27000 Exception <a 'java/lang/ClassNotFoundException'{0x0000000087042610}: org/jetbrains/kotlin/gradle/dsl/KotlinJvmOptionsBaseCustomizer> (0x0000000087042610) thrown at [./src/hotspot/share/classfile/systemDictionary.cpp, line 237]
Event: 26.242 Thread 0x0000018f18c27000 Exception <a 'java/lang/ClassNotFoundException'{0x00000000870743e0}: org/jetbrains/kotlin/gradle/dsl/KotlinJvmOptionsImplCustomizer> (0x00000000870743e0) thrown at [./src/hotspot/share/classfile/systemDictionary.cpp, line 237]

Events (20 events):
Event: 27.283 loading class com/android/build/gradle/internal/tasks/featuresplit/FeatureSetMetadataWriterTask$CreationAction$handleProvider$1
Event: 27.283 loading class com/android/build/gradle/internal/tasks/featuresplit/FeatureSetMetadataWriterTask$CreationAction$handleProvider$1 done
Event: 27.283 loading class com/android/build/gradle/internal/tasks/ValidateSigningTask$CreationAction
Event: 27.283 loading class com/android/build/gradle/internal/tasks/ValidateSigningTask$CreationAction done
Event: 27.284 loading class com/android/build/gradle/internal/tasks/ValidateSigningTask
Event: 27.284 loading class com/android/build/gradle/internal/tasks/ValidateSigningTask done
Event: 27.285 loading class com/android/build/gradle/internal/tasks/ValidateSigningTask$CreationAction$handleProvider$1
Event: 27.285 loading class com/android/build/gradle/internal/tasks/ValidateSigningTask$CreationAction$handleProvider$1 done
Event: 27.286 loading class com/android/build/gradle/internal/scope/InternalArtifactType$VALIDATE_SIGNING_CONFIG
Event: 27.286 loading class com/android/build/gradle/internal/scope/InternalArtifactType$VALIDATE_SIGNING_CONFIG done
Event: 27.286 loading class com/android/build/gradle/internal/tasks/SigningConfigWriterTask$CreationAction
Event: 27.286 loading class com/android/build/gradle/internal/tasks/SigningConfigWriterTask$CreationAction done
Event: 27.287 loading class com/android/build/gradle/internal/tasks/SigningConfigWriterTask
Event: 27.287 loading class com/android/build/gradle/internal/tasks/SigningConfigWriterTask done
Event: 27.287 loading class com/android/build/gradle/internal/tasks/SigningConfigWriterTask$CreationAction$handleProvider$1
Event: 27.287 loading class com/android/build/gradle/internal/tasks/SigningConfigWriterTask$CreationAction$handleProvider$1 done
Event: 27.288 loading class com/android/build/gradle/internal/tasks/SigningConfigVersionsWriterTask$CreationAction
Event: 27.288 loading class com/android/build/gradle/internal/tasks/SigningConfigVersionsWriterTask$CreationAction done
Event: 27.289 loading class com/android/build/gradle/internal/tasks/SigningConfigVersionsWriterTask
Event: 27.289 loading class com/android/build/gradle/internal/tasks/SigningConfigVersionsWriterTask done


Dynamic libraries:
0x00007ff732170000 - 0x00007ff73217d000 	C:\Users\Monica S\.jdks\azul-11.0.12\bin\java.exe
0x00007ffb07900000 - 0x00007ffb07b09000 	C:\WINDOWS\SYSTEM32\ntdll.dll
0x00007ffb06d40000 - 0x00007ffb06dfd000 	C:\WINDOWS\System32\KERNEL32.DLL
0x00007ffb05110000 - 0x00007ffb05484000 	C:\WINDOWS\System32\KERNELBASE.dll
0x00007ffb05680000 - 0x00007ffb05791000 	C:\WINDOWS\System32\ucrtbase.dll
0x00007ffaf0830000 - 0x00007ffaf0847000 	C:\Users\Monica S\.jdks\azul-11.0.12\bin\jli.dll
0x00007ffae0040000 - 0x00007ffae0055000 	C:\Users\Monica S\.jdks\azul-11.0.12\bin\VCRUNTIME140.dll
0x00007ffb06f00000 - 0x00007ffb070ac000 	C:\WINDOWS\System32\USER32.dll
0x00007ffb05490000 - 0x00007ffb054b6000 	C:\WINDOWS\System32\win32u.dll
0x00007ffaeef60000 - 0x00007ffaef205000 	C:\WINDOWS\WinSxS\amd64_microsoft.windows.common-controls_6595b64144ccf1df_6.0.22000.120_none_9d947278b86cc467\COMCTL32.dll
0x00007ffb07420000 - 0x00007ffb07449000 	C:\WINDOWS\System32\GDI32.dll
0x00007ffb07370000 - 0x00007ffb07413000 	C:\WINDOWS\System32\msvcrt.dll
0x00007ffb054c0000 - 0x00007ffb055d2000 	C:\WINDOWS\System32\gdi32full.dll
0x00007ffb055e0000 - 0x00007ffb0567d000 	C:\WINDOWS\System32\msvcp_win.dll
0x00007ffb070c0000 - 0x00007ffb070f1000 	C:\WINDOWS\System32\IMM32.DLL
0x00007ffac3010000 - 0x00007ffac30ab000 	C:\Users\Monica S\.jdks\azul-11.0.12\bin\msvcp140.dll
0x00007ffaaa560000 - 0x00007ffaab0c4000 	C:\Users\Monica S\.jdks\azul-11.0.12\bin\server\jvm.dll
0x00007ffb07100000 - 0x00007ffb071ae000 	C:\WINDOWS\System32\ADVAPI32.dll
0x00007ffb06ae0000 - 0x00007ffb06b7e000 	C:\WINDOWS\System32\sechost.dll
0x00007ffb075f0000 - 0x00007ffb07710000 	C:\WINDOWS\System32\RPCRT4.dll
0x00007ffb07890000 - 0x00007ffb07898000 	C:\WINDOWS\System32\PSAPI.DLL
0x00007ffafeb60000 - 0x00007ffafeb6a000 	C:\WINDOWS\SYSTEM32\VERSION.dll
0x00007ffaffd70000 - 0x00007ffaffda3000 	C:\WINDOWS\SYSTEM32\WINMM.dll
0x00007ffaefb20000 - 0x00007ffaefb29000 	C:\WINDOWS\SYSTEM32\WSOCK32.dll
0x00007ffb06e20000 - 0x00007ffb06e8f000 	C:\WINDOWS\System32\WS2_32.dll
0x00007ffb03f70000 - 0x00007ffb03f88000 	C:\WINDOWS\SYSTEM32\kernel.appcore.dll
0x00007ffaf6880000 - 0x00007ffaf6890000 	C:\Users\Monica S\.jdks\azul-11.0.12\bin\verify.dll
0x00007ffb00bf0000 - 0x00007ffb00e11000 	C:\WINDOWS\SYSTEM32\DBGHELP.DLL
0x00007ffafe520000 - 0x00007ffafe551000 	C:\WINDOWS\SYSTEM32\dbgcore.DLL
0x00007ffb04eb0000 - 0x00007ffb04f2f000 	C:\WINDOWS\System32\bcryptPrimitives.dll
0x00007ffade2d0000 - 0x00007ffade2f8000 	C:\Users\Monica S\.jdks\azul-11.0.12\bin\java.dll
0x00007ffaf4200000 - 0x00007ffaf420a000 	C:\Users\Monica S\.jdks\azul-11.0.12\bin\jimage.dll
0x00007ffadeb50000 - 0x00007ffadeb67000 	C:\Users\Monica S\.jdks\azul-11.0.12\bin\zip.dll
0x00007ffb05c10000 - 0x00007ffb063be000 	C:\WINDOWS\System32\SHELL32.dll
0x00007ffb02f60000 - 0x00007ffb037c8000 	C:\WINDOWS\SYSTEM32\windows.storage.dll
0x00007ffb063c0000 - 0x00007ffb06738000 	C:\WINDOWS\System32\combase.dll
0x00007ffb02df0000 - 0x00007ffb02f56000 	C:\WINDOWS\SYSTEM32\wintypes.dll
0x00007ffb06750000 - 0x00007ffb0683a000 	C:\WINDOWS\System32\SHCORE.dll
0x00007ffb07310000 - 0x00007ffb0736d000 	C:\WINDOWS\System32\shlwapi.dll
0x00007ffb04d20000 - 0x00007ffb04d41000 	C:\WINDOWS\SYSTEM32\profapi.dll
0x00007ffade880000 - 0x00007ffade899000 	C:\Users\Monica S\.jdks\azul-11.0.12\bin\net.dll
0x00007ffaff6a0000 - 0x00007ffaff7ac000 	C:\WINDOWS\SYSTEM32\WINHTTP.dll
0x00007ffb04410000 - 0x00007ffb04477000 	C:\WINDOWS\system32\mswsock.dll
0x00007ffade1f0000 - 0x00007ffade202000 	C:\Users\Monica S\.jdks\azul-11.0.12\bin\nio.dll
0x00007ffaf9120000 - 0x00007ffaf9147000 	C:\Users\Monica S\.gradle\native\fdc75f09e3144964f2cf3f50f0aa648679c211496f362492102eb8c894070792\windows-amd64\native-platform.dll
0x00007ffab76b0000 - 0x00007ffab7846000 	C:\Users\Monica S\.gradle\native\12488b8bf47d2d4c9fbf2f6322a914ad602e24e48041cd04a747c6da556b65c4\windows-amd64\native-platform-file-events.dll
0x00007ffaf0480000 - 0x00007ffaf0489000 	C:\Users\Monica S\.jdks\azul-11.0.12\bin\management.dll
0x00007ffaeffc0000 - 0x00007ffaeffcb000 	C:\Users\Monica S\.jdks\azul-11.0.12\bin\management_ext.dll
0x00007ffb04660000 - 0x00007ffb04678000 	C:\WINDOWS\SYSTEM32\CRYPTSP.dll
0x00007ffb03ec0000 - 0x00007ffb03ef5000 	C:\WINDOWS\system32\rsaenh.dll
0x00007ffb04500000 - 0x00007ffb04529000 	C:\WINDOWS\SYSTEM32\USERENV.dll
0x00007ffb047d0000 - 0x00007ffb047f7000 	C:\WINDOWS\SYSTEM32\bcrypt.dll
0x00007ffb04650000 - 0x00007ffb0465c000 	C:\WINDOWS\SYSTEM32\CRYPTBASE.dll
0x00007ffb03a90000 - 0x00007ffb03abd000 	C:\WINDOWS\SYSTEM32\IPHLPAPI.DLL
0x00007ffb068d0000 - 0x00007ffb068d9000 	C:\WINDOWS\System32\NSI.dll
0x00007ffaff5d0000 - 0x00007ffaff5e9000 	C:\WINDOWS\SYSTEM32\dhcpcsvc6.DLL
0x00007ffaff9c0000 - 0x00007ffaff9de000 	C:\WINDOWS\SYSTEM32\dhcpcsvc.DLL
0x00007ffb03b00000 - 0x00007ffb03be7000 	C:\WINDOWS\SYSTEM32\DNSAPI.dll
0x00007ffb00060000 - 0x00007ffb0006c000 	C:\WINDOWS\SYSTEM32\WINNSI.DLL

dbghelp: loaded successfully - version: 4.0.5 - missing functions: none
symbol engine: initialized successfully - sym options: 0x614 - pdb path: .;C:\Users\Monica S\.jdks\azul-11.0.12\bin;C:\WINDOWS\SYSTEM32;C:\WINDOWS\WinSxS\amd64_microsoft.windows.common-controls_6595b64144ccf1df_6.0.22000.120_none_9d947278b86cc467;C:\Users\Monica S\.jdks\azul-11.0.12\bin\server;C:\Users\Monica S\.gradle\native\fdc75f09e3144964f2cf3f50f0aa648679c211496f362492102eb8c894070792\windows-amd64;C:\Users\Monica S\.gradle\native\12488b8bf47d2d4c9fbf2f6322a914ad602e24e48041cd04a747c6da556b65c4\windows-amd64

VM Arguments:
jvm_args: --add-opens=java.base/java.util=ALL-UNNAMED --add-opens=java.base/java.lang=ALL-UNNAMED --add-opens=java.base/java.lang.invoke=ALL-UNNAMED --add-opens=java.prefs/java.util.prefs=ALL-UNNAMED -Xmx2048m -Dfile.encoding=UTF-8 -Duser.country=ID -Duser.language=en -Duser.variant 
java_command: org.gradle.launcher.daemon.bootstrap.GradleDaemon 6.7.1
java_class_path (initial): C:\Users\Monica S\.gradle\wrapper\dists\gradle-6.7.1-bin\bwlcbys1h7rz3272sye1xwiv6\gradle-6.7.1\lib\gradle-launcher-6.7.1.jar
Launcher Type: SUN_STANDARD

[Global flags]
     intx CICompilerCount                          = 4                                         {product} {ergonomic}
     uint ConcGCThreads                            = 2                                         {product} {ergonomic}
     uint G1ConcRefinementThreads                  = 8                                         {product} {ergonomic}
   size_t G1HeapRegionSize                         = 1048576                                   {product} {ergonomic}
    uintx GCDrainStackTargetSize                   = 64                                        {product} {ergonomic}
   size_t InitialHeapSize                          = 132120576                                 {product} {ergonomic}
   size_t MarkStackSize                            = 4194304                                   {product} {ergonomic}
   size_t MaxHeapSize                              = 2147483648                                {product} {command line}
   size_t MaxNewSize                               = 1287651328                                {product} {ergonomic}
   size_t MinHeapDeltaBytes                        = 1048576                                   {product} {ergonomic}
    uintx NonNMethodCodeHeapSize                   = 5836300                                {pd product} {ergonomic}
    uintx NonProfiledCodeHeapSize                  = 122910970                              {pd product} {ergonomic}
    uintx ProfiledCodeHeapSize                     = 122910970                              {pd product} {ergonomic}
    uintx ReservedCodeCacheSize                    = 251658240                              {pd product} {ergonomic}
     bool SegmentedCodeCache                       = true                                      {product} {ergonomic}
     bool UseCompressedClassPointers               = true                                 {lp64_product} {ergonomic}
     bool UseCompressedOops                        = true                                 {lp64_product} {ergonomic}
     bool UseG1GC                                  = true                                      {product} {ergonomic}
     bool UseLargePagesIndividualAllocation        = false                                  {pd product} {ergonomic}

Logging:
Log output configuration:
 #0: stdout all=warning uptime,level,tags
 #1: stderr all=off uptime,level,tags

Environment Variables:
JAVA_HOME=C:\Program Files\Java\jdk1.8.0_111
PATH=C:\Program Files (x86)\Common Files\Oracle\Java\javapath;C:\ProgramData\Oracle\Java\javapath;C:\WINDOWS\system32;C:\WINDOWS;C:\WINDOWS\System32\Wbem;C:\WINDOWS\System32\WindowsPowerShell\v1.0\;C:\WINDOWS\System32\OpenSSH\;C:\Program Files\Intel\WiFi\bin\;C:\Program Files\Common Files\Intel\WirelessCommon\;C:\Program Files\NVIDIA Corporation\NVIDIA NvDLISR;C:\Program Files\Gradle\gradle-7.1.1-bin\gradle-7.1.1\bin;C:\Program Files\Java\jdk1.8.0_111\bin;C:\Users\Monica S\AppData\Local\Microsoft\WindowsApps;
USERNAME=Monica
OS=Windows_NT
PROCESSOR_IDENTIFIER=Intel64 Family 6 Model 142 Stepping 11, GenuineIntel



---------------  S Y S T E M  ---------------

OS: Windows 10 , 64 bit Build 22000 (10.0.22000.434)
OS uptime: 25 days 7:28 hours

CPU:total 8 (initial active 8) (4 cores per cpu, 2 threads per core) family 6 model 142 stepping 11 microcode 0xde, cmov, cx8, fxsr, mmx, sse, sse2, sse3, ssse3, sse4.1, sse4.2, popcnt, avx, avx2, aes, clmul, erms, 3dnowpref, lzcnt, ht, tsc, tscinvbit, bmi1, bmi2, adx, fma

Memory: 4k page, system-wide physical 8043M (237M free)
TotalPageFile size 29150M (AvailPageFile size 3M)
current process WorkingSet (physical memory assigned to process): 309M, peak: 309M
current process commit charge ("private bytes"): 358M, peak: 358M

vm_info: OpenJDK 64-Bit Server VM (11.0.12+7-LTS) for windows-amd64 JRE (Zulu11.50+19-CA) (11.0.12+7-LTS), built on Jul 12 2021 10:57:42 by "zulu_re" with MS VC++ 15.9 (VS2017)

END.
