#
# There is insufficient memory for the Java Runtime Environment to continue.
# Native memory allocation (malloc) failed to allocate 32744 bytes for ChunkPool::allocate
# Possible reasons:
#   The system is out of physical RAM or swap space
#   The process is running with CompressedOops enabled, and the Java Heap may be blocking the growth of the native heap
# Possible solutions:
#   Reduce memory load on the system
#   Increase physical memory or swap space
#   Check if swap backing store is full
#   Decrease Java heap size (-Xmx/-Xms)
#   Decrease number of Java threads
#   Decrease Java thread stack sizes (-Xss)
#   Set larger code cache with -XX:ReservedCodeCacheSize=
#   JVM is running with Unscaled Compressed Oops mode in which the Java heap is
#     placed in the first 4GB address space. The Java Heap base address is the
#     maximum limit for the native heap growth. Please use -XX:HeapBaseMinAddress
#     to set the Java Heap base and to place the Java Heap above 4GB virtual address.
# This output file may be truncated or incomplete.
#
#  Out of Memory Error (./src/hotspot/share/memory/arena.cpp:81), pid=15168, tid=14320
#
# JRE version: OpenJDK Runtime Environment Zulu11.50+19-CA (11.0.12+7) (build 11.0.12+7-LTS)
# Java VM: OpenJDK 64-Bit Server VM Zulu11.50+19-CA (11.0.12+7-LTS, mixed mode, tiered, compressed oops, g1 gc, windows-amd64)
# No core dump will be written. Minidumps are not enabled by default on client versions of Windows
#

---------------  S U M M A R Y ------------

Command Line: --add-opens=java.base/java.util=ALL-UNNAMED --add-opens=java.base/java.lang=ALL-UNNAMED --add-opens=java.base/java.lang.invoke=ALL-UNNAMED --add-opens=java.prefs/java.util.prefs=ALL-UNNAMED -Xmx2048m -Dfile.encoding=UTF-8 -Duser.country=ID -Duser.language=en -Duser.variant org.gradle.launcher.daemon.bootstrap.GradleDaemon 6.7.1

Host: Intel(R) Core(TM) i7-8565U CPU @ 1.80GHz, 8 cores, 7G,  Windows 10 , 64 bit Build 22000 (10.0.22000.434)
Time: Fri Apr 15 01:23:40 2022 Malay Peninsula Standard Time elapsed time: 22.785146 seconds (0d 0h 0m 22s)

---------------  T H R E A D  ---------------

Current thread (0x000002f7c1850000):  JavaThread "C2 CompilerThread0" daemon [_thread_in_native, id=14320, stack(0x000000fbb7400000,0x000000fbb7500000)]


Current CompileTask:
C2:  22785 9871   !   4       java.util.concurrent.locks.AbstractQueuedSynchronizer::acquireQueued (74 bytes)

Stack: [0x000000fbb7400000,0x000000fbb7500000]
Native frames: (J=compiled Java code, j=interpreted, Vv=VM code, C=native code)
V  [jvm.dll+0x6083fa]
V  [jvm.dll+0x79200e]
V  [jvm.dll+0x7936df]
V  [jvm.dll+0x793da3]
V  [jvm.dll+0x24f6a8]
V  [jvm.dll+0xc23fb]
V  [jvm.dll+0xc275c]
V  [jvm.dll+0x2c1825]
V  [jvm.dll+0x519109]
V  [jvm.dll+0x20d28d]
V  [jvm.dll+0x2071d4]
V  [jvm.dll+0x20417a]
V  [jvm.dll+0x18991c]
V  [jvm.dll+0x213907]
V  [jvm.dll+0x211acb]
V  [jvm.dll+0x755ee9]
V  [jvm.dll+0x74ef44]
V  [jvm.dll+0x607296]
C  [ucrtbase.dll+0x26c0c]
C  [KERNEL32.DLL+0x154e0]
C  [ntdll.dll+0x485b]


---------------  P R O C E S S  ---------------

Threads class SMR info:
_java_thread_list=0x000002f7c6aa1ed0, length=174, elements={
0x000002f7a249d000, 0x000002f7c1825000, 0x000002f7c182e800, 0x000002f7c21a3800,
0x000002f7c183e800, 0x000002f7c183f800, 0x000002f7c1850000, 0x000002f7c1851000,
0x000002f7c185c800, 0x000002f7c230b800, 0x000002f7c2305800, 0x000002f7c2308000,
0x000002f7c2309000, 0x000002f7c2309800, 0x000002f7c230a800, 0x000002f7c230c000,
0x000002f7c2307000, 0x000002f7c2306800, 0x000002f7c42e4800, 0x000002f7c42e7000,
0x000002f7c42e7800, 0x000002f7c42e8800, 0x000002f7c42e9000, 0x000002f7c42e3800,
0x000002f7c42ea000, 0x000002f7c42eb000, 0x000002f7c42e5000, 0x000002f7c42eb800,
0x000002f7c42e6000, 0x000002f7c42f2000, 0x000002f7c42f0800, 0x000002f7c42ec800,
0x000002f7c42ed800, 0x000002f7c42ef000, 0x000002f7c42ee000, 0x000002f7c6a82800,
0x000002f7c6a81800, 0x000002f7c6a81000, 0x000002f7c6a7e800, 0x000002f7c6a7f000,
0x000002f7c6a80000, 0x000002f7c6a7d000, 0x000002f7c6a83800, 0x000002f7c6a7d800,
0x000002f7c6a8a000, 0x000002f7c6a86800, 0x000002f7c6a84000, 0x000002f7c6a85000,
0x000002f7c6a8b800, 0x000002f7c6a88000, 0x000002f7c6a8a800, 0x000002f7c6a86000,
0x000002f7c6a87800, 0x000002f7c6a89000, 0x000002f7c773a800, 0x000002f7c773b800,
0x000002f7c7737800, 0x000002f7c7736800, 0x000002f7c7736000, 0x000002f7c7738800,
0x000002f7c773e000, 0x000002f7c773a000, 0x000002f7c773d000, 0x000002f7c7739000,
0x000002f7c7740800, 0x000002f7c773f000, 0x000002f7c7741800, 0x000002f7c7742000,
0x000002f7c773f800, 0x000002f7c773c800, 0x000002f7c7743000, 0x000002f7c7743800,
0x000002f7c7744800, 0x000002f7c634c000, 0x000002f7c634a800, 0x000002f7c634d000,
0x000002f7c634b000, 0x000002f7c6347000, 0x000002f7c634d800, 0x000002f7c6348000,
0x000002f7c6348800, 0x000002f7c634e800, 0x000002f7c634f000, 0x000002f7c6349800,
0x000002f7c6356000, 0x000002f7c6353800, 0x000002f7c6350000, 0x000002f7c6354000,
0x000002f7c6355000, 0x000002f7c6352800, 0x000002f7c6351000, 0x000002f7c6351800,
0x000002f7c365f800, 0x000002f7c365e800, 0x000002f7c365a000, 0x000002f7c3660800,
0x000002f7c365a800, 0x000002f7c365d000, 0x000002f7c3661000, 0x000002f7c365b800,
0x000002f7c365e000, 0x000002f7c3662000, 0x000002f7c365c800, 0x000002f7c3663000,
0x000002f7c3668800, 0x000002f7c3667000, 0x000002f7c3665800, 0x000002f7c3663800,
0x000002f7c3667800, 0x000002f7c3666000, 0x000002f7c3664800, 0x000002f7c70c6800,
0x000002f7c70c7000, 0x000002f7c70c8000, 0x000002f7c70c2800, 0x000002f7c70c5800,
0x000002f7c70c4000, 0x000002f7c70c9000, 0x000002f7c70c3000, 0x000002f7c70c9800,
0x000002f7c70ca800, 0x000002f7c70c4800, 0x000002f7c70cd000, 0x000002f7c70cf800,
0x000002f7c70ce800, 0x000002f7c70cc000, 0x000002f7c70d0000, 0x000002f7c70d1000,
0x000002f7c70cd800, 0x000002f7c70cb800, 0x000002f7c6a11800, 0x000002f7c6a10800,
0x000002f7c6a13000, 0x000002f7c6a12000, 0x000002f7c6a14800, 0x000002f7c6a13800,
0x000002f7c6a0f800, 0x000002f7c6a16000, 0x000002f7c6a1a800, 0x000002f7c6a18800,
0x000002f7c6a15800, 0x000002f7c6a19800, 0x000002f7c6a1c800, 0x000002f7c6a17000,
0x000002f7c6a1b000, 0x000002f7c6a18000, 0x000002f7c6a1c000, 0x000002f7c6a1e800,
0x000002f7c6a1d800, 0x000002f7c776a000, 0x000002f7c7767800, 0x000002f7c776b800,
0x000002f7c7769000, 0x000002f7c776b000, 0x000002f7c7766800, 0x000002f7c7768800,
0x000002f7c7766000, 0x000002f7c776e000, 0x000002f7c7770800, 0x000002f7c776f800,
0x000002f7c776c800, 0x000002f7c7771800, 0x000002f7c7772000, 0x000002f7c7773000,
0x000002f7c776d000, 0x000002f7c7773800, 0x000002f7c7774800, 0x000002f7c6efe000,
0x000002f7c6eff800, 0x000002f7c6efd000, 0x000002f7c6f02000, 0x000002f7c6f00000,
0x000002f7c6f01000, 0x000002f7c6f02800
}

Java Threads: ( => current thread )
  0x000002f7a249d000 JavaThread "main" [_thread_blocked, id=5184, stack(0x000000fbb6800000,0x000000fbb6900000)]
  0x000002f7c1825000 JavaThread "Reference Handler" daemon [_thread_blocked, id=9964, stack(0x000000fbb6f00000,0x000000fbb7000000)]
  0x000002f7c182e800 JavaThread "Finalizer" daemon [_thread_blocked, id=19368, stack(0x000000fbb7000000,0x000000fbb7100000)]
  0x000002f7c21a3800 JavaThread "Signal Dispatcher" daemon [_thread_blocked, id=10856, stack(0x000000fbb7100000,0x000000fbb7200000)]
  0x000002f7c183e800 JavaThread "Attach Listener" daemon [_thread_blocked, id=18692, stack(0x000000fbb7200000,0x000000fbb7300000)]
  0x000002f7c183f800 JavaThread "Service Thread" daemon [_thread_blocked, id=15128, stack(0x000000fbb7300000,0x000000fbb7400000)]
=>0x000002f7c1850000 JavaThread "C2 CompilerThread0" daemon [_thread_in_native, id=14320, stack(0x000000fbb7400000,0x000000fbb7500000)]
  0x000002f7c1851000 JavaThread "C1 CompilerThread0" daemon [_thread_blocked, id=2376, stack(0x000000fbb7500000,0x000000fbb7600000)]
  0x000002f7c185c800 JavaThread "Sweeper thread" daemon [_thread_blocked, id=16660, stack(0x000000fbb7600000,0x000000fbb7700000)]
  0x000002f7c230b800 JavaThread "Common-Cleaner" daemon [_thread_blocked, id=10928, stack(0x000000fbb7700000,0x000000fbb7800000)]
  0x000002f7c2305800 JavaThread "Daemon health stats" [_thread_blocked, id=18376, stack(0x000000fbb7c00000,0x000000fbb7d00000)]
  0x000002f7c2308000 JavaThread "Incoming local TCP Connector on port 5623" [_thread_in_native, id=17388, stack(0x000000fbb7e00000,0x000000fbb7f00000)]
  0x000002f7c2309000 JavaThread "Daemon periodic checks" [_thread_blocked, id=6776, stack(0x000000fbb7f00000,0x000000fbb8000000)]
  0x000002f7c2309800 JavaThread "Daemon" [_thread_blocked, id=19676, stack(0x000000fbb8000000,0x000000fbb8100000)]
  0x000002f7c230a800 JavaThread "Handler for socket connection from /127.0.0.1:5623 to /127.0.0.1:5624" [_thread_in_native, id=17812, stack(0x000000fbb8100000,0x000000fbb8200000)]
  0x000002f7c230c000 JavaThread "Cancel handler" [_thread_blocked, id=19684, stack(0x000000fbb8200000,0x000000fbb8300000)]
  0x000002f7c2307000 JavaThread "Daemon worker" [_thread_blocked, id=10384, stack(0x000000fbb8300000,0x000000fbb8400000)]
  0x000002f7c2306800 JavaThread "Asynchronous log dispatcher for DefaultDaemonConnection: socket connection from /127.0.0.1:5623 to /127.0.0.1:5624" [_thread_blocked, id=19708, stack(0x000000fbb8400000,0x000000fbb8500000)]
  0x000002f7c42e4800 JavaThread "Stdin handler" [_thread_blocked, id=15804, stack(0x000000fbb8500000,0x000000fbb8600000)]
  0x000002f7c42e7000 JavaThread "Thread-8" [_thread_blocked, id=19124, stack(0x000000fbb8600000,0x000000fbb8700000)]
  0x000002f7c42e7800 JavaThread "Cache worker for file hash cache (C:\Users\Monica S\.gradle\caches\6.7.1\fileHashes)" [_thread_blocked, id=10224, stack(0x000000fbb8f00000,0x000000fbb9000000)]
  0x000002f7c42e8800 JavaThread "File lock request listener" [_thread_in_native, id=11592, stack(0x000000fbb9000000,0x000000fbb9100000)]
  0x000002f7c42e9000 JavaThread "Cache worker for journal cache (C:\Users\Monica S\.gradle\caches\journal-1)" [_thread_blocked, id=4404, stack(0x000000fbb9200000,0x000000fbb9300000)]
  0x000002f7c42e3800 JavaThread "Cache worker for file hash cache (D:\BANGKIT\StoryApp\.gradle\6.7.1\fileHashes)" [_thread_blocked, id=11856, stack(0x000000fbb9300000,0x000000fbb9400000)]
  0x000002f7c42ea000 JavaThread "Cache worker for checksums cache (D:\BANGKIT\StoryApp\.gradle\checksums)" [_thread_blocked, id=9896, stack(0x000000fbb9400000,0x000000fbb9500000)]
  0x000002f7c42eb000 JavaThread "Cache worker for cache directory md-supplier (C:\Users\Monica S\.gradle\caches\6.7.1\md-supplier)" [_thread_blocked, id=15500, stack(0x000000fbb9500000,0x000000fbb9600000)]
  0x000002f7c42e5000 JavaThread "Cache worker for cache directory md-rule (C:\Users\Monica S\.gradle\caches\6.7.1\md-rule)" [_thread_blocked, id=1044, stack(0x000000fbb9600000,0x000000fbb9700000)]
  0x000002f7c42eb800 JavaThread "Cache worker for execution history cache (C:\Users\Monica S\.gradle\caches\6.7.1\executionHistory)" [_thread_blocked, id=15220, stack(0x000000fbb9700000,0x000000fbb9800000)]
  0x000002f7c42e6000 JavaThread "jar transforms" [_thread_blocked, id=2248, stack(0x000000fbb9800000,0x000000fbb9900000)]
  0x000002f7c42f2000 JavaThread "Cache worker for file content cache (C:\Users\Monica S\.gradle\caches\6.7.1\fileContent)" [_thread_blocked, id=3296, stack(0x000000fbb9900000,0x000000fbb9a00000)]
  0x000002f7c42f0800 JavaThread "Cache worker for Build Output Cleanup Cache (D:\BANGKIT\StoryApp\.gradle\buildOutputCleanup)" [_thread_blocked, id=556, stack(0x000000fbb9a00000,0x000000fbb9b00000)]
  0x000002f7c42ec800 JavaThread "Build operations" [_thread_blocked, id=18996, stack(0x000000fbb9b00000,0x000000fbb9c00000)]
  0x000002f7c42ed800 JavaThread "Build operations Thread 2" [_thread_blocked, id=8828, stack(0x000000fbb9c00000,0x000000fbb9d00000)]
  0x000002f7c42ef000 JavaThread "Build operations Thread 3" [_thread_blocked, id=13536, stack(0x000000fbb9d00000,0x000000fbb9e00000)]
  0x000002f7c42ee000 JavaThread "Build operations Thread 4" [_thread_blocked, id=12828, stack(0x000000fbb9e00000,0x000000fbb9f00000)]
  0x000002f7c6a82800 JavaThread "Build operations Thread 5" [_thread_blocked, id=3300, stack(0x000000fbb9f00000,0x000000fbba000000)]
  0x000002f7c6a81800 JavaThread "Build operations Thread 6" [_thread_blocked, id=5176, stack(0x000000fbba000000,0x000000fbba100000)]
  0x000002f7c6a81000 JavaThread "Build operations Thread 7" [_thread_blocked, id=9660, stack(0x000000fbba100000,0x000000fbba200000)]
  0x000002f7c6a7e800 JavaThread "Build operations Thread 8" [_thread_blocked, id=948, stack(0x000000fbba200000,0x000000fbba300000)]
  0x000002f7c6a7f000 JavaThread "jar transforms Thread 2" [_thread_blocked, id=10436, stack(0x000000fbba300000,0x000000fbba400000)]
  0x000002f7c6a80000 JavaThread "jar transforms Thread 3" [_thread_blocked, id=7340, stack(0x000000fbba400000,0x000000fbba500000)]
  0x000002f7c6a7d000 JavaThread "jar transforms Thread 4" [_thread_blocked, id=5652, stack(0x000000fbba500000,0x000000fbba600000)]
  0x000002f7c6a83800 JavaThread "jar transforms Thread 5" [_thread_blocked, id=14144, stack(0x000000fbba600000,0x000000fbba700000)]
  0x000002f7c6a7d800 JavaThread "jar transforms Thread 6" [_thread_blocked, id=16844, stack(0x000000fbba700000,0x000000fbba800000)]
  0x000002f7c6a8a000 JavaThread "jar transforms Thread 7" [_thread_blocked, id=11364, stack(0x000000fbba800000,0x000000fbba900000)]
  0x000002f7c6a86800 JavaThread "jar transforms Thread 8" [_thread_blocked, id=7372, stack(0x000000fbba900000,0x000000fbbaa00000)]
  0x000002f7c6a84000 JavaThread "jar transforms Thread 9" [_thread_blocked, id=10392, stack(0x000000fbbaa00000,0x000000fbbab00000)]
  0x000002f7c6a85000 JavaThread "jar transforms Thread 10" [_thread_blocked, id=8868, stack(0x000000fbbab00000,0x000000fbbac00000)]
  0x000002f7c6a8b800 JavaThread "jar transforms Thread 11" [_thread_blocked, id=7676, stack(0x000000fbbac00000,0x000000fbbad00000)]
  0x000002f7c6a88000 JavaThread "jar transforms Thread 12" [_thread_blocked, id=528, stack(0x000000fbbad00000,0x000000fbbae00000)]
  0x000002f7c6a8a800 JavaThread "jar transforms Thread 13" [_thread_blocked, id=3420, stack(0x000000fbbae00000,0x000000fbbaf00000)]
  0x000002f7c6a86000 JavaThread "jar transforms Thread 14" [_thread_blocked, id=484, stack(0x000000fbbaf00000,0x000000fbbb000000)]
  0x000002f7c6a87800 JavaThread "jar transforms Thread 15" [_thread_blocked, id=4932, stack(0x000000fbbb000000,0x000000fbbb100000)]
  0x000002f7c6a89000 JavaThread "jar transforms Thread 16" [_thread_blocked, id=15496, stack(0x000000fbbb100000,0x000000fbbb200000)]
  0x000002f7c773a800 JavaThread "jar transforms Thread 17" [_thread_blocked, id=18696, stack(0x000000fbbb200000,0x000000fbbb300000)]
  0x000002f7c773b800 JavaThread "jar transforms Thread 18" [_thread_blocked, id=12988, stack(0x000000fbbb300000,0x000000fbbb400000)]
  0x000002f7c7737800 JavaThread "jar transforms Thread 19" [_thread_blocked, id=18488, stack(0x000000fbbb400000,0x000000fbbb500000)]
  0x000002f7c7736800 JavaThread "jar transforms Thread 20" [_thread_blocked, id=12856, stack(0x000000fbbb500000,0x000000fbbb600000)]
  0x000002f7c7736000 JavaThread "jar transforms Thread 21" [_thread_blocked, id=16584, stack(0x000000fbbb600000,0x000000fbbb700000)]
  0x000002f7c7738800 JavaThread "jar transforms Thread 22" [_thread_blocked, id=16552, stack(0x000000fbbb700000,0x000000fbbb800000)]
  0x000002f7c773e000 JavaThread "jar transforms Thread 23" [_thread_blocked, id=17828, stack(0x000000fbbb800000,0x000000fbbb900000)]
  0x000002f7c773a000 JavaThread "jar transforms Thread 24" [_thread_blocked, id=18084, stack(0x000000fbbb900000,0x000000fbbba00000)]
  0x000002f7c773d000 JavaThread "jar transforms Thread 25" [_thread_blocked, id=10564, stack(0x000000fbbba00000,0x000000fbbbb00000)]
  0x000002f7c7739000 JavaThread "jar transforms Thread 26" [_thread_blocked, id=14284, stack(0x000000fbbbb00000,0x000000fbbbc00000)]
  0x000002f7c7740800 JavaThread "jar transforms Thread 27" [_thread_blocked, id=12608, stack(0x000000fbbbc00000,0x000000fbbbd00000)]
  0x000002f7c773f000 JavaThread "jar transforms Thread 28" [_thread_blocked, id=16480, stack(0x000000fbbbd00000,0x000000fbbbe00000)]
  0x000002f7c7741800 JavaThread "jar transforms Thread 29" [_thread_blocked, id=17100, stack(0x000000fbbbe00000,0x000000fbbbf00000)]
  0x000002f7c7742000 JavaThread "jar transforms Thread 30" [_thread_blocked, id=9900, stack(0x000000fbbbf00000,0x000000fbbc000000)]
  0x000002f7c773f800 JavaThread "jar transforms Thread 31" [_thread_blocked, id=5004, stack(0x000000fbbc000000,0x000000fbbc100000)]
  0x000002f7c773c800 JavaThread "jar transforms Thread 32" [_thread_blocked, id=5724, stack(0x000000fbbc100000,0x000000fbbc200000)]
  0x000002f7c7743000 JavaThread "jar transforms Thread 33" [_thread_blocked, id=9620, stack(0x000000fbbc200000,0x000000fbbc300000)]
  0x000002f7c7743800 JavaThread "jar transforms Thread 34" [_thread_blocked, id=16812, stack(0x000000fbbc300000,0x000000fbbc400000)]
  0x000002f7c7744800 JavaThread "jar transforms Thread 35" [_thread_blocked, id=9596, stack(0x000000fbbc400000,0x000000fbbc500000)]
  0x000002f7c634c000 JavaThread "jar transforms Thread 36" [_thread_blocked, id=15036, stack(0x000000fbbc500000,0x000000fbbc600000)]
  0x000002f7c634a800 JavaThread "jar transforms Thread 37" [_thread_blocked, id=9452, stack(0x000000fbbc600000,0x000000fbbc700000)]
  0x000002f7c634d000 JavaThread "jar transforms Thread 38" [_thread_blocked, id=7384, stack(0x000000fbbc700000,0x000000fbbc800000)]
  0x000002f7c634b000 JavaThread "jar transforms Thread 39" [_thread_blocked, id=17816, stack(0x000000fbbc800000,0x000000fbbc900000)]
  0x000002f7c6347000 JavaThread "jar transforms Thread 40" [_thread_blocked, id=10512, stack(0x000000fbbc900000,0x000000fbbca00000)]
  0x000002f7c634d800 JavaThread "jar transforms Thread 41" [_thread_blocked, id=10764, stack(0x000000fbbca00000,0x000000fbbcb00000)]
  0x000002f7c6348000 JavaThread "jar transforms Thread 42" [_thread_blocked, id=17236, stack(0x000000fbbcb00000,0x000000fbbcc00000)]
  0x000002f7c6348800 JavaThread "jar transforms Thread 43" [_thread_blocked, id=8748, stack(0x000000fbbcc00000,0x000000fbbcd00000)]
  0x000002f7c634e800 JavaThread "jar transforms Thread 44" [_thread_blocked, id=10472, stack(0x000000fbbcd00000,0x000000fbbce00000)]
  0x000002f7c634f000 JavaThread "jar transforms Thread 45" [_thread_blocked, id=6944, stack(0x000000fbbce00000,0x000000fbbcf00000)]
  0x000002f7c6349800 JavaThread "jar transforms Thread 46" [_thread_blocked, id=12276, stack(0x000000fbbcf00000,0x000000fbbd000000)]
  0x000002f7c6356000 JavaThread "jar transforms Thread 47" [_thread_blocked, id=3780, stack(0x000000fbbd000000,0x000000fbbd100000)]
  0x000002f7c6353800 JavaThread "jar transforms Thread 48" [_thread_blocked, id=14796, stack(0x000000fbbd100000,0x000000fbbd200000)]
  0x000002f7c6350000 JavaThread "jar transforms Thread 49" [_thread_blocked, id=7164, stack(0x000000fbbd200000,0x000000fbbd300000)]
  0x000002f7c6354000 JavaThread "jar transforms Thread 50" [_thread_blocked, id=7312, stack(0x000000fbbd300000,0x000000fbbd400000)]
  0x000002f7c6355000 JavaThread "jar transforms Thread 51" [_thread_blocked, id=7204, stack(0x000000fbbd400000,0x000000fbbd500000)]
  0x000002f7c6352800 JavaThread "jar transforms Thread 52" [_thread_blocked, id=16952, stack(0x000000fbbd500000,0x000000fbbd600000)]
  0x000002f7c6351000 JavaThread "jar transforms Thread 53" [_thread_blocked, id=10008, stack(0x000000fbbd600000,0x000000fbbd700000)]
  0x000002f7c6351800 JavaThread "jar transforms Thread 54" [_thread_blocked, id=4024, stack(0x000000fbbd700000,0x000000fbbd800000)]
  0x000002f7c365f800 JavaThread "jar transforms Thread 55" [_thread_blocked, id=9192, stack(0x000000fbbd800000,0x000000fbbd900000)]
  0x000002f7c365e800 JavaThread "jar transforms Thread 56" [_thread_blocked, id=8780, stack(0x000000fbbd900000,0x000000fbbda00000)]
  0x000002f7c365a000 JavaThread "jar transforms Thread 57" [_thread_blocked, id=17160, stack(0x000000fbbda00000,0x000000fbbdb00000)]
  0x000002f7c3660800 JavaThread "jar transforms Thread 58" [_thread_blocked, id=18216, stack(0x000000fbbdb00000,0x000000fbbdc00000)]
  0x000002f7c365a800 JavaThread "jar transforms Thread 59" [_thread_blocked, id=19048, stack(0x000000fbbdc00000,0x000000fbbdd00000)]
  0x000002f7c365d000 JavaThread "jar transforms Thread 60" [_thread_blocked, id=10160, stack(0x000000fbbdd00000,0x000000fbbde00000)]
  0x000002f7c3661000 JavaThread "jar transforms Thread 61" [_thread_blocked, id=15736, stack(0x000000fbbde00000,0x000000fbbdf00000)]
  0x000002f7c365b800 JavaThread "jar transforms Thread 62" [_thread_blocked, id=18788, stack(0x000000fbbdf00000,0x000000fbbe000000)]
  0x000002f7c365e000 JavaThread "jar transforms Thread 63" [_thread_blocked, id=18240, stack(0x000000fbbe000000,0x000000fbbe100000)]
  0x000002f7c3662000 JavaThread "jar transforms Thread 64" [_thread_blocked, id=17536, stack(0x000000fbbe100000,0x000000fbbe200000)]
  0x000002f7c365c800 JavaThread "jar transforms Thread 65" [_thread_blocked, id=5224, stack(0x000000fbbe200000,0x000000fbbe300000)]
  0x000002f7c3663000 JavaThread "jar transforms Thread 66" [_thread_blocked, id=20184, stack(0x000000fbbe300000,0x000000fbbe400000)]
  0x000002f7c3668800 JavaThread "jar transforms Thread 67" [_thread_blocked, id=8064, stack(0x000000fbbe400000,0x000000fbbe500000)]
  0x000002f7c3667000 JavaThread "jar transforms Thread 68" [_thread_blocked, id=7496, stack(0x000000fbbe500000,0x000000fbbe600000)]
  0x000002f7c3665800 JavaThread "jar transforms Thread 69" [_thread_blocked, id=6204, stack(0x000000fbbe600000,0x000000fbbe700000)]
  0x000002f7c3663800 JavaThread "jar transforms Thread 70" [_thread_blocked, id=17244, stack(0x000000fbbe700000,0x000000fbbe800000)]
  0x000002f7c3667800 JavaThread "jar transforms Thread 71" [_thread_blocked, id=17372, stack(0x000000fbbe800000,0x000000fbbe900000)]
  0x000002f7c3666000 JavaThread "jar transforms Thread 72" [_thread_blocked, id=14396, stack(0x000000fbbe900000,0x000000fbbea00000)]
  0x000002f7c3664800 JavaThread "jar transforms Thread 73" [_thread_blocked, id=16964, stack(0x000000fbbea00000,0x000000fbbeb00000)]
  0x000002f7c70c6800 JavaThread "jar transforms Thread 74" [_thread_blocked, id=15732, stack(0x000000fbbeb00000,0x000000fbbec00000)]
  0x000002f7c70c7000 JavaThread "jar transforms Thread 75" [_thread_blocked, id=15848, stack(0x000000fbbec00000,0x000000fbbed00000)]
  0x000002f7c70c8000 JavaThread "jar transforms Thread 76" [_thread_blocked, id=10236, stack(0x000000fbbed00000,0x000000fbbee00000)]
  0x000002f7c70c2800 JavaThread "jar transforms Thread 77" [_thread_blocked, id=3068, stack(0x000000fbbee00000,0x000000fbbef00000)]
  0x000002f7c70c5800 JavaThread "jar transforms Thread 78" [_thread_blocked, id=9104, stack(0x000000fbbef00000,0x000000fbbf000000)]
  0x000002f7c70c4000 JavaThread "jar transforms Thread 79" [_thread_blocked, id=15372, stack(0x000000fbbf000000,0x000000fbbf100000)]
  0x000002f7c70c9000 JavaThread "jar transforms Thread 80" [_thread_blocked, id=16888, stack(0x000000fbbf100000,0x000000fbbf200000)]
  0x000002f7c70c3000 JavaThread "jar transforms Thread 81" [_thread_blocked, id=17268, stack(0x000000fbbf200000,0x000000fbbf300000)]
  0x000002f7c70c9800 JavaThread "jar transforms Thread 82" [_thread_blocked, id=5732, stack(0x000000fbbf300000,0x000000fbbf400000)]
  0x000002f7c70ca800 JavaThread "jar transforms Thread 83" [_thread_blocked, id=13020, stack(0x000000fbbf400000,0x000000fbbf500000)]
  0x000002f7c70c4800 JavaThread "jar transforms Thread 84" [_thread_blocked, id=19280, stack(0x000000fbbf500000,0x000000fbbf600000)]
  0x000002f7c70cd000 JavaThread "jar transforms Thread 85" [_thread_blocked, id=7044, stack(0x000000fbbf600000,0x000000fbbf700000)]
  0x000002f7c70cf800 JavaThread "jar transforms Thread 86" [_thread_blocked, id=19560, stack(0x000000fbbf700000,0x000000fbbf800000)]
  0x000002f7c70ce800 JavaThread "jar transforms Thread 87" [_thread_blocked, id=17224, stack(0x000000fbbf800000,0x000000fbbf900000)]
  0x000002f7c70cc000 JavaThread "jar transforms Thread 88" [_thread_blocked, id=14724, stack(0x000000fbbf900000,0x000000fbbfa00000)]
  0x000002f7c70d0000 JavaThread "jar transforms Thread 89" [_thread_blocked, id=5444, stack(0x000000fbbfa00000,0x000000fbbfb00000)]
  0x000002f7c70d1000 JavaThread "jar transforms Thread 90" [_thread_blocked, id=15656, stack(0x000000fbbfb00000,0x000000fbbfc00000)]
  0x000002f7c70cd800 JavaThread "jar transforms Thread 91" [_thread_blocked, id=7868, stack(0x000000fbbfc00000,0x000000fbbfd00000)]
  0x000002f7c70cb800 JavaThread "jar transforms Thread 92" [_thread_blocked, id=13896, stack(0x000000fbbfd00000,0x000000fbbfe00000)]
  0x000002f7c6a11800 JavaThread "jar transforms Thread 93" [_thread_blocked, id=6772, stack(0x000000fbbfe00000,0x000000fbbff00000)]
  0x000002f7c6a10800 JavaThread "jar transforms Thread 94" [_thread_blocked, id=13672, stack(0x000000fbbff00000,0x000000fbc0000000)]
  0x000002f7c6a13000 JavaThread "jar transforms Thread 95" [_thread_blocked, id=8948, stack(0x000000fbc0000000,0x000000fbc0100000)]
  0x000002f7c6a12000 JavaThread "jar transforms Thread 96" [_thread_blocked, id=10736, stack(0x000000fbc0100000,0x000000fbc0200000)]
  0x000002f7c6a14800 JavaThread "jar transforms Thread 97" [_thread_blocked, id=7776, stack(0x000000fbc0200000,0x000000fbc0300000)]
  0x000002f7c6a13800 JavaThread "jar transforms Thread 98" [_thread_blocked, id=15480, stack(0x000000fbc0300000,0x000000fbc0400000)]
  0x000002f7c6a0f800 JavaThread "jar transforms Thread 99" [_thread_blocked, id=12876, stack(0x000000fbc0400000,0x000000fbc0500000)]
  0x000002f7c6a16000 JavaThread "jar transforms Thread 100" [_thread_blocked, id=18304, stack(0x000000fbc0500000,0x000000fbc0600000)]
  0x000002f7c6a1a800 JavaThread "jar transforms Thread 101" [_thread_blocked, id=3284, stack(0x000000fbc0600000,0x000000fbc0700000)]
  0x000002f7c6a18800 JavaThread "jar transforms Thread 102" [_thread_blocked, id=11756, stack(0x000000fbc0700000,0x000000fbc0800000)]
  0x000002f7c6a15800 JavaThread "jar transforms Thread 103" [_thread_blocked, id=11556, stack(0x000000fbc0800000,0x000000fbc0900000)]
  0x000002f7c6a19800 JavaThread "jar transforms Thread 104" [_thread_blocked, id=8532, stack(0x000000fbc0900000,0x000000fbc0a00000)]
  0x000002f7c6a1c800 JavaThread "jar transforms Thread 105" [_thread_blocked, id=9716, stack(0x000000fbc0a00000,0x000000fbc0b00000)]
  0x000002f7c6a17000 JavaThread "jar transforms Thread 106" [_thread_blocked, id=5908, stack(0x000000fbc0b00000,0x000000fbc0c00000)]
  0x000002f7c6a1b000 JavaThread "jar transforms Thread 107" [_thread_blocked, id=7160, stack(0x000000fbc0c00000,0x000000fbc0d00000)]
  0x000002f7c6a18000 JavaThread "jar transforms Thread 108" [_thread_blocked, id=18472, stack(0x000000fbc0d00000,0x000000fbc0e00000)]
  0x000002f7c6a1c000 JavaThread "jar transforms Thread 109" [_thread_blocked, id=15044, stack(0x000000fbc0e00000,0x000000fbc0f00000)]
  0x000002f7c6a1e800 JavaThread "jar transforms Thread 110" [_thread_blocked, id=9784, stack(0x000000fbc0f00000,0x000000fbc1000000)]
  0x000002f7c6a1d800 JavaThread "jar transforms Thread 111" [_thread_blocked, id=16792, stack(0x000000fbc1000000,0x000000fbc1100000)]
  0x000002f7c776a000 JavaThread "jar transforms Thread 112" [_thread_blocked, id=18884, stack(0x000000fbc1100000,0x000000fbc1200000)]
  0x000002f7c7767800 JavaThread "jar transforms Thread 113" [_thread_blocked, id=18756, stack(0x000000fbc1200000,0x000000fbc1300000)]
  0x000002f7c776b800 JavaThread "jar transforms Thread 114" [_thread_blocked, id=13804, stack(0x000000fbc1300000,0x000000fbc1400000)]
  0x000002f7c7769000 JavaThread "jar transforms Thread 115" [_thread_blocked, id=6492, stack(0x000000fbc1400000,0x000000fbc1500000)]
  0x000002f7c776b000 JavaThread "jar transforms Thread 116" [_thread_blocked, id=19988, stack(0x000000fbc1500000,0x000000fbc1600000)]
  0x000002f7c7766800 JavaThread "jar transforms Thread 117" [_thread_blocked, id=11216, stack(0x000000fbc1600000,0x000000fbc1700000)]
  0x000002f7c7768800 JavaThread "jar transforms Thread 118" [_thread_blocked, id=17500, stack(0x000000fbc1700000,0x000000fbc1800000)]
  0x000002f7c7766000 JavaThread "jar transforms Thread 119" [_thread_blocked, id=8932, stack(0x000000fbc1800000,0x000000fbc1900000)]
  0x000002f7c776e000 JavaThread "Memory manager" [_thread_blocked, id=6648, stack(0x000000fbb8e00000,0x000000fbb8f00000)]
  0x000002f7c7770800 JavaThread "build event listener" [_thread_blocked, id=7116, stack(0x000000fbc1900000,0x000000fbc1a00000)]
  0x000002f7c776f800 JavaThread "build event listener" [_thread_blocked, id=18792, stack(0x000000fbc1a00000,0x000000fbc1b00000)]
  0x000002f7c776c800 JavaThread "Execution worker for ':'" [_thread_blocked, id=624, stack(0x000000fbc1b00000,0x000000fbc1c00000)]
  0x000002f7c7771800 JavaThread "Execution worker for ':' Thread 2" [_thread_blocked, id=10580, stack(0x000000fbc1c00000,0x000000fbc1d00000)]
  0x000002f7c7772000 JavaThread "Execution worker for ':' Thread 3" [_thread_blocked, id=7864, stack(0x000000fbc1d00000,0x000000fbc1e00000)]
  0x000002f7c7773000 JavaThread "Execution worker for ':' Thread 4" [_thread_blocked, id=17152, stack(0x000000fbc1e00000,0x000000fbc1f00000)]
  0x000002f7c776d000 JavaThread "Execution worker for ':' Thread 5" [_thread_in_native, id=6904, stack(0x000000fbc1f00000,0x000000fbc2000000)]
  0x000002f7c7773800 JavaThread "Execution worker for ':' Thread 6" [_thread_blocked, id=2412, stack(0x000000fbc2000000,0x000000fbc2100000)]
  0x000002f7c7774800 JavaThread "Execution worker for ':' Thread 7" [_thread_blocked, id=1884, stack(0x000000fbc2100000,0x000000fbc2200000)]
  0x000002f7c6efe000 JavaThread "Cache worker for execution history cache (D:\BANGKIT\StoryApp\.gradle\6.7.1\executionHistory)" [_thread_blocked, id=13392, stack(0x000000fbc2200000,0x000000fbc2300000)]
  0x000002f7c6eff800 JavaThread "RMI Scheduler(0)" daemon [_thread_blocked, id=12848, stack(0x000000fbc2300000,0x000000fbc2400000)]
  0x000002f7c6efd000 JavaThread "RMI RenewClean-[127.0.0.1:17726,org.jetbrains.kotlin.daemon.common.LoopbackNetworkInterface$ClientLoopbackSocketFactory@6cde505f]" daemon [_thread_blocked, id=10824, stack(0x000000fbc2400000,0x000000fbc2500000)]
  0x000002f7c6f02000 JavaThread "RMI GC Daemon" daemon [_thread_blocked, id=5524, stack(0x000000fbc2500000,0x000000fbc2600000)]
  0x000002f7c6f00000 JavaThread "RMI TCP Accept-0" daemon [_thread_in_native, id=14688, stack(0x000000fbc2600000,0x000000fbc2700000)]
  0x000002f7c6f01000 JavaThread "RMI Reaper" [_thread_blocked, id=10000, stack(0x000000fbc2700000,0x000000fbc2800000)]
  0x000002f7c6f02800 JavaThread "RMI TCP Connection(1)-127.0.0.1" daemon [_thread_in_native, id=16196, stack(0x000000fbc2800000,0x000000fbc2900000)]

Other Threads:
  0x000002f7c1821800 VMThread "VM Thread" [stack: 0x000000fbb6e00000,0x000000fbb6f00000] [id=1908]
  0x000002f7c2325000 WatcherThread [stack: 0x000000fbb7800000,0x000000fbb7900000] [id=16404]
  0x000002f7a24b5000 GCTaskThread "GC Thread#0" [stack: 0x000000fbb6900000,0x000000fbb6a00000] [id=17932]
  0x000002f7c2f19000 GCTaskThread "GC Thread#1" [stack: 0x000000fbb7a00000,0x000000fbb7b00000] [id=11436]
  0x000002f7c2632800 GCTaskThread "GC Thread#2" [stack: 0x000000fbb7b00000,0x000000fbb7c00000] [id=8652]
  0x000002f7c489b000 GCTaskThread "GC Thread#3" [stack: 0x000000fbb8700000,0x000000fbb8800000] [id=15840]
  0x000002f7c3473000 GCTaskThread "GC Thread#4" [stack: 0x000000fbb8800000,0x000000fbb8900000] [id=3628]
  0x000002f7c4188000 GCTaskThread "GC Thread#5" [stack: 0x000000fbb8900000,0x000000fbb8a00000] [id=16172]
  0x000002f7c3bac000 GCTaskThread "GC Thread#6" [stack: 0x000000fbb8a00000,0x000000fbb8b00000] [id=15820]
  0x000002f7c431b800 GCTaskThread "GC Thread#7" [stack: 0x000000fbb8b00000,0x000000fbb8c00000] [id=16432]
  0x000002f7a24e8000 ConcurrentGCThread "G1 Main Marker" [stack: 0x000000fbb6a00000,0x000000fbb6b00000] [id=19320]
  0x000002f7a24ea000 ConcurrentGCThread "G1 Conc#0" [stack: 0x000000fbb6b00000,0x000000fbb6c00000] [id=1940]
  0x000002f7c3f47000 ConcurrentGCThread "G1 Conc#1" [stack: 0x000000fbb9100000,0x000000fbb9200000] [id=12044]
  0x000002f7c1670800 ConcurrentGCThread "G1 Refine#0" [stack: 0x000000fbb6c00000,0x000000fbb6d00000] [id=6604]
  0x000002f7c2e75000 ConcurrentGCThread "G1 Refine#1" [stack: 0x000000fbb8c00000,0x000000fbb8d00000] [id=13664]
  0x000002f7c3c13800 ConcurrentGCThread "G1 Refine#2" [stack: 0x000000fbb8d00000,0x000000fbb8e00000] [id=7708]
  0x000002f7c1671800 ConcurrentGCThread "G1 Young RemSet Sampling" [stack: 0x000000fbb6d00000,0x000000fbb6e00000] [id=10360]

Threads with active compile tasks:
C2 CompilerThread0  24555 9871   !   4       java.util.concurrent.locks.AbstractQueuedSynchronizer::acquireQueued (74 bytes)

VM state:not at safepoint (normal execution)

VM Mutex/Monitor currently owned by a thread: None

Heap address: 0x0000000080000000, size: 2048 MB, Compressed Oops mode: 32-bit
Narrow klass base: 0x0000000000000000, Narrow klass shift: 3
Compressed class space size: 1073741824 Address: 0x0000000100000000

Heap:
 garbage-first heap   total 187392K, used 88888K [0x0000000080000000, 0x0000000100000000)
  region size 1024K, 20 young (20480K), 8 survivors (8192K)
 Metaspace       used 89170K, capacity 91411K, committed 91612K, reserved 1128448K
  class space    used 11500K, capacity 12309K, committed 12364K, reserved 1048576K
Heap Regions: E=young(eden), S=young(survivor), O=old, HS=humongous(starts), HC=humongous(continues), CS=collection set, F=free, A=archive, TAMS=top-at-mark-start (previous, next)
|   0|0x0000000080000000, 0x0000000080100000, 0x0000000080100000|100%| O|  |TAMS 0x0000000080100000, 0x0000000080000000| Untracked 
|   1|0x0000000080100000, 0x0000000080200000, 0x0000000080200000|100%| O|  |TAMS 0x0000000080200000, 0x0000000080100000| Untracked 
|   2|0x0000000080200000, 0x0000000080300000, 0x0000000080300000|100%| O|  |TAMS 0x0000000080300000, 0x0000000080200000| Untracked 
|   3|0x0000000080300000, 0x0000000080400000, 0x0000000080400000|100%|HS|  |TAMS 0x0000000080400000, 0x0000000080300000| Complete 
|   4|0x0000000080400000, 0x0000000080500000, 0x0000000080500000|100%|HC|  |TAMS 0x0000000080500000, 0x0000000080400000| Complete 
|   5|0x0000000080500000, 0x0000000080600000, 0x0000000080600000|100%|HC|  |TAMS 0x0000000080600000, 0x0000000080500000| Complete 
|   6|0x0000000080600000, 0x0000000080700000, 0x0000000080700000|100%| O|  |TAMS 0x0000000080700000, 0x0000000080600000| Untracked 
|   7|0x0000000080700000, 0x0000000080800000, 0x0000000080800000|100%| O|  |TAMS 0x0000000080800000, 0x0000000080700000| Untracked 
|   8|0x0000000080800000, 0x0000000080900000, 0x0000000080900000|100%| O|  |TAMS 0x0000000080900000, 0x0000000080800000| Untracked 
|   9|0x0000000080900000, 0x0000000080a00000, 0x0000000080a00000|100%| O|  |TAMS 0x0000000080a00000, 0x0000000080900000| Untracked 
|  10|0x0000000080a00000, 0x0000000080b00000, 0x0000000080b00000|100%| O|  |TAMS 0x0000000080b00000, 0x0000000080a00000| Untracked 
|  11|0x0000000080b00000, 0x0000000080c00000, 0x0000000080c00000|100%| O|  |TAMS 0x0000000080c00000, 0x0000000080b00000| Untracked 
|  12|0x0000000080c00000, 0x0000000080d00000, 0x0000000080d00000|100%| O|  |TAMS 0x0000000080d00000, 0x0000000080c00000| Untracked 
|  13|0x0000000080d00000, 0x0000000080e00000, 0x0000000080e00000|100%| O|  |TAMS 0x0000000080e00000, 0x0000000080d00000| Untracked 
|  14|0x0000000080e00000, 0x0000000080f00000, 0x0000000080f00000|100%| O|  |TAMS 0x0000000080f00000, 0x0000000080e00000| Untracked 
|  15|0x0000000080f00000, 0x0000000081000000, 0x0000000081000000|100%| O|  |TAMS 0x0000000081000000, 0x0000000080f00000| Untracked 
|  16|0x0000000081000000, 0x0000000081100000, 0x0000000081100000|100%| O|  |TAMS 0x0000000081100000, 0x0000000081000000| Untracked 
|  17|0x0000000081100000, 0x0000000081200000, 0x0000000081200000|100%| O|  |TAMS 0x0000000081200000, 0x0000000081100000| Untracked 
|  18|0x0000000081200000, 0x0000000081300000, 0x0000000081300000|100%| O|  |TAMS 0x0000000081300000, 0x0000000081200000| Untracked 
|  19|0x0000000081300000, 0x0000000081400000, 0x0000000081400000|100%|HS|  |TAMS 0x0000000081400000, 0x0000000081300000| Complete 
|  20|0x0000000081400000, 0x0000000081500000, 0x0000000081500000|100%| O|  |TAMS 0x0000000081500000, 0x0000000081400000| Untracked 
|  21|0x0000000081500000, 0x0000000081600000, 0x0000000081600000|100%| O|  |TAMS 0x0000000081600000, 0x0000000081500000| Untracked 
|  22|0x0000000081600000, 0x0000000081700000, 0x0000000081700000|100%|HS|  |TAMS 0x0000000081700000, 0x0000000081600000| Complete 
|  23|0x0000000081700000, 0x0000000081800000, 0x0000000081800000|100%|HS|  |TAMS 0x0000000081800000, 0x0000000081700000| Complete 
|  24|0x0000000081800000, 0x0000000081900000, 0x0000000081900000|100%|HC|  |TAMS 0x0000000081900000, 0x0000000081800000| Complete 
|  25|0x0000000081900000, 0x0000000081a00000, 0x0000000081a00000|100%|HC|  |TAMS 0x0000000081a00000, 0x0000000081900000| Complete 
|  26|0x0000000081a00000, 0x0000000081b00000, 0x0000000081b00000|100%|HS|  |TAMS 0x0000000081b00000, 0x0000000081a00000| Complete 
|  27|0x0000000081b00000, 0x0000000081c00000, 0x0000000081c00000|100%|HC|  |TAMS 0x0000000081c00000, 0x0000000081b00000| Complete 
|  28|0x0000000081c00000, 0x0000000081d00000, 0x0000000081d00000|100%| O|  |TAMS 0x0000000081d00000, 0x0000000081c00000| Untracked 
|  29|0x0000000081d00000, 0x0000000081e00000, 0x0000000081e00000|100%| O|  |TAMS 0x0000000081e00000, 0x0000000081d00000| Untracked 
|  30|0x0000000081e00000, 0x0000000081f00000, 0x0000000081f00000|100%| O|  |TAMS 0x0000000081f00000, 0x0000000081e00000| Untracked 
|  31|0x0000000081f00000, 0x0000000082000000, 0x0000000082000000|100%| O|  |TAMS 0x0000000082000000, 0x0000000081f00000| Untracked 
|  32|0x0000000082000000, 0x0000000082100000, 0x0000000082100000|100%| O|  |TAMS 0x0000000082100000, 0x0000000082000000| Untracked 
|  33|0x0000000082100000, 0x0000000082200000, 0x0000000082200000|100%| O|  |TAMS 0x0000000082200000, 0x0000000082100000| Untracked 
|  34|0x0000000082200000, 0x0000000082300000, 0x0000000082300000|100%| O|  |TAMS 0x0000000082300000, 0x0000000082200000| Untracked 
|  35|0x0000000082300000, 0x0000000082400000, 0x0000000082400000|100%| O|  |TAMS 0x0000000082400000, 0x0000000082300000| Untracked 
|  36|0x0000000082400000, 0x0000000082500000, 0x0000000082500000|100%| O|  |TAMS 0x0000000082500000, 0x0000000082400000| Untracked 
|  37|0x0000000082500000, 0x0000000082600000, 0x0000000082600000|100%| O|  |TAMS 0x0000000082600000, 0x0000000082500000| Untracked 
|  38|0x0000000082600000, 0x0000000082700000, 0x0000000082700000|100%| O|  |TAMS 0x0000000082700000, 0x0000000082600000| Untracked 
|  39|0x0000000082700000, 0x0000000082800000, 0x0000000082800000|100%| O|  |TAMS 0x0000000082800000, 0x0000000082700000| Untracked 
|  40|0x0000000082800000, 0x0000000082900000, 0x0000000082900000|100%| O|  |TAMS 0x0000000082900000, 0x0000000082800000| Untracked 
|  41|0x0000000082900000, 0x0000000082a00000, 0x0000000082a00000|100%| O|  |TAMS 0x0000000082a00000, 0x0000000082900000| Untracked 
|  42|0x0000000082a00000, 0x0000000082b00000, 0x0000000082b00000|100%| O|  |TAMS 0x0000000082b00000, 0x0000000082a00000| Untracked 
|  43|0x0000000082b00000, 0x0000000082c00000, 0x0000000082c00000|100%| O|  |TAMS 0x0000000082bb1200, 0x0000000082b00000| Untracked 
|  44|0x0000000082c00000, 0x0000000082d00000, 0x0000000082d00000|100%| O|  |TAMS 0x0000000082c00000, 0x0000000082c00000| Untracked 
|  45|0x0000000082d00000, 0x0000000082e00000, 0x0000000082e00000|100%| O|  |TAMS 0x0000000082d00000, 0x0000000082d00000| Untracked 
|  46|0x0000000082e00000, 0x0000000082f00000, 0x0000000082f00000|100%| O|  |TAMS 0x0000000082e00000, 0x0000000082e00000| Untracked 
|  47|0x0000000082f00000, 0x0000000083000000, 0x0000000083000000|100%| O|  |TAMS 0x0000000082f00000, 0x0000000082f00000| Untracked 
|  48|0x0000000083000000, 0x0000000083100000, 0x0000000083100000|100%| O|  |TAMS 0x0000000083000000, 0x0000000083000000| Untracked 
|  49|0x0000000083100000, 0x0000000083200000, 0x0000000083200000|100%| O|  |TAMS 0x0000000083100000, 0x0000000083100000| Untracked 
|  50|0x0000000083200000, 0x0000000083300000, 0x0000000083300000|100%| O|  |TAMS 0x0000000083200000, 0x0000000083200000| Untracked 
|  51|0x0000000083300000, 0x0000000083400000, 0x0000000083400000|100%| O|  |TAMS 0x0000000083300000, 0x0000000083300000| Untracked 
|  52|0x0000000083400000, 0x0000000083500000, 0x0000000083500000|100%| O|  |TAMS 0x0000000083400000, 0x0000000083400000| Untracked 
|  53|0x0000000083500000, 0x0000000083600000, 0x0000000083600000|100%| O|  |TAMS 0x0000000083500000, 0x0000000083500000| Untracked 
|  54|0x0000000083600000, 0x0000000083700000, 0x0000000083700000|100%| O|  |TAMS 0x0000000083600000, 0x0000000083600000| Untracked 
|  55|0x0000000083700000, 0x0000000083800000, 0x0000000083800000|100%| O|  |TAMS 0x0000000083700000, 0x0000000083700000| Untracked 
|  56|0x0000000083800000, 0x0000000083900000, 0x0000000083900000|100%| O|  |TAMS 0x0000000083800000, 0x0000000083800000| Untracked 
|  57|0x0000000083900000, 0x0000000083a00000, 0x0000000083a00000|100%| O|  |TAMS 0x0000000083900000, 0x0000000083900000| Untracked 
|  58|0x0000000083a00000, 0x0000000083b00000, 0x0000000083b00000|100%| O|  |TAMS 0x0000000083a00000, 0x0000000083a00000| Untracked 
|  59|0x0000000083b00000, 0x0000000083c00000, 0x0000000083c00000|100%| O|  |TAMS 0x0000000083b00000, 0x0000000083b00000| Untracked 
|  60|0x0000000083c00000, 0x0000000083d00000, 0x0000000083d00000|100%| O|  |TAMS 0x0000000083c00000, 0x0000000083c00000| Untracked 
|  61|0x0000000083d00000, 0x0000000083e00000, 0x0000000083e00000|100%| O|  |TAMS 0x0000000083d00000, 0x0000000083d00000| Untracked 
|  62|0x0000000083e00000, 0x0000000083f00000, 0x0000000083f00000|100%| O|  |TAMS 0x0000000083e00000, 0x0000000083e00000| Untracked 
|  63|0x0000000083f00000, 0x0000000084000000, 0x0000000084000000|100%| O|  |TAMS 0x0000000083f00000, 0x0000000083f00000| Untracked 
|  64|0x0000000084000000, 0x0000000084100000, 0x0000000084100000|100%| O|  |TAMS 0x0000000084000000, 0x0000000084000000| Untracked 
|  65|0x0000000084100000, 0x0000000084200000, 0x0000000084200000|100%| O|  |TAMS 0x0000000084100000, 0x0000000084100000| Untracked 
|  66|0x0000000084200000, 0x0000000084300000, 0x0000000084300000|100%| O|  |TAMS 0x0000000084200000, 0x0000000084200000| Untracked 
|  67|0x0000000084300000, 0x0000000084400000, 0x0000000084400000|100%| O|  |TAMS 0x0000000084300000, 0x0000000084300000| Untracked 
|  68|0x0000000084400000, 0x00000000844a9c00, 0x0000000084500000| 66%| O|  |TAMS 0x0000000084400000, 0x0000000084400000| Untracked 
|  69|0x0000000084500000, 0x0000000084500000, 0x0000000084600000|  0%| F|  |TAMS 0x0000000084500000, 0x0000000084500000| Untracked 
|  70|0x0000000084600000, 0x0000000084600000, 0x0000000084700000|  0%| F|  |TAMS 0x0000000084600000, 0x0000000084600000| Untracked 
|  71|0x0000000084700000, 0x0000000084700000, 0x0000000084800000|  0%| F|  |TAMS 0x0000000084700000, 0x0000000084700000| Untracked 
|  72|0x0000000084800000, 0x0000000084800000, 0x0000000084900000|  0%| F|  |TAMS 0x0000000084800000, 0x0000000084800000| Untracked 
|  73|0x0000000084900000, 0x0000000084900000, 0x0000000084a00000|  0%| F|  |TAMS 0x0000000084900000, 0x0000000084900000| Untracked 
|  74|0x0000000084a00000, 0x0000000084a00000, 0x0000000084b00000|  0%| F|  |TAMS 0x0000000084a00000, 0x0000000084a00000| Untracked 
|  75|0x0000000084b00000, 0x0000000084b00000, 0x0000000084c00000|  0%| F|  |TAMS 0x0000000084b00000, 0x0000000084b00000| Untracked 
|  76|0x0000000084c00000, 0x0000000084c00000, 0x0000000084d00000|  0%| F|  |TAMS 0x0000000084c00000, 0x0000000084c00000| Untracked 
|  77|0x0000000084d00000, 0x0000000084d00000, 0x0000000084e00000|  0%| F|  |TAMS 0x0000000084d00000, 0x0000000084d00000| Untracked 
|  78|0x0000000084e00000, 0x0000000084e00000, 0x0000000084f00000|  0%| F|  |TAMS 0x0000000084e00000, 0x0000000084e00000| Untracked 
|  79|0x0000000084f00000, 0x0000000084f00000, 0x0000000085000000|  0%| F|  |TAMS 0x0000000084f00000, 0x0000000084f00000| Untracked 
|  80|0x0000000085000000, 0x0000000085000000, 0x0000000085100000|  0%| F|  |TAMS 0x0000000085000000, 0x0000000085000000| Untracked 
|  81|0x0000000085100000, 0x0000000085100000, 0x0000000085200000|  0%| F|  |TAMS 0x0000000085100000, 0x0000000085100000| Untracked 
|  82|0x0000000085200000, 0x0000000085200000, 0x0000000085300000|  0%| F|  |TAMS 0x0000000085200000, 0x0000000085200000| Untracked 
|  83|0x0000000085300000, 0x0000000085300000, 0x0000000085400000|  0%| F|  |TAMS 0x0000000085300000, 0x0000000085300000| Untracked 
|  84|0x0000000085400000, 0x0000000085400000, 0x0000000085500000|  0%| F|  |TAMS 0x0000000085400000, 0x0000000085400000| Untracked 
|  85|0x0000000085500000, 0x0000000085500000, 0x0000000085600000|  0%| F|  |TAMS 0x0000000085500000, 0x0000000085500000| Untracked 
|  86|0x0000000085600000, 0x0000000085600000, 0x0000000085700000|  0%| F|  |TAMS 0x0000000085600000, 0x0000000085600000| Untracked 
|  87|0x0000000085700000, 0x0000000085700000, 0x0000000085800000|  0%| F|  |TAMS 0x0000000085700000, 0x0000000085700000| Untracked 
|  88|0x0000000085800000, 0x0000000085800000, 0x0000000085900000|  0%| F|  |TAMS 0x0000000085800000, 0x0000000085800000| Untracked 
|  89|0x0000000085900000, 0x0000000085900000, 0x0000000085a00000|  0%| F|  |TAMS 0x0000000085900000, 0x0000000085900000| Untracked 
|  90|0x0000000085a00000, 0x0000000085a00000, 0x0000000085b00000|  0%| F|  |TAMS 0x0000000085a00000, 0x0000000085a00000| Untracked 
|  91|0x0000000085b00000, 0x0000000085b00000, 0x0000000085c00000|  0%| F|  |TAMS 0x0000000085b00000, 0x0000000085b00000| Untracked 
|  92|0x0000000085c00000, 0x0000000085c00000, 0x0000000085d00000|  0%| F|  |TAMS 0x0000000085c00000, 0x0000000085c00000| Untracked 
|  93|0x0000000085d00000, 0x0000000085d00000, 0x0000000085e00000|  0%| F|  |TAMS 0x0000000085d00000, 0x0000000085d00000| Untracked 
|  94|0x0000000085e00000, 0x0000000085e00000, 0x0000000085f00000|  0%| F|  |TAMS 0x0000000085e00000, 0x0000000085e00000| Untracked 
|  95|0x0000000085f00000, 0x0000000085f00000, 0x0000000086000000|  0%| F|  |TAMS 0x0000000085f00000, 0x0000000085f00000| Untracked 
|  96|0x0000000086000000, 0x0000000086000000, 0x0000000086100000|  0%| F|  |TAMS 0x0000000086000000, 0x0000000086000000| Untracked 
|  97|0x0000000086100000, 0x0000000086100000, 0x0000000086200000|  0%| F|  |TAMS 0x0000000086100000, 0x0000000086100000| Untracked 
|  98|0x0000000086200000, 0x0000000086200000, 0x0000000086300000|  0%| F|  |TAMS 0x0000000086200000, 0x0000000086200000| Untracked 
|  99|0x0000000086300000, 0x0000000086300000, 0x0000000086400000|  0%| F|  |TAMS 0x0000000086300000, 0x0000000086300000| Untracked 
| 100|0x0000000086400000, 0x0000000086400000, 0x0000000086500000|  0%| F|  |TAMS 0x0000000086400000, 0x0000000086400000| Untracked 
| 101|0x0000000086500000, 0x0000000086500000, 0x0000000086600000|  0%| F|  |TAMS 0x0000000086500000, 0x0000000086500000| Untracked 
| 102|0x0000000086600000, 0x0000000086600000, 0x0000000086700000|  0%| F|  |TAMS 0x0000000086600000, 0x0000000086600000| Untracked 
| 103|0x0000000086700000, 0x0000000086700000, 0x0000000086800000|  0%| F|  |TAMS 0x0000000086700000, 0x0000000086700000| Untracked 
| 104|0x0000000086800000, 0x0000000086800000, 0x0000000086900000|  0%| F|  |TAMS 0x0000000086800000, 0x0000000086800000| Untracked 
| 105|0x0000000086900000, 0x0000000086900000, 0x0000000086a00000|  0%| F|  |TAMS 0x0000000086900000, 0x0000000086900000| Untracked 
| 106|0x0000000086a00000, 0x0000000086a00000, 0x0000000086b00000|  0%| F|  |TAMS 0x0000000086a00000, 0x0000000086a00000| Untracked 
| 107|0x0000000086b00000, 0x0000000086b00000, 0x0000000086c00000|  0%| F|  |TAMS 0x0000000086b00000, 0x0000000086b00000| Untracked 
| 108|0x0000000086c00000, 0x0000000086c00000, 0x0000000086d00000|  0%| F|  |TAMS 0x0000000086c00000, 0x0000000086c00000| Untracked 
| 109|0x0000000086d00000, 0x0000000086d00000, 0x0000000086e00000|  0%| F|  |TAMS 0x0000000086d00000, 0x0000000086d00000| Untracked 
| 110|0x0000000086e00000, 0x0000000086e00000, 0x0000000086f00000|  0%| F|  |TAMS 0x0000000086e00000, 0x0000000086e00000| Untracked 
| 111|0x0000000086f00000, 0x0000000086f24690, 0x0000000087000000| 14%| S|CS|TAMS 0x0000000086f00000, 0x0000000086f00000| Complete 
| 112|0x0000000087000000, 0x0000000087100000, 0x0000000087100000|100%| S|CS|TAMS 0x0000000087000000, 0x0000000087000000| Complete 
| 113|0x0000000087100000, 0x0000000087200000, 0x0000000087200000|100%| S|CS|TAMS 0x0000000087100000, 0x0000000087100000| Complete 
| 114|0x0000000087200000, 0x0000000087300000, 0x0000000087300000|100%| S|CS|TAMS 0x0000000087200000, 0x0000000087200000| Complete 
| 115|0x0000000087300000, 0x0000000087400000, 0x0000000087400000|100%| S|CS|TAMS 0x0000000087300000, 0x0000000087300000| Complete 
| 116|0x0000000087400000, 0x0000000087500000, 0x0000000087500000|100%| S|CS|TAMS 0x0000000087400000, 0x0000000087400000| Complete 
| 117|0x0000000087500000, 0x0000000087600000, 0x0000000087600000|100%| S|CS|TAMS 0x0000000087500000, 0x0000000087500000| Complete 
| 118|0x0000000087600000, 0x0000000087700000, 0x0000000087700000|100%| S|CS|TAMS 0x0000000087600000, 0x0000000087600000| Complete 
| 119|0x0000000087700000, 0x0000000087700000, 0x0000000087800000|  0%| F|  |TAMS 0x0000000087700000, 0x0000000087700000| Untracked 
| 120|0x0000000087800000, 0x0000000087800000, 0x0000000087900000|  0%| F|  |TAMS 0x0000000087800000, 0x0000000087800000| Untracked 
| 121|0x0000000087900000, 0x0000000087900000, 0x0000000087a00000|  0%| F|  |TAMS 0x0000000087900000, 0x0000000087900000| Untracked 
| 122|0x0000000087a00000, 0x0000000087a00000, 0x0000000087b00000|  0%| F|  |TAMS 0x0000000087a00000, 0x0000000087a00000| Untracked 
| 123|0x0000000087b00000, 0x0000000087b00000, 0x0000000087c00000|  0%| F|  |TAMS 0x0000000087b00000, 0x0000000087b00000| Untracked 
| 124|0x0000000087c00000, 0x0000000087c00000, 0x0000000087d00000|  0%| F|  |TAMS 0x0000000087c00000, 0x0000000087c00000| Untracked 
| 125|0x0000000087d00000, 0x0000000087d00000, 0x0000000087e00000|  0%| F|  |TAMS 0x0000000087d00000, 0x0000000087d00000| Untracked 
| 126|0x0000000087e00000, 0x0000000087e00000, 0x0000000087f00000|  0%| F|  |TAMS 0x0000000087e00000, 0x0000000087e00000| Untracked 
| 127|0x0000000087f00000, 0x0000000087f00000, 0x0000000088000000|  0%| F|  |TAMS 0x0000000087f00000, 0x0000000087f00000| Untracked 
| 128|0x0000000088000000, 0x0000000088000000, 0x0000000088100000|  0%| F|  |TAMS 0x0000000088000000, 0x0000000088000000| Untracked 
| 129|0x0000000088100000, 0x0000000088100000, 0x0000000088200000|  0%| F|  |TAMS 0x0000000088100000, 0x0000000088100000| Untracked 
| 130|0x0000000088200000, 0x0000000088200000, 0x0000000088300000|  0%| F|  |TAMS 0x0000000088200000, 0x0000000088200000| Untracked 
| 131|0x0000000088300000, 0x0000000088300000, 0x0000000088400000|  0%| F|  |TAMS 0x0000000088300000, 0x0000000088300000| Untracked 
| 132|0x0000000088400000, 0x0000000088400000, 0x0000000088500000|  0%| F|  |TAMS 0x0000000088400000, 0x0000000088400000| Untracked 
| 133|0x0000000088500000, 0x0000000088500000, 0x0000000088600000|  0%| F|  |TAMS 0x0000000088500000, 0x0000000088500000| Untracked 
| 134|0x0000000088600000, 0x0000000088600000, 0x0000000088700000|  0%| F|  |TAMS 0x0000000088600000, 0x0000000088600000| Untracked 
| 135|0x0000000088700000, 0x0000000088700000, 0x0000000088800000|  0%| F|  |TAMS 0x0000000088700000, 0x0000000088700000| Untracked 
| 136|0x0000000088800000, 0x0000000088800000, 0x0000000088900000|  0%| F|  |TAMS 0x0000000088800000, 0x0000000088800000| Untracked 
| 137|0x0000000088900000, 0x0000000088900000, 0x0000000088a00000|  0%| F|  |TAMS 0x0000000088900000, 0x0000000088900000| Untracked 
| 138|0x0000000088a00000, 0x0000000088a00000, 0x0000000088b00000|  0%| F|  |TAMS 0x0000000088a00000, 0x0000000088a00000| Untracked 
| 139|0x0000000088b00000, 0x0000000088b00000, 0x0000000088c00000|  0%| F|  |TAMS 0x0000000088b00000, 0x0000000088b00000| Untracked 
| 140|0x0000000088c00000, 0x0000000088c00000, 0x0000000088d00000|  0%| F|  |TAMS 0x0000000088c00000, 0x0000000088c00000| Untracked 
| 141|0x0000000088d00000, 0x0000000088d00000, 0x0000000088e00000|  0%| F|  |TAMS 0x0000000088d00000, 0x0000000088d00000| Untracked 
| 142|0x0000000088e00000, 0x0000000088e00000, 0x0000000088f00000|  0%| F|  |TAMS 0x0000000088e00000, 0x0000000088e00000| Untracked 
| 143|0x0000000088f00000, 0x0000000088f00000, 0x0000000089000000|  0%| F|  |TAMS 0x0000000088f00000, 0x0000000088f00000| Untracked 
| 144|0x0000000089000000, 0x0000000089000000, 0x0000000089100000|  0%| F|  |TAMS 0x0000000089000000, 0x0000000089000000| Untracked 
| 145|0x0000000089100000, 0x0000000089100000, 0x0000000089200000|  0%| F|  |TAMS 0x0000000089100000, 0x0000000089100000| Untracked 
| 146|0x0000000089200000, 0x0000000089200000, 0x0000000089300000|  0%| F|  |TAMS 0x0000000089200000, 0x0000000089200000| Untracked 
| 147|0x0000000089300000, 0x0000000089300000, 0x0000000089400000|  0%| F|  |TAMS 0x0000000089300000, 0x0000000089300000| Untracked 
| 148|0x0000000089400000, 0x0000000089400000, 0x0000000089500000|  0%| F|  |TAMS 0x0000000089400000, 0x0000000089400000| Untracked 
| 149|0x0000000089500000, 0x0000000089500000, 0x0000000089600000|  0%| F|  |TAMS 0x0000000089500000, 0x0000000089500000| Untracked 
| 150|0x0000000089600000, 0x0000000089600000, 0x0000000089700000|  0%| F|  |TAMS 0x0000000089600000, 0x0000000089600000| Untracked 
| 151|0x0000000089700000, 0x0000000089700000, 0x0000000089800000|  0%| F|  |TAMS 0x0000000089700000, 0x0000000089700000| Untracked 
| 152|0x0000000089800000, 0x0000000089800000, 0x0000000089900000|  0%| F|  |TAMS 0x0000000089800000, 0x0000000089800000| Untracked 
| 153|0x0000000089900000, 0x0000000089900000, 0x0000000089a00000|  0%| F|  |TAMS 0x0000000089900000, 0x0000000089900000| Untracked 
| 154|0x0000000089a00000, 0x0000000089a00000, 0x0000000089b00000|  0%| F|  |TAMS 0x0000000089a00000, 0x0000000089a00000| Untracked 
| 155|0x0000000089b00000, 0x0000000089b00000, 0x0000000089c00000|  0%| F|  |TAMS 0x0000000089b00000, 0x0000000089b00000| Untracked 
| 156|0x0000000089c00000, 0x0000000089c00000, 0x0000000089d00000|  0%| F|  |TAMS 0x0000000089c00000, 0x0000000089c00000| Untracked 
| 157|0x0000000089d00000, 0x0000000089d00000, 0x0000000089e00000|  0%| F|  |TAMS 0x0000000089d00000, 0x0000000089d00000| Untracked 
| 158|0x0000000089e00000, 0x0000000089e00000, 0x0000000089f00000|  0%| F|  |TAMS 0x0000000089e00000, 0x0000000089e00000| Untracked 
| 159|0x0000000089f00000, 0x0000000089f00000, 0x000000008a000000|  0%| F|  |TAMS 0x0000000089f00000, 0x0000000089f00000| Untracked 
| 160|0x000000008a000000, 0x000000008a000000, 0x000000008a100000|  0%| F|  |TAMS 0x000000008a000000, 0x000000008a000000| Untracked 
| 161|0x000000008a100000, 0x000000008a100000, 0x000000008a200000|  0%| F|  |TAMS 0x000000008a100000, 0x000000008a100000| Untracked 
| 162|0x000000008a200000, 0x000000008a200000, 0x000000008a300000|  0%| F|  |TAMS 0x000000008a200000, 0x000000008a200000| Untracked 
| 163|0x000000008a300000, 0x000000008a300000, 0x000000008a400000|  0%| F|  |TAMS 0x000000008a300000, 0x000000008a300000| Untracked 
| 164|0x000000008a400000, 0x000000008a400000, 0x000000008a500000|  0%| F|  |TAMS 0x000000008a400000, 0x000000008a400000| Untracked 
| 165|0x000000008a500000, 0x000000008a500000, 0x000000008a600000|  0%| F|  |TAMS 0x000000008a500000, 0x000000008a500000| Untracked 
| 166|0x000000008a600000, 0x000000008a600000, 0x000000008a700000|  0%| F|  |TAMS 0x000000008a600000, 0x000000008a600000| Untracked 
| 167|0x000000008a700000, 0x000000008a700000, 0x000000008a800000|  0%| F|  |TAMS 0x000000008a700000, 0x000000008a700000| Untracked 
| 168|0x000000008a800000, 0x000000008a800000, 0x000000008a900000|  0%| F|  |TAMS 0x000000008a800000, 0x000000008a800000| Untracked 
| 169|0x000000008a900000, 0x000000008a900000, 0x000000008aa00000|  0%| F|  |TAMS 0x000000008a900000, 0x000000008a900000| Untracked 
| 170|0x000000008aa00000, 0x000000008aa00000, 0x000000008ab00000|  0%| F|  |TAMS 0x000000008aa00000, 0x000000008aa00000| Untracked 
| 171|0x000000008ab00000, 0x000000008ab47000, 0x000000008ac00000| 27%| E|  |TAMS 0x000000008ab00000, 0x000000008ab00000| Complete 
| 172|0x000000008ac00000, 0x000000008ad00000, 0x000000008ad00000|100%| E|CS|TAMS 0x000000008ac00000, 0x000000008ac00000| Complete 
| 173|0x000000008ad00000, 0x000000008ae00000, 0x000000008ae00000|100%| E|CS|TAMS 0x000000008ad00000, 0x000000008ad00000| Complete 
| 174|0x000000008ae00000, 0x000000008af00000, 0x000000008af00000|100%| E|CS|TAMS 0x000000008ae00000, 0x000000008ae00000| Complete 
| 175|0x000000008af00000, 0x000000008b000000, 0x000000008b000000|100%| E|CS|TAMS 0x000000008af00000, 0x000000008af00000| Complete 
| 176|0x000000008b000000, 0x000000008b100000, 0x000000008b100000|100%| E|CS|TAMS 0x000000008b000000, 0x000000008b000000| Complete 
| 177|0x000000008b100000, 0x000000008b200000, 0x000000008b200000|100%| E|CS|TAMS 0x000000008b100000, 0x000000008b100000| Complete 
| 178|0x000000008b200000, 0x000000008b300000, 0x000000008b300000|100%| E|CS|TAMS 0x000000008b200000, 0x000000008b200000| Complete 
| 179|0x000000008b300000, 0x000000008b400000, 0x000000008b400000|100%| E|CS|TAMS 0x000000008b300000, 0x000000008b300000| Complete 
| 180|0x000000008b400000, 0x000000008b500000, 0x000000008b500000|100%| E|CS|TAMS 0x000000008b400000, 0x000000008b400000| Complete 
| 181|0x000000008b500000, 0x000000008b600000, 0x000000008b600000|100%| E|CS|TAMS 0x000000008b500000, 0x000000008b500000| Complete 
| 182|0x000000008b600000, 0x000000008b700000, 0x000000008b700000|100%| E|CS|TAMS 0x000000008b600000, 0x000000008b600000| Complete 

Card table byte_map: [0x000002f7ba5d0000,0x000002f7ba9d0000] _byte_map_base: 0x000002f7ba1d0000

Marking Bits (Prev, Next): (CMBitMap*) 0x000002f7a24df0f0, (CMBitMap*) 0x000002f7a24df0b8
 Prev Bits: [0x000002f7bcdd0000, 0x000002f7bedd0000)
 Next Bits: [0x000002f7badd0000, 0x000002f7bcdd0000)

Polling page: 0x000002f7a03f0000

Metaspace:

Usage:
  Non-class:     77.25 MB capacity,    75.85 MB ( 98%) used,     1.16 MB (  2%) free+waste,   242.69 KB ( <1%) overhead. 
      Class:     12.02 MB capacity,    11.23 MB ( 93%) used,   699.27 KB (  6%) free+waste,   108.94 KB ( <1%) overhead. 
       Both:     89.27 MB capacity,    87.08 MB ( 98%) used,     1.84 MB (  2%) free+waste,   351.63 KB ( <1%) overhead. 

Virtual space:
  Non-class space:       78.00 MB reserved,      77.39 MB (>99%) committed 
      Class space:        1.00 GB reserved,      12.07 MB (  1%) committed 
             Both:        1.08 GB reserved,      89.46 MB (  8%) committed 

Chunk freelists:
   Non-Class:  0 bytes
       Class:  11.00 KB
        Both:  11.00 KB

MaxMetaspaceSize: 17179869184.00 GB
CompressedClassSpaceSize: 1.00 GB
Initial GC threshold: 20.80 MB
Current GC threshold: 98.90 MB
CDS: off

CodeHeap 'non-profiled nmethods': size=120000Kb used=4604Kb max_used=4604Kb free=115395Kb
 bounds [0x000002f7b2970000, 0x000002f7b2df0000, 0x000002f7b9ea0000]
CodeHeap 'profiled nmethods': size=120000Kb used=19747Kb max_used=19747Kb free=100252Kb
 bounds [0x000002f7ab440000, 0x000002f7ac790000, 0x000002f7b2970000]
CodeHeap 'non-nmethods': size=5760Kb used=2372Kb max_used=2404Kb free=3387Kb
 bounds [0x000002f7aaea0000, 0x000002f7ab110000, 0x000002f7ab440000]
 total_blobs=10601 nmethods=9713 adapters=800
 compilation: enabled
              stopped_count=0, restarted_count=0
 full_count=0

Compilation events (20 events):
Event: 18.054 Thread 0x000002f7c1850000 nmethod 9843 0x000002f7b2de2990 code [0x000002f7b2de2de0, 0x000002f7b2de7fd8]
Event: 18.054 Thread 0x000002f7c1850000 9851 %     4       java.io.ObjectOutputStream$BlockDataOutputStream::writeBytes @ 95 (144 bytes)
Event: 18.071 Thread 0x000002f7c1850000 nmethod 9851% 0x000002f7b2deb490 code [0x000002f7b2deb660, 0x000002f7b2debde8]
Event: 18.071 Thread 0x000002f7c1850000 9842       4       java.lang.AbstractStringBuilder::appendChars (130 bytes)
Event: 18.078 Thread 0x000002f7c1850000 nmethod 9842 0x000002f7b2dec310 code [0x000002f7b2dec4c0, 0x000002f7b2dec848]
Event: 18.078 Thread 0x000002f7c1850000 9847 %     4       java.io.ObjectOutputStream$BlockDataOutputStream::getUTFLength @ 47 (124 bytes)
Event: 18.089 Thread 0x000002f7c1850000 nmethod 9847% 0x000002f7b2deca10 code [0x000002f7b2decbc0, 0x000002f7b2ded338]
Event: 18.089 Thread 0x000002f7c1850000 9864       4       java.lang.invoke.LambdaForm$Name::lastUseIndex (36 bytes)
Event: 18.091 Thread 0x000002f7c1850000 nmethod 9864 0x000002f7b2ded710 code [0x000002f7b2ded8a0, 0x000002f7b2ded9b8]
Event: 18.091 Thread 0x000002f7c1850000 9856       4       jdk.internal.org.objectweb.asm.ByteVector::putInt (74 bytes)
Event: 18.093 Thread 0x000002f7c1850000 nmethod 9856 0x000002f7b2deda90 code [0x000002f7b2dedc20, 0x000002f7b2dedd58]
Event: 18.093 Thread 0x000002f7c1850000 9858   !   4       java.lang.invoke.MemberName::getMethodType (203 bytes)
Event: 18.100 Thread 0x000002f7c1850000 nmethod 9858 0x000002f7b2dede90 code [0x000002f7b2dee080, 0x000002f7b2dee6e8]
Event: 18.100 Thread 0x000002f7c1850000 9850       4       java.net.URL::toExternalForm (9 bytes)
Event: 18.100 Thread 0x000002f7c1850000 nmethod 9850 0x000002f7b2deea10 code [0x000002f7b2deebc0, 0x000002f7b2deec68]
Event: 18.862 Thread 0x000002f7c1850000 9869       4       java.util.concurrent.locks.AbstractQueuedSynchronizer::enq (37 bytes)
Event: 18.870 Thread 0x000002f7c1850000 nmethod 9869 0x000002f7b2deed10 code [0x000002f7b2deeec0, 0x000002f7b2def228]
Event: 22.557 Thread 0x000002f7c1851000 9870       3       org.gradle.internal.serialize.InputStreamBackedDecoder::readString (8 bytes)
Event: 22.558 Thread 0x000002f7c1851000 nmethod 9870 0x000002f7ac786610 code [0x000002f7ac7867e0, 0x000002f7ac786968]
Event: 22.684 Thread 0x000002f7c1850000 9871   !   4       java.util.concurrent.locks.AbstractQueuedSynchronizer::acquireQueued (74 bytes)

GC Heap History (20 events):
Event: 7.895 GC heap before
{Heap before GC invocations=10 (full 0):
 garbage-first heap   total 155648K, used 107033K [0x0000000080000000, 0x0000000100000000)
  region size 1024K, 69 young (70656K), 8 survivors (8192K)
 Metaspace       used 57922K, capacity 59296K, committed 59548K, reserved 1101824K
  class space    used 7343K, capacity 7800K, committed 7884K, reserved 1048576K
}
Event: 7.905 GC heap after
{Heap after GC invocations=11 (full 0):
 garbage-first heap   total 155648K, used 48836K [0x0000000080000000, 0x0000000100000000)
  region size 1024K, 4 young (4096K), 4 survivors (4096K)
 Metaspace       used 57922K, capacity 59296K, committed 59548K, reserved 1101824K
  class space    used 7343K, capacity 7800K, committed 7884K, reserved 1048576K
}
Event: 8.320 GC heap before
{Heap before GC invocations=11 (full 0):
 garbage-first heap   total 155648K, used 60100K [0x0000000080000000, 0x0000000100000000)
  region size 1024K, 16 young (16384K), 4 survivors (4096K)
 Metaspace       used 59112K, capacity 60520K, committed 60636K, reserved 1101824K
  class space    used 7486K, capacity 7970K, committed 8012K, reserved 1048576K
}
Event: 8.327 GC heap after
{Heap after GC invocations=12 (full 0):
 garbage-first heap   total 155648K, used 49755K [0x0000000080000000, 0x0000000100000000)
  region size 1024K, 5 young (5120K), 5 survivors (5120K)
 Metaspace       used 59112K, capacity 60520K, committed 60636K, reserved 1101824K
  class space    used 7486K, capacity 7970K, committed 8012K, reserved 1048576K
}
Event: 9.175 GC heap before
{Heap before GC invocations=13 (full 0):
 garbage-first heap   total 155648K, used 97883K [0x0000000080000000, 0x0000000100000000)
  region size 1024K, 51 young (52224K), 5 survivors (5120K)
 Metaspace       used 63011K, capacity 64467K, committed 64732K, reserved 1105920K
  class space    used 7946K, capacity 8467K, committed 8524K, reserved 1048576K
}
Event: 9.183 GC heap after
{Heap after GC invocations=14 (full 0):
 garbage-first heap   total 155648K, used 53180K [0x0000000080000000, 0x0000000100000000)
  region size 1024K, 5 young (5120K), 5 survivors (5120K)
 Metaspace       used 63011K, capacity 64467K, committed 64732K, reserved 1105920K
  class space    used 7946K, capacity 8467K, committed 8524K, reserved 1048576K
}
Event: 9.936 GC heap before
{Heap before GC invocations=14 (full 0):
 garbage-first heap   total 155648K, used 101308K [0x0000000080000000, 0x0000000100000000)
  region size 1024K, 52 young (53248K), 5 survivors (5120K)
 Metaspace       used 67679K, capacity 69120K, committed 69340K, reserved 1110016K
  class space    used 8709K, capacity 9249K, committed 9292K, reserved 1048576K
}
Event: 9.944 GC heap after
{Heap after GC invocations=15 (full 0):
 garbage-first heap   total 155648K, used 56656K [0x0000000080000000, 0x0000000100000000)
  region size 1024K, 7 young (7168K), 7 survivors (7168K)
 Metaspace       used 67679K, capacity 69120K, committed 69340K, reserved 1110016K
  class space    used 8709K, capacity 9249K, committed 9292K, reserved 1048576K
}
Event: 11.592 GC heap before
{Heap before GC invocations=15 (full 0):
 garbage-first heap   total 155648K, used 106832K [0x0000000080000000, 0x0000000100000000)
  region size 1024K, 56 young (57344K), 7 survivors (7168K)
 Metaspace       used 72610K, capacity 74172K, committed 74460K, reserved 1114112K
  class space    used 9440K, capacity 10006K, committed 10060K, reserved 1048576K
}
Event: 11.600 GC heap after
{Heap after GC invocations=16 (full 0):
 garbage-first heap   total 155648K, used 59554K [0x0000000080000000, 0x0000000100000000)
  region size 1024K, 7 young (7168K), 7 survivors (7168K)
 Metaspace       used 72610K, capacity 74172K, committed 74460K, reserved 1114112K
  class space    used 9440K, capacity 10006K, committed 10060K, reserved 1048576K
}
Event: 12.353 GC heap before
{Heap before GC invocations=16 (full 0):
 garbage-first heap   total 155648K, used 109730K [0x0000000080000000, 0x0000000100000000)
  region size 1024K, 57 young (58368K), 7 survivors (7168K)
 Metaspace       used 78140K, capacity 79854K, committed 80092K, reserved 1118208K
  class space    used 10076K, capacity 10701K, committed 10828K, reserved 1048576K
}
Event: 12.362 GC heap after
{Heap after GC invocations=17 (full 0):
 garbage-first heap   total 155648K, used 63460K [0x0000000080000000, 0x0000000100000000)
  region size 1024K, 7 young (7168K), 7 survivors (7168K)
 Metaspace       used 78140K, capacity 79854K, committed 80092K, reserved 1118208K
  class space    used 10076K, capacity 10701K, committed 10828K, reserved 1048576K
}
Event: 13.111 GC heap before
{Heap before GC invocations=17 (full 0):
 garbage-first heap   total 155648K, used 113636K [0x0000000080000000, 0x0000000100000000)
  region size 1024K, 57 young (58368K), 7 survivors (7168K)
 Metaspace       used 80588K, capacity 82508K, committed 82780K, reserved 1120256K
  class space    used 10440K, capacity 11134K, committed 11212K, reserved 1048576K
}
Event: 13.120 GC heap after
{Heap after GC invocations=18 (full 0):
 garbage-first heap   total 155648K, used 67462K [0x0000000080000000, 0x0000000100000000)
  region size 1024K, 8 young (8192K), 8 survivors (8192K)
 Metaspace       used 80588K, capacity 82508K, committed 82780K, reserved 1120256K
  class space    used 10440K, capacity 11134K, committed 11212K, reserved 1048576K
}
Event: 13.927 GC heap before
{Heap before GC invocations=18 (full 0):
 garbage-first heap   total 155648K, used 116614K [0x0000000080000000, 0x0000000100000000)
  region size 1024K, 57 young (58368K), 8 survivors (8192K)
 Metaspace       used 81172K, capacity 83049K, committed 83292K, reserved 1122304K
  class space    used 10459K, capacity 11146K, committed 11212K, reserved 1048576K
}
Event: 13.937 GC heap after
{Heap after GC invocations=19 (full 0):
 garbage-first heap   total 155648K, used 70490K [0x0000000080000000, 0x0000000100000000)
  region size 1024K, 7 young (7168K), 7 survivors (7168K)
 Metaspace       used 81172K, capacity 83049K, committed 83292K, reserved 1122304K
  class space    used 10459K, capacity 11146K, committed 11212K, reserved 1048576K
}
Event: 15.320 GC heap before
{Heap before GC invocations=19 (full 0):
 garbage-first heap   total 155648K, used 119642K [0x0000000080000000, 0x0000000100000000)
  region size 1024K, 56 young (57344K), 7 survivors (7168K)
 Metaspace       used 81789K, capacity 83791K, committed 83932K, reserved 1122304K
  class space    used 10525K, capacity 11223K, committed 11340K, reserved 1048576K
}
Event: 15.331 GC heap after
{Heap after GC invocations=20 (full 0):
 garbage-first heap   total 187392K, used 73350K [0x0000000080000000, 0x0000000100000000)
  region size 1024K, 6 young (6144K), 6 survivors (6144K)
 Metaspace       used 81789K, capacity 83791K, committed 83932K, reserved 1122304K
  class space    used 10525K, capacity 11223K, committed 11340K, reserved 1048576K
}
Event: 16.957 GC heap before
{Heap before GC invocations=20 (full 0):
 garbage-first heap   total 187392K, used 138886K [0x0000000080000000, 0x0000000100000000)
  region size 1024K, 70 young (71680K), 6 survivors (6144K)
 Metaspace       used 87448K, capacity 89498K, committed 89820K, reserved 1126400K
  class space    used 11237K, capacity 11973K, committed 12108K, reserved 1048576K
}
Event: 16.965 GC heap after
{Heap after GC invocations=21 (full 0):
 garbage-first heap   total 187392K, used 77624K [0x0000000080000000, 0x0000000100000000)
  region size 1024K, 8 young (8192K), 8 survivors (8192K)
 Metaspace       used 87448K, capacity 89498K, committed 89820K, reserved 1126400K
  class space    used 11237K, capacity 11973K, committed 12108K, reserved 1048576K
}

Deoptimization events (20 events):
Event: 17.138 Thread 0x000002f7c776d000 Uncommon trap: trap_request=0xffffffde fr.pc=0x000002f7b2a6a494 relative=0x0000000000000334
Event: 17.138 Thread 0x000002f7c776d000 Uncommon trap: reason=class_check action=maybe_recompile pc=0x000002f7b2a6a494 method=java.io.DataOutputStream.write(I)V @ 5 c2
Event: 17.138 Thread 0x000002f7c776d000 DEOPT PACKING pc=0x000002f7b2a6a494 sp=0x000000fbc1ff9e30
Event: 17.138 Thread 0x000002f7c776d000 DEOPT UNPACKING pc=0x000002f7aaeea1af sp=0x000000fbc1ff9e08 mode 2
Event: 17.138 Thread 0x000002f7c776d000 Uncommon trap: trap_request=0xffffffde fr.pc=0x000002f7b2a66020 relative=0x0000000000000b00
Event: 17.138 Thread 0x000002f7c776d000 Uncommon trap: reason=class_check action=maybe_recompile pc=0x000002f7b2a66020 method=java.io.DataOutputStream.write(I)V @ 5 c2
Event: 17.138 Thread 0x000002f7c776d000 DEOPT PACKING pc=0x000002f7b2a66020 sp=0x000000fbc1ff9e50
Event: 17.139 Thread 0x000002f7c776d000 DEOPT UNPACKING pc=0x000002f7aaeea1af sp=0x000000fbc1ff9de0 mode 2
Event: 17.632 Thread 0x000002f7c776d000 Uncommon trap: trap_request=0xffffffc6 fr.pc=0x000002f7b2afc3d8 relative=0x00000000000009d8
Event: 17.632 Thread 0x000002f7c776d000 Uncommon trap: reason=bimorphic_or_optimized_type_check action=maybe_recompile pc=0x000002f7b2afc3d8 method=java.util.WeakHashMap.eq(Ljava/lang/Object;Ljava/lang/Object;)Z @ 7 c2
Event: 17.632 Thread 0x000002f7c776d000 DEOPT PACKING pc=0x000002f7b2afc3d8 sp=0x000000fbc1ff99c0
Event: 17.632 Thread 0x000002f7c776d000 DEOPT UNPACKING pc=0x000002f7aaeea1af sp=0x000000fbc1ff9930 mode 2
Event: 17.750 Thread 0x000002f7c776d000 Uncommon trap: trap_request=0xffffff4d fr.pc=0x000002f7b2d54734 relative=0x0000000000000474
Event: 17.750 Thread 0x000002f7c776d000 Uncommon trap: reason=unstable_if action=reinterpret pc=0x000002f7b2d54734 method=java.io.ObjectOutputStream$BlockDataOutputStream.writeBytes(Ljava/lang/String;)V @ 22 c2
Event: 17.750 Thread 0x000002f7c776d000 DEOPT PACKING pc=0x000002f7b2d54734 sp=0x000000fbc1ffa030
Event: 17.750 Thread 0x000002f7c776d000 DEOPT UNPACKING pc=0x000002f7aaeea1af sp=0x000000fbc1ff9fb8 mode 2
Event: 17.871 Thread 0x000002f7c6f02800 Uncommon trap: trap_request=0xffffffde fr.pc=0x000002f7b2c9347c relative=0x00000000000000bc
Event: 17.871 Thread 0x000002f7c6f02800 Uncommon trap: reason=class_check action=maybe_recompile pc=0x000002f7b2c9347c method=java.lang.ThreadLocal.set(Ljava/lang/Object;)V @ 26 c2
Event: 17.871 Thread 0x000002f7c6f02800 DEOPT PACKING pc=0x000002f7b2c9347c sp=0x000000fbc28fd6f0
Event: 17.871 Thread 0x000002f7c6f02800 DEOPT UNPACKING pc=0x000002f7aaeea1af sp=0x000000fbc28fd680 mode 2

Classes redefined (0 events):
No events

Internal exceptions (20 events):
Event: 17.297 Thread 0x000002f7c776d000 Exception <a 'java/lang/NoSuchMethodError'{0x000000008b11b4a0}: <clinit>> (0x000000008b11b4a0) thrown at [./src/hotspot/share/prims/jni.cpp, line 1365]
Event: 17.298 Thread 0x000002f7c776d000 Exception <a 'java/lang/NoSuchMethodError'{0x000000008b12d268}: <clinit>> (0x000000008b12d268) thrown at [./src/hotspot/share/prims/jni.cpp, line 1365]
Event: 17.311 Thread 0x000002f7c776d000 Exception <a 'java/lang/NoSuchMethodError'{0x000000008b1d52f0}: 'java.lang.Object java.lang.invoke.DirectMethodHandle$Holder.invokeSpecial(java.lang.Object, java.lang.Object, int, int, java.lang.Object, int, java.lang.Object, java.lang.Object)'> (0x000000008b1d52f0) thrown at [./src/hotspot/share/interpreter/linkResolver.cpp, line 773]
Event: 17.311 Thread 0x000002f7c776d000 Exception <a 'java/lang/NoSuchMethodError'{0x000000008b1d93d0}: 'java.lang.Object java.lang.invoke.DelegatingMethodHandle$Holder.reinvoke_L(java.lang.Object, int, int, java.lang.Object, int, java.lang.Object, java.lang.Object)'> (0x000000008b1d93d0) thrown at [./src/hotspot/share/interpreter/linkResolver.cpp, line 773]
Event: 17.313 Thread 0x000002f7c776d000 Exception <a 'java/lang/NoSuchMethodError'{0x000000008b0055e8}: 'java.lang.Object java.lang.invoke.DirectMethodHandle$Holder.invokeStatic(java.lang.Object, java.lang.Object, java.lang.Object, java.lang.Object, java.lang.Object, java.lang.Object, java.lang.Object, java.lang.Object, int)'> (0x000000008b0055e8) thrown at [./src/hotspot/share/interpreter/linkResolver.cpp, line 773]
Event: 17.315 Thread 0x000002f7c776d000 Exception <a 'java/lang/NoSuchMethodError'{0x000000008b0205e0}: 'java.lang.Object java.lang.invoke.DirectMethodHandle$Holder.invokeStatic(java.lang.Object, java.lang.Object, java.lang.Object, java.lang.Object, java.lang.Object, java.lang.Object, java.lang.Object, java.lang.Object, int, int)'> (0x000000008b0205e0) thrown at [./src/hotspot/share/interpreter/linkResolver.cpp, line 773]
Event: 17.316 Thread 0x000002f7c776d000 Exception <a 'java/lang/NoSuchMethodError'{0x000000008b03c2e8}: 'java.lang.Object java.lang.invoke.DirectMethodHandle$Holder.invokeStatic(java.lang.Object, java.lang.Object, java.lang.Object, java.lang.Object, java.lang.Object, java.lang.Object, java.lang.Object, java.lang.Object, int, int, java.lang.Object)'> (0x000000008b03c2e8) thrown at [./src/hotspot/share/interpreter/linkResolver.cpp, line 773]
Event: 17.318 Thread 0x000002f7c776d000 Exception <a 'java/lang/NoSuchMethodError'{0x000000008b0595b8}: 'java.lang.Object java.lang.invoke.DirectMethodHandle$Holder.invokeStatic(java.lang.Object, java.lang.Object, java.lang.Object, java.lang.Object, java.lang.Object, java.lang.Object, java.lang.Object, java.lang.Object, int, int, java.lang.Object, java.lang.Object)'> (0x000000008b0595b8) thrown at [./src/hotspot/share/interpreter/linkResolver.cpp, line 773]
Event: 17.640 Thread 0x000002f7c776d000 Exception <a 'java/lang/NoSuchMethodError'{0x000000008b08bef8}: <clinit>> (0x000000008b08bef8) thrown at [./src/hotspot/share/prims/jni.cpp, line 1365]
Event: 17.644 Thread 0x000002f7c776d000 Exception <a 'java/lang/NoSuchMethodError'{0x000000008b0b8f00}: <clinit>> (0x000000008b0b8f00) thrown at [./src/hotspot/share/prims/jni.cpp, line 1365]
Event: 17.667 Thread 0x000002f7c6efd000 Exception <a 'java/lang/InterruptedException'{0x000000008af02e20}> (0x000000008af02e20) thrown at [./src/hotspot/share/runtime/objectMonitor.cpp, line 1635]
Event: 17.668 Thread 0x000002f7c6efd000 Exception <a 'java/lang/NoSuchMethodError'{0x000000008af0ac28}: 'java.lang.Object java.lang.invoke.DirectMethodHandle$Holder.invokeStatic(java.lang.Object, java.lang.Object, int, java.lang.Object, long)'> (0x000000008af0ac28) thrown at [./src/hotspot/share/interpreter/linkResolver.cpp, line 773]
Event: 17.712 Thread 0x000002f7c776d000 Exception <a 'java/lang/NoSuchMethodError'{0x000000008af21830}: <clinit>> (0x000000008af21830) thrown at [./src/hotspot/share/prims/jni.cpp, line 1365]
Event: 17.713 Thread 0x000002f7c776d000 Exception <a 'java/lang/NoSuchMethodError'{0x000000008af31a18}: <clinit>> (0x000000008af31a18) thrown at [./src/hotspot/share/prims/jni.cpp, line 1365]
Event: 17.714 Thread 0x000002f7c776d000 Exception <a 'java/lang/NoSuchMethodError'{0x000000008af41d58}: <clinit>> (0x000000008af41d58) thrown at [./src/hotspot/share/prims/jni.cpp, line 1365]
Event: 17.721 Thread 0x000002f7c776d000 Exception <a 'java/lang/NoSuchMethodError'{0x000000008af90908}: <clinit>> (0x000000008af90908) thrown at [./src/hotspot/share/prims/jni.cpp, line 1365]
Event: 17.754 Thread 0x000002f7c776d000 Exception <a 'java/lang/NoSuchMethodError'{0x000000008ad14860}: <clinit>> (0x000000008ad14860) thrown at [./src/hotspot/share/prims/jni.cpp, line 1365]
Event: 17.864 Thread 0x000002f7c6f02800 Exception <a 'java/lang/NoSuchMethodError'{0x000000008acc32e0}: 'java.lang.Object java.lang.invoke.DirectMethodHandle$Holder.invokeStatic(java.lang.Object, java.lang.Object, java.lang.Object, java.lang.Object, java.lang.Object, java.lang.Object, java.lang.Object, java.lang.Object, java.lang.Object, java.lang.Object, java.lang.Object, java.lang.Object, java.lang.Object, int)'> (0x000000008acc32e0) thrown at [./src/hotspot/share/interpreter/linkResolver.cpp, line 773]
Event: 17.867 Thread 0x000002f7c6f02800 Exception <a 'java/lang/NoSuchMethodError'{0x000000008accfd60}: 'java.lang.Object java.lang.invoke.DirectMethodHandle$Holder.invokeStatic(java.lang.Object, java.lang.Object, java.lang.Object, java.lang.Object, java.lang.Object, java.lang.Object, java.lang.Object, java.lang.Object, java.lang.Object, java.lang.Object, java.lang.Object, java.lang.Object, java.lang.Object, int, int)'> (0x000000008accfd60) thrown at [./src/hotspot/share/interpreter/linkResolver.cpp, line 773]
Event: 17.870 Thread 0x000002f7c6f02800 Exception <a 'java/lang/NoSuchMethodError'{0x000000008ace9450}: 'java.lang.Object java.lang.invoke.DelegatingMethodHandle$Holder.reinvoke_L(java.lang.Object, int, java.lang.Object)'> (0x000000008ace9450) thrown at [./src/hotspot/share/interpreter/linkResolver.cpp, line 773]

Events (20 events):
Event: 17.868 loading class java/lang/invoke/BoundMethodHandle$Species_LLLLLLLLLLIIL
Event: 17.868 loading class java/lang/invoke/BoundMethodHandle$Species_LLLLLLLLLLIIL done
Event: 17.870 Executing VM operation: RevokeBias
Event: 17.870 Executing VM operation: RevokeBias done
Event: 17.870 Executing VM operation: RevokeBias
Event: 17.870 Executing VM operation: RevokeBias done
Event: 17.871 Executing VM operation: RevokeBias
Event: 17.871 Executing VM operation: RevokeBias done
Event: 17.871 Executing VM operation: RevokeBias
Event: 17.871 Executing VM operation: RevokeBias done
Event: 17.873 Executing VM operation: RevokeBias
Event: 17.874 Executing VM operation: RevokeBias done
Event: 17.874 loading class sun/rmi/transport/Transport$1
Event: 17.874 loading class sun/rmi/transport/Transport$1 done
Event: 17.875 loading class sun/rmi/transport/DGCImpl$LeaseInfo
Event: 17.876 loading class sun/rmi/transport/DGCImpl$LeaseInfo done
Event: 17.876 loading class sun/rmi/transport/DGCImpl$1
Event: 17.876 loading class sun/rmi/transport/DGCImpl$1 done
Event: 17.876 loading class sun/rmi/transport/SequenceEntry
Event: 17.876 loading class sun/rmi/transport/SequenceEntry done


Dynamic libraries:
0x00007ff732170000 - 0x00007ff73217d000 	C:\Users\Monica S\.jdks\azul-11.0.12\bin\java.exe
0x00007ffb07900000 - 0x00007ffb07b09000 	C:\WINDOWS\SYSTEM32\ntdll.dll
0x00007ffb06d40000 - 0x00007ffb06dfd000 	C:\WINDOWS\System32\KERNEL32.DLL
0x00007ffb05110000 - 0x00007ffb05484000 	C:\WINDOWS\System32\KERNELBASE.dll
0x00007ffb05680000 - 0x00007ffb05791000 	C:\WINDOWS\System32\ucrtbase.dll
0x00007ffae0040000 - 0x00007ffae0055000 	C:\Users\Monica S\.jdks\azul-11.0.12\bin\VCRUNTIME140.dll
0x00007ffaf0830000 - 0x00007ffaf0847000 	C:\Users\Monica S\.jdks\azul-11.0.12\bin\jli.dll
0x00007ffb06f00000 - 0x00007ffb070ac000 	C:\WINDOWS\System32\USER32.dll
0x00007ffb05490000 - 0x00007ffb054b6000 	C:\WINDOWS\System32\win32u.dll
0x00007ffaeef60000 - 0x00007ffaef205000 	C:\WINDOWS\WinSxS\amd64_microsoft.windows.common-controls_6595b64144ccf1df_6.0.22000.120_none_9d947278b86cc467\COMCTL32.dll
0x00007ffb07420000 - 0x00007ffb07449000 	C:\WINDOWS\System32\GDI32.dll
0x00007ffb07370000 - 0x00007ffb07413000 	C:\WINDOWS\System32\msvcrt.dll
0x00007ffb054c0000 - 0x00007ffb055d2000 	C:\WINDOWS\System32\gdi32full.dll
0x00007ffb055e0000 - 0x00007ffb0567d000 	C:\WINDOWS\System32\msvcp_win.dll
0x00007ffb070c0000 - 0x00007ffb070f1000 	C:\WINDOWS\System32\IMM32.DLL
0x00007ffac3010000 - 0x00007ffac30ab000 	C:\Users\Monica S\.jdks\azul-11.0.12\bin\msvcp140.dll
0x00007ffaaa560000 - 0x00007ffaab0c4000 	C:\Users\Monica S\.jdks\azul-11.0.12\bin\server\jvm.dll
0x00007ffb07100000 - 0x00007ffb071ae000 	C:\WINDOWS\System32\ADVAPI32.dll
0x00007ffb06ae0000 - 0x00007ffb06b7e000 	C:\WINDOWS\System32\sechost.dll
0x00007ffb075f0000 - 0x00007ffb07710000 	C:\WINDOWS\System32\RPCRT4.dll
0x00007ffb07890000 - 0x00007ffb07898000 	C:\WINDOWS\System32\PSAPI.DLL
0x00007ffaefb20000 - 0x00007ffaefb29000 	C:\WINDOWS\SYSTEM32\WSOCK32.dll
0x00007ffaffd70000 - 0x00007ffaffda3000 	C:\WINDOWS\SYSTEM32\WINMM.dll
0x00007ffafeb60000 - 0x00007ffafeb6a000 	C:\WINDOWS\SYSTEM32\VERSION.dll
0x00007ffb06e20000 - 0x00007ffb06e8f000 	C:\WINDOWS\System32\WS2_32.dll
0x00007ffb03f70000 - 0x00007ffb03f88000 	C:\WINDOWS\SYSTEM32\kernel.appcore.dll
0x00007ffaf6880000 - 0x00007ffaf6890000 	C:\Users\Monica S\.jdks\azul-11.0.12\bin\verify.dll
0x00007ffb00bf0000 - 0x00007ffb00e11000 	C:\WINDOWS\SYSTEM32\DBGHELP.DLL
0x00007ffafe520000 - 0x00007ffafe551000 	C:\WINDOWS\SYSTEM32\dbgcore.DLL
0x00007ffb04eb0000 - 0x00007ffb04f2f000 	C:\WINDOWS\System32\bcryptPrimitives.dll
0x00007ffade2d0000 - 0x00007ffade2f8000 	C:\Users\Monica S\.jdks\azul-11.0.12\bin\java.dll
0x00007ffaf4200000 - 0x00007ffaf420a000 	C:\Users\Monica S\.jdks\azul-11.0.12\bin\jimage.dll
0x00007ffadeb50000 - 0x00007ffadeb67000 	C:\Users\Monica S\.jdks\azul-11.0.12\bin\zip.dll
0x00007ffb05c10000 - 0x00007ffb063be000 	C:\WINDOWS\System32\SHELL32.dll
0x00007ffb02f60000 - 0x00007ffb037c8000 	C:\WINDOWS\SYSTEM32\windows.storage.dll
0x00007ffb063c0000 - 0x00007ffb06738000 	C:\WINDOWS\System32\combase.dll
0x00007ffb02df0000 - 0x00007ffb02f56000 	C:\WINDOWS\SYSTEM32\wintypes.dll
0x00007ffb06750000 - 0x00007ffb0683a000 	C:\WINDOWS\System32\SHCORE.dll
0x00007ffb07310000 - 0x00007ffb0736d000 	C:\WINDOWS\System32\shlwapi.dll
0x00007ffb04d20000 - 0x00007ffb04d41000 	C:\WINDOWS\SYSTEM32\profapi.dll
0x00007ffade880000 - 0x00007ffade899000 	C:\Users\Monica S\.jdks\azul-11.0.12\bin\net.dll
0x00007ffaff6a0000 - 0x00007ffaff7ac000 	C:\WINDOWS\SYSTEM32\WINHTTP.dll
0x00007ffb04410000 - 0x00007ffb04477000 	C:\WINDOWS\system32\mswsock.dll
0x00007ffade1f0000 - 0x00007ffade202000 	C:\Users\Monica S\.jdks\azul-11.0.12\bin\nio.dll
0x00007ffaf9120000 - 0x00007ffaf9147000 	C:\Users\Monica S\.gradle\native\fdc75f09e3144964f2cf3f50f0aa648679c211496f362492102eb8c894070792\windows-amd64\native-platform.dll
0x00007ffab76b0000 - 0x00007ffab7846000 	C:\Users\Monica S\.gradle\native\12488b8bf47d2d4c9fbf2f6322a914ad602e24e48041cd04a747c6da556b65c4\windows-amd64\native-platform-file-events.dll
0x00007ffaf0480000 - 0x00007ffaf0489000 	C:\Users\Monica S\.jdks\azul-11.0.12\bin\management.dll
0x00007ffaeffc0000 - 0x00007ffaeffcb000 	C:\Users\Monica S\.jdks\azul-11.0.12\bin\management_ext.dll
0x00007ffb04660000 - 0x00007ffb04678000 	C:\WINDOWS\SYSTEM32\CRYPTSP.dll
0x00007ffb03ec0000 - 0x00007ffb03ef5000 	C:\WINDOWS\system32\rsaenh.dll
0x00007ffb04500000 - 0x00007ffb04529000 	C:\WINDOWS\SYSTEM32\USERENV.dll
0x00007ffb047d0000 - 0x00007ffb047f7000 	C:\WINDOWS\SYSTEM32\bcrypt.dll
0x00007ffb04650000 - 0x00007ffb0465c000 	C:\WINDOWS\SYSTEM32\CRYPTBASE.dll
0x00007ffb03a90000 - 0x00007ffb03abd000 	C:\WINDOWS\SYSTEM32\IPHLPAPI.DLL
0x00007ffb068d0000 - 0x00007ffb068d9000 	C:\WINDOWS\System32\NSI.dll
0x00007ffaff5d0000 - 0x00007ffaff5e9000 	C:\WINDOWS\SYSTEM32\dhcpcsvc6.DLL
0x00007ffaff9c0000 - 0x00007ffaff9de000 	C:\WINDOWS\SYSTEM32\dhcpcsvc.DLL
0x00007ffb03b00000 - 0x00007ffb03be7000 	C:\WINDOWS\SYSTEM32\DNSAPI.dll
0x00007ffb00060000 - 0x00007ffb0006c000 	C:\WINDOWS\SYSTEM32\WINNSI.DLL
0x00007ffaef2c0000 - 0x00007ffaef2c7000 	C:\Users\Monica S\.jdks\azul-11.0.12\bin\rmi.dll

dbghelp: loaded successfully - version: 4.0.5 - missing functions: none
symbol engine: initialized successfully - sym options: 0x614 - pdb path: .;C:\Users\Monica S\.jdks\azul-11.0.12\bin;C:\WINDOWS\SYSTEM32;C:\WINDOWS\WinSxS\amd64_microsoft.windows.common-controls_6595b64144ccf1df_6.0.22000.120_none_9d947278b86cc467;C:\Users\Monica S\.jdks\azul-11.0.12\bin\server;C:\Users\Monica S\.gradle\native\fdc75f09e3144964f2cf3f50f0aa648679c211496f362492102eb8c894070792\windows-amd64;C:\Users\Monica S\.gradle\native\12488b8bf47d2d4c9fbf2f6322a914ad602e24e48041cd04a747c6da556b65c4\windows-amd64

VM Arguments:
jvm_args: --add-opens=java.base/java.util=ALL-UNNAMED --add-opens=java.base/java.lang=ALL-UNNAMED --add-opens=java.base/java.lang.invoke=ALL-UNNAMED --add-opens=java.prefs/java.util.prefs=ALL-UNNAMED -Xmx2048m -Dfile.encoding=UTF-8 -Duser.country=ID -Duser.language=en -Duser.variant 
java_command: org.gradle.launcher.daemon.bootstrap.GradleDaemon 6.7.1
java_class_path (initial): C:\Users\Monica S\.gradle\wrapper\dists\gradle-6.7.1-bin\bwlcbys1h7rz3272sye1xwiv6\gradle-6.7.1\lib\gradle-launcher-6.7.1.jar
Launcher Type: SUN_STANDARD

[Global flags]
     intx CICompilerCount                          = 4                                         {product} {ergonomic}
     uint ConcGCThreads                            = 2                                         {product} {ergonomic}
     uint G1ConcRefinementThreads                  = 8                                         {product} {ergonomic}
   size_t G1HeapRegionSize                         = 1048576                                   {product} {ergonomic}
    uintx GCDrainStackTargetSize                   = 64                                        {product} {ergonomic}
   size_t InitialHeapSize                          = 132120576                                 {product} {ergonomic}
   size_t MarkStackSize                            = 4194304                                   {product} {ergonomic}
   size_t MaxHeapSize                              = 2147483648                                {product} {command line}
   size_t MaxNewSize                               = 1287651328                                {product} {ergonomic}
   size_t MinHeapDeltaBytes                        = 1048576                                   {product} {ergonomic}
    uintx NonNMethodCodeHeapSize                   = 5836300                                {pd product} {ergonomic}
    uintx NonProfiledCodeHeapSize                  = 122910970                              {pd product} {ergonomic}
    uintx ProfiledCodeHeapSize                     = 122910970                              {pd product} {ergonomic}
    uintx ReservedCodeCacheSize                    = 251658240                              {pd product} {ergonomic}
     bool SegmentedCodeCache                       = true                                      {product} {ergonomic}
     bool UseCompressedClassPointers               = true                                 {lp64_product} {ergonomic}
     bool UseCompressedOops                        = true                                 {lp64_product} {ergonomic}
     bool UseG1GC                                  = true                                      {product} {ergonomic}
     bool UseLargePagesIndividualAllocation        = false                                  {pd product} {ergonomic}

Logging:
Log output configuration:
 #0: stdout all=warning uptime,level,tags
 #1: stderr all=off uptime,level,tags

Environment Variables:
JAVA_HOME=C:\Program Files\Java\jdk1.8.0_111
PATH=C:\Program Files (x86)\Common Files\Oracle\Java\javapath;C:\ProgramData\Oracle\Java\javapath;C:\WINDOWS\system32;C:\WINDOWS;C:\WINDOWS\System32\Wbem;C:\WINDOWS\System32\WindowsPowerShell\v1.0\;C:\WINDOWS\System32\OpenSSH\;C:\Program Files\Intel\WiFi\bin\;C:\Program Files\Common Files\Intel\WirelessCommon\;C:\Program Files\NVIDIA Corporation\NVIDIA NvDLISR;C:\Program Files\Gradle\gradle-7.1.1-bin\gradle-7.1.1\bin;C:\Program Files\Java\jdk1.8.0_111\bin;C:\Users\Monica S\AppData\Local\Microsoft\WindowsApps;
USERNAME=Monica
OS=Windows_NT
PROCESSOR_IDENTIFIER=Intel64 Family 6 Model 142 Stepping 11, GenuineIntel



---------------  S Y S T E M  ---------------

OS: Windows 10 , 64 bit Build 22000 (10.0.22000.434)
OS uptime: 25 days 7:29 hours

CPU:total 8 (initial active 8) (4 cores per cpu, 2 threads per core) family 6 model 142 stepping 11 microcode 0xde, cmov, cx8, fxsr, mmx, sse, sse2, sse3, ssse3, sse4.1, sse4.2, popcnt, avx, avx2, aes, clmul, erms, 3dnowpref, lzcnt, ht, tsc, tscinvbit, bmi1, bmi2, adx, fma

Memory: 4k page, system-wide physical 8043M (234M free)
TotalPageFile size 29150M (AvailPageFile size 0M)
current process WorkingSet (physical memory assigned to process): 281M, peak: 415M
current process commit charge ("private bytes"): 445M, peak: 465M

vm_info: OpenJDK 64-Bit Server VM (11.0.12+7-LTS) for windows-amd64 JRE (Zulu11.50+19-CA) (11.0.12+7-LTS), built on Jul 12 2021 10:57:42 by "zulu_re" with MS VC++ 15.9 (VS2017)

END.
